10 [140362170193728] INFO perfrun.launcher <> - argc = 6; cmdline = /opt/intel/vtune_amplifier_2018.2.0.551022/bin64/amplxe-runss -dump-vdso -r /home/rdangnhu/Stage3A/precise-parallel-fp/capps/Precise-parallel-fp/r002hs --tmp-dir /tmp/amplxe-tmp-rdangnhu 
42 [140362170193728] INFO perfrun.launcher <> - plugin system has been added successfully
42 [140362170193728] INFO perfrun.launcher <> - plugin itt has been added successfully
42 [140362170193728] INFO perfrun.launcher <> - plugin ptracecollector has been added successfully
42 [140362170193728] INFO perfrun.launcher <> - plugin gpu has been added successfully
42 [140362170193728] INFO perfrun.launcher <> - plugin  has been added successfully
42 [140362170193728] INFO perfrun.launcher <> - plugin  has been added successfully
42 [140362170193728] INFO perfrun.launcher <> - plugin  has been added successfully
42 [140362170193728] INFO perfrun.launcher <> - plugin mrte has been added successfully
42 [140362170193728] INFO perfrun.launcher <> - plugin emon has been added successfully
42 [140362170193728] INFO perfrun.launcher <> - plugin stdsrc has been added successfully
42 [140362170193728] INFO perfrun.launcher <> - plugin sep has been added successfully
42 [140362170193728] INFO perfrun.launcher <> - plugin vtsspp has been added successfully
42 [140362170193728] INFO perfrun.sdk <> - Reading value (3) from file: /proc/sys/kernel/perf_event_paranoid
42 [140362170193728] INFO perfrun.launcher <> - plugin perf has been added successfully
42 [140362170193728] INFO perfrun.launcher <> - plugin tpss has been added successfully
42 [140362170193728] INFO perfrun.launcher <> - plugin cuscol has been added successfully
42 [140362170193728] INFO perfrun.launcher <> - plugin exprof has been added successfully
43 [140362170193728] INFO perfrun.launcher <> - plugin dpdk has been added successfully
43 [140362170193728] INFO perfrun.launcher <> - plugin media has been added successfully
43 [140362170193728] INFO perfrun.launcher <> - plugin commcollector has been added successfully
43 [140362170193728] INFO perfrun.launcher <> - plugin cve has been added successfully
43 [140362170193728] INFO perfrun.launcher <> - the option was added --interval: Specify an interval of data collection (for example, sampling) in milliseconds.
43 [140362170193728] INFO perfrun.launcher <> - the option was added --follow-child: Profile process with or without children.
43 [140362170193728] INFO perfrun.launcher <> - the option was added --gelding: BADMSG: perfrun1.launcher.plugin_manager::gelding
43 [140362170193728] INFO perfrun.launcher <> - the option was added --time-source: Specify time source for measurement. Possible values: sys - wall clock time; tsc - time stamp counter; ext - time from an external source; auto - auto select accurate time source.
43 [140362170193728] INFO perfrun.launcher <> - the option was added --stack: Enable or disable collection of stacks.
43 [140362170193728] INFO perfrun.launcher <> - the option was added --stack-stitching: Enable or disable the stack stitching algorithm for Intel TBB-based applications.
43 [140362170193728] INFO perfrun.launcher <> - the option was added --type: Specify type of data to be collected. For example, --type cpu:counters,waiting:nostack,io.
43 [140362170193728] INFO perfrun.launcher <> - the option was added --mrte-mode: Specify Java/.NET/other managed runtime collection mode. Possible values: native - collect information only for native code; managed - collect information only for managed code; mixed - collect information for both managed and native code; auto - choose the mode based on binary type.
43 [140362170193728] INFO perfrun.launcher <> - the option was added --mrte-mode-list: List supported Java/.NET/other managed runtime collection modes.
43 [140362170193728] INFO perfrun.launcher <> - the option was added --mrte-type: Specify which managed runtimes to collect. Possible values: java - collect information for Java; dotnet - collect information for .NET; python - collect information for CPython. You can specify several values separated by comma.
43 [140362170193728] INFO perfrun.launcher <> - the option was added --mrte-type-list: List supported Java/.NET/other managed runtime types.
43 [140362170193728] INFO perfrun.launcher <> - the option was added --trace-strategy: Specify how to profile a process tree. <string> can be "<process>:trace:notrace" - profile the process but do not profile its children. Shorthand parameters: t - trace, nt - notrace. For example, "vtunedemo.exe:t:t".
43 [140362170193728] INFO perfrun.launcher <> - the option was added --collector: BADMSG: perfrun1.launcher.plugin_manager::collector
43 [140362170193728] INFO perfrun.launcher <> - the option was added --system-wide: Enable system-wide profiling. This mode may require additional permissions.
43 [140362170193728] INFO perfrun.launcher <> - the option was added --kvm-guest: Enable KVM guest OS profiling.
43 [140362170193728] INFO perfrun.launcher <> - the option was added --kvm-guest-kallsyms: Specify a local path to the /proc/kallsyms file copied from the guest OS for proper symbol resolution.
43 [140362170193728] INFO perfrun.launcher <> - the option was added --kvm-guest-modules: Specify a local path to the /proc/modules file copied from the guest OS for proper symbol resolution.
43 [140362170193728] INFO perfrun.launcher <> - the option was added --target-system: BADMSG: perfrun1.launcher.plugin_manager::target-system
43 [140362170193728] INFO perfrun.launcher <> - the option was added --dump-vdso: Dump [vdso] to result directory
43 [140362170193728] INFO perfrun.launcher <> - the option was added --bandwidth-limits: Measure bandwidth limits
43 [140362170193728] INFO perfrun.launcher <> - the option was added --bandwidth-strategy: Bandwidth limits determination specific properties (example: --bandwidth-strategy array-size=0,duration=500).
43 [140362170193728] INFO perfrun.launcher <> - the option was added --bandwidth-config: List of benchmarks to run.
43 [140362170193728] INFO perfrun.launcher <> - the option was added --system-collector-config: Specify subcollectors. Possible values: all, vdso, container, device-info, none.
43 [140362170193728] INFO perfrun.launcher <> - the option was added --itt-config: Specify a sub-set of ITT API to collect.
43 [140362170193728] INFO perfrun.launcher <> - the option was added --itt-debug: Set pseudo-breakpoint at ITT API collector's start to enable the debugger to attach early.
44 [140362170193728] INFO perfrun.launcher <> - the option was added --itt-ring-buffer-multiplier: The size of internal ITT API collector ring buffer, in bytes per second
44 [140362170193728] INFO perfrun.launcher <> - the option was added --ptrace: Ptrace collector.
44 [140362170193728] INFO perfrun.launcher <> - the option was added --target-pid: BADMSG: perfrun1.ptracecollector::target-pid
44 [140362170193728] INFO perfrun.launcher <> - the option was added --ptrace-server-pid: BADMSG: perfrun1.ptracecollector::ptrace-server-pid
44 [140362170193728] INFO perfrun.launcher <> - the option was added --ptrace-trace: BADMSG: perfrun1.ptracecollector::ptrace-trace
44 [140362170193728] INFO perfrun.launcher <> - the option was added --ptrace-time-source: BADMSG: perfrun1.ptracecollector::ptrace-time-source
44 [140362170193728] INFO perfrun.launcher <> - the option was added --ptrace-start-type: BADMSG: perfrun1.ptracecollector::ptrace-start-type
44 [140362170193728] INFO perfrun.launcher <> - the option was added --gpu-config: Specify types of GPU data to be collected. Possible values: preset1, preset2.
44 [140362170193728] INFO perfrun.launcher <> - the option was added --gpu-debug: Enable self-testing of the GPGPU profiling collector.
44 [140362170193728] INFO perfrun.launcher <> - the option was added --stdsrc-config: Specify Standard Sources category tag(s).
44 [140362170193728] INFO perfrun.launcher <> - the option was added --ftrace-config-list: List Linux Ftrace category tag(s).
44 [140362170193728] INFO perfrun.launcher <> - the option was added --ftrace-config: Specify Linux Ftrace category tag(s).
44 [140362170193728] INFO perfrun.launcher <> - the option was added --ftrace-function-groups: Enable tracing of specific groups of functions.
44 [140362170193728] INFO perfrun.launcher <> - the option was added --event-info: BADMSG: perfrun1.stdsrc::event-info
44 [140362170193728] INFO perfrun.launcher <> - the option was added --cpu-list: List supported CPUs.
44 [140362170193728] INFO perfrun.launcher <> - the option was added --target-list: List available targets for performing sampling collection.
44 [140362170193728] INFO perfrun.launcher <> - the option was added --event-value-list: Display event information.
44 [140362170193728] INFO perfrun.launcher <> - the option was added --platform-value-list: Display details of supported platforms.
44 [140362170193728] INFO perfrun.launcher <> - the option was added --uncore-event-list: List uncore events for which a sampling data collection can be performed on this platform.
44 [140362170193728] INFO perfrun.launcher <> - the option was added --modifier-list: Specify the event name <string> for which the modifiers list is requested.
44 [140362170193728] INFO perfrun.launcher <> - the option was added --pmu-list: List supported PMUs.
44 [140362170193728] INFO perfrun.launcher <> - the option was added --os-mode-only: Enable sampling data collection for OS-mode processes only.
44 [140362170193728] INFO perfrun.launcher <> - the option was added --user-mode-only: Enable sampling data collection for user-mode processes only.
44 [140362170193728] INFO perfrun.launcher <> - the option was added --event-config: Perform data collection for the events with <string> configured using the format <event name1>":modifier1=val:modifier2=val/constraint1={:modifier3=val:modifier4=val}...,"<event name2>":... Specify the events(s) to monitor and embed the event names within double quotes("). [:modifier=val] specifies individual event modifiers along with the respective values for a given platform. Note that the modifiers can be generic to an event as well as specific to a constraint (or an event qualifier). The constraint specific special modifiers appear after [/constraint=]. The modifiers can be in decimal or hexadecimal format. Only specific modifiers accept the value as a string. Each event specification is delimited by a comma (,). For a list of supported modifiers and constraints, refer to the documentation.
44 [140362170193728] INFO perfrun.launcher <> - the option was added --chipset-event-config: BADMSG: perfrun1.sep::chipset-event-config
44 [140362170193728] INFO perfrun.launcher <> - the option was added --uncore-event-config: Perform uncore data collection in ebc count mode for the events with <string> configured using the format "<event name1>"...,"<event name2>":... Specify the events(s) to monitor and embed the event names within double quotes(").
44 [140362170193728] INFO perfrun.launcher <> - the option was added --count-emon: Enable counting mode and output the data in EMON format.
44 [140362170193728] INFO perfrun.launcher <> - the option was added --event-based-counts: Enable event-based counting mode. During sampling data collection, event counts data is collected for the list of events specified in -event-config option.
44 [140362170193728] INFO perfrun.launcher <> - the option was added --event-mux-tfactor: Specify the event multiplexing tfactor as <integer> to set the length of the interval between interrupts. The larger the tfactor value, the larger the period between interrupts. Currently this option is only available on Intel platforms codenamed Knights Corner.
44 [140362170193728] INFO perfrun.launcher <> - the option was added --full-pebs-capture: Capture full pebs information.
44 [140362170193728] INFO perfrun.launcher <> - the option was added --last-branch-records: Capture Last Branch Records information.
44 [140362170193728] INFO perfrun.launcher <> - the option was added --pmu-type: Specify the targeted PMU name as <string>.
44 [140362170193728] INFO perfrun.launcher <> - the option was added --platform-type: Specify the targeted platform number as <number>.
44 [140362170193728] INFO perfrun.launcher <> - the option was added --bts-count: Specify the <integer> number of BTS records collected after each sample or context switch (VTSS++ only).
44 [140362170193728] INFO perfrun.launcher <> - the option was added --cpu-mask: Specify which CPU(s) <string> to collect data on. For example, specify "2-8,10,12-14" to sample only CPUs 2 through 8, 10, and 12 through 14.
44 [140362170193728] INFO perfrun.launcher <> - the option was added --event-mux-alg: Specify the event multiplexing algorithm. Possible values: sequence, timer, trigger.
44 [140362170193728] INFO perfrun.launcher <> - the option was added --event-mux-timeslice: Specify the event multiplexing time slice value as <integer>. The time slice specifies the duration between cycles for each event multiplexing group. The default value is 50 milliseconds. This option is valid only for timer-based event multiplexing. Specify the event multiplexing time slice value as <integer>. The time slice specifies the duration between cycles for each event multiplexing group. The default value is 1 millisecond. This option is valid only for timer-based event multiplexing.
44 [140362170193728] INFO perfrun.launcher <> - the option was added --event-mux-factor: Specify the event multiplexing factor as <integer>. It controls the switching of event multiplexing groups. The default factor is 50. This option is valid only for trigger-based event multiplexing. Specify the event multiplexing factor as <integer>. It controls the switching of event multiplexing groups. The default factor is 1. This option is valid only for trigger-based event multiplexing.
44 [140362170193728] INFO perfrun.launcher <> - the option was added --event-mux-trigger: Specify the name of the trigger event for event multiplexing as <string>. This option is valid only for trigger-based event multiplexing. The default trigger is CPU_CLK_UNHALTED.CORE (or CPU_CLK_UNHALTED.THREAD). BADMSG: perfrun1.vtsspp::event-mux-trigger
44 [140362170193728] INFO perfrun.launcher <> - the option was added --pwr-config: BADMSG: perfrun1.vtsspp::pwr-config
44 [140362170193728] INFO perfrun.launcher <> - the option was added --sys-config: BADMSG: perfrun1.vtsspp::sys-config
45 [140362170193728] INFO perfrun.launcher <> - the option was added --pt-mode: BADMSG: perfrun1.vtsspp::pt-mode
45 [140362170193728] INFO perfrun.launcher <> - the option was added --sample-after-multiplier: Specify the sample after multiplier as <double>. This multiplier modifies the sample after value for all the events specified in -event-config option. The values can range from 0.1 to 100.0. SAV multiplier value
45 [140362170193728] INFO perfrun.launcher <> - the option was added --uncore-sampling-interval: Specify the uncore sampling interval as <integer>. This value set the uncore sampling interval for all the uncore events specified in -event-config option.
45 [140362170193728] INFO perfrun.launcher <> - the option was added --count: Enable counting mode. Enable counting mode
45 [140362170193728] INFO perfrun.launcher <> - the option was added --trace-mpi: Configure collector to trace MPI code.
45 [140362170193728] INFO perfrun.launcher <> - the option was added --raw-perf-config: Specify a verified configuration for the Perf collector in the format: <describer>,<content>. For example: map-events-file,<path_to_map_events_file>.
45 [140362170193728] INFO perfrun.launcher <> - the option was added --stackwalk: Specify stack unwinding method. Possible values: online - unwind stacks during collection; offline - unwind stacks after collection is finished. Specify stack unwinding method. Possible value: lbr - unwind stacks during collection. Specify stack unwinding method. Possible values: online - unwind stacks during collection; offline - unwind stacks after collection is finished; lbr - enable LBR-based call stack collection. Specify stack unwinding method. Possible values: online - unwind stacks during collection; offline - unwind stacks after collection is finished. Specify stack unwinding method. Possible values: online - unwind stacks during collection; offline - unwind stacks after collection is finished.
45 [140362170193728] INFO perfrun.launcher <> - the option was added --filter-include: Filter data during collection. Possible values: contended=<on|off> - filter out uncontended events; contended_nostack=<time> - filter out stacks for contended events that take less than <time> microseconds; wait=<time> - ignore transitions and blocks with wait time less than <time> microseconds; wait_nostack=<time> - filter out stacks for waits that take less than <time> microseconds.
45 [140362170193728] INFO perfrun.launcher <> - the option was added --debug-pin: Debug PIN tool and runtime.
45 [140362170193728] INFO perfrun.launcher <> - the option was added --debug-exception: Disallow the application to set own abnormal termination handler.
45 [140362170193728] INFO perfrun.launcher <> - the option was added --trace-type: Specify the trace file granularity. Possible values: per-thread - per-thread trace file generation; per-process - per-process trace file generation.
45 [140362170193728] INFO perfrun.launcher <> - the option was added --instrumentation-type: Specify type of instrumentation.
45 [140362170193728] INFO perfrun.launcher <> - the option was added --altstack: Enable or disable usage of altstacks for profiling signal handlers.
45 [140362170193728] INFO perfrun.launcher <> - the option was added --profiling-signal: BADMSG: perfrun1.ptracecollector::profiling-signal Alternate profiling signal.
45 [140362170193728] INFO perfrun.launcher <> - the option was added --memory-strategy: Specify a minimal memory object size to be traced and a hash table size for faster objects search; for example: --memory-strategy obj-size-min=1024,hash-table-size=4096.
45 [140362170193728] INFO perfrun.launcher <> - the option was added --gpu-profiling-config: Specify a type of deep GPU profiling applied for all kernels and a comma-separated list of GPU kernel names and invocations in the following format: profiling_type[@kernel_name[:start_idx:step:stop_idx]], where profiling_type is one of following: none, bblatency, memlatency; kernel_name is the name of GPU kernel; start_idx is the number of the first invocation; and stop_idx is the number of the last invocation to be profiled.
45 [140362170193728] INFO perfrun.launcher <> - the option was added --custom-collector: Allows to provide arbitrary command line to be run on collection steps.
45 [140362170193728] INFO perfrun.launcher <> - the option was added --exprof-com-list: List available COM ports.
45 [140362170193728] INFO perfrun.launcher <> - the option was added --exprof-dvc-list: List available DvC IDs.
45 [140362170193728] INFO perfrun.launcher <> - the option was added --exprof-trace-channel: BADMSG: perfrun1.exprof::exprof-trace-channel
45 [140362170193728] INFO perfrun.launcher <> - the option was added --exprof-event-config: Specify ExactProfiling Event Classes.
45 [140362170193728] INFO perfrun.launcher <> - the option was added --analyze-dpdk: analyze-dpdk
45 [140362170193728] INFO perfrun.launcher <> - the option was added --network-sampling-interval: network-sampling-interval
45 [140362170193728] INFO perfrun.launcher <> - the option was added --dpdk-file-prefix: dpdk-file-prefix
46 [140362170193728] INFO perfrun.launcher <> - create msngr2::ICliToolContext
46 [140362170193728] INFO perfrun.launcher <> - create file finder object
47 [140362051933952] INFO perfrun.system <> - dumping [vdso] pseudomodule
48 [140362051933952] INFO perfrun.launcher <> - plugin [itt] was disabled because it doesn't support the given collection type.
48 [140362051933952] INFO perfrun.launcher <> - plugin [ptracecollector] was disabled because it doesn't support the given collection type.
48 [140362051933952] INFO perfrun.launcher <> - plugin [gpu] was disabled because it doesn't support the given collection type.
48 [140362051933952] INFO perfrun.launcher <> - plugin [] was disabled because it doesn't support the given collection type.
48 [140362051933952] INFO perfrun.launcher <> - plugin [] was disabled because it doesn't support the given collection type.
48 [140362051933952] INFO perfrun.launcher <> - plugin [] was disabled because it doesn't support the given collection type.
48 [140362051933952] INFO perfrun.launcher <> - plugin [mrte] was disabled because it doesn't support the given collection type.
48 [140362051933952] INFO perfrun.launcher <> - plugin [emon] was disabled because it doesn't support the given collection type.
48 [140362051933952] INFO perfrun.launcher <> - plugin [stdsrc] was disabled because it doesn't support the given collection type.
48 [140362051933952] INFO perfrun.launcher <> - plugin [sep] was disabled because it doesn't support the given collection type.
48 [140362051933952] INFO perfrun.launcher <> - plugin [vtsspp] was disabled because it doesn't support the given collection type.
48 [140362051933952] INFO perfrun.launcher <> - plugin [perf] was disabled because it doesn't support the given collection type.
48 [140362051933952] INFO perfrun.launcher <> - plugin [tpss] was disabled because it doesn't support the given collection type.
48 [140362051933952] INFO perfrun.launcher <> - plugin [cuscol] was disabled because it doesn't support the given collection type.
48 [140362051933952] INFO perfrun.launcher <> - plugin [exprof] was disabled because it doesn't support the given collection type.
48 [140362051933952] INFO perfrun.launcher <> - plugin [dpdk] was disabled because it doesn't support the given collection type.
48 [140362051933952] INFO perfrun.launcher <> - plugin [media] was disabled because it doesn't support the given collection type.
48 [140362051933952] INFO perfrun.commcollector <> - Disabling commcollector because integrity connection type is not used
48 [140362051933952] INFO perfrun.launcher <> - plugin [commcollector] was disabled because it doesn't support the given collection type.
48 [140362051933952] INFO perfrun.launcher <> - plugin [cve] was disabled because it doesn't support the given collection type.
48 [140362170193728] INFO perfrun.launcher <> - Application exit code: 0
48 [140362170193728] INFO perfrun.launcher <> - Exit code: 0
