
32298 : 0x31797772bfb0 : 1 : spill_jit_data :  Jit agent is not initialized
32298 : 0x317977764a72 : 2 : ittapi_config_mask_get :  --itt-config mask to be applied: 1
32298 : 0x31797776cc90 : 2 : ittapi_config_apply_per_lib :  ITTAPI function instrumented: __itt_domain_create
32298 : 0x31797776ee2c : 2 : ittapi_config_apply_per_lib :  ITTAPI function instrumented: __itt_string_handle_create
32298 : 0x317977771118 : 2 : ittapi_config_apply_per_lib :  ITTAPI function instrumented: __itt_pause
32298 : 0x317977772d4a : 2 : ittapi_config_apply_per_lib :  ITTAPI function instrumented: __itt_resume
32298 : 0x3179777749b4 : 2 : ittapi_config_apply_per_lib :  ITTAPI function instrumented: __itt_thread_set_name
32298 : 0x3179777764fe : 2 : ittapi_config_apply_per_lib :  ITTAPI function instrumented: __itt_thread_ignore
32298 : 0x317977777fc6 : 2 : ittapi_config_apply_per_lib :  ITTAPI function instrumented: __itt_thr_name_set
32298 : 0x31797777974e : 2 : ittapi_config_apply_per_lib :  ITTAPI function instrumented: __itt_thr_ignore
32298 : 0x3179777a3a60 : 2 : ittapi_config_apply_per_lib :  ITTAPI function not implemented: __itt_enable_attach
32298 : 0x3179777a5d2a : 2 : ittapi_config_apply_per_lib :  ITTAPI function NOT instrumented (not matched by --itt-config option): __itt_sync_create

32298 : 0x3179777a7237 : 2 : ittapi_config_apply_per_lib :  ITTAPI function NOT instrumented (not matched by --itt-config option): __itt_sync_rename

32298 : 0x3179777a82b4 : 2 : ittapi_config_apply_per_lib :  ITTAPI function NOT instrumented (not matched by --itt-config option): __itt_sync_destroy

32298 : 0x3179777a92be : 2 : ittapi_config_apply_per_lib :  ITTAPI function NOT instrumented (not matched by --itt-config option): __itt_sync_prepare

32298 : 0x3179777aa226 : 2 : ittapi_config_apply_per_lib :  ITTAPI function NOT instrumented (not matched by --itt-config option): __itt_sync_cancel

32298 : 0x3179777ab1f7 : 2 : ittapi_config_apply_per_lib :  ITTAPI function NOT instrumented (not matched by --itt-config option): __itt_sync_acquired

32298 : 0x3179777ac08c : 2 : ittapi_config_apply_per_lib :  ITTAPI function NOT instrumented (not matched by --itt-config option): __itt_sync_releasing

32298 : 0x3179777afba2 : 2 : ittapi_config_apply_per_lib :  ITTAPI function not implemented: __itt_suppress_push
32298 : 0x3179777b1d10 : 2 : ittapi_config_apply_per_lib :  ITTAPI function not implemented: __itt_suppress_pop
32298 : 0x3179777bc138 : 2 : ittapi_config_apply_per_lib :  ITTAPI function not implemented: __itt_suppress_mark_range
32298 : 0x3179777be416 : 2 : ittapi_config_apply_per_lib :  ITTAPI function not implemented: __itt_suppress_clear_range
32298 : 0x3179777bf456 : 2 : ittapi_config_apply_per_lib :  ITTAPI function NOT instrumented (not matched by --itt-config option): __itt_sync_prepare

32298 : 0x3179777c0345 : 2 : ittapi_config_apply_per_lib :  ITTAPI function NOT instrumented (not matched by --itt-config option): __itt_sync_cancel

32298 : 0x3179777c11df : 2 : ittapi_config_apply_per_lib :  ITTAPI function NOT instrumented (not matched by --itt-config option): __itt_sync_acquired

32298 : 0x3179777c20b5 : 2 : ittapi_config_apply_per_lib :  ITTAPI function NOT instrumented (not matched by --itt-config option): __itt_sync_releasing

32298 : 0x3179777c3ae0 : 2 : ittapi_config_apply_per_lib :  ITTAPI function not implemented: __itt_model_site_begin
32298 : 0x3179777c544c : 2 : ittapi_config_apply_per_lib :  ITTAPI function not implemented: __itt_model_site_end
32298 : 0x3179777c6ef5 : 2 : ittapi_config_apply_per_lib :  ITTAPI function not implemented: __itt_model_task_begin
32298 : 0x3179777c888e : 2 : ittapi_config_apply_per_lib :  ITTAPI function not implemented: __itt_model_task_end
32298 : 0x3179777d0085 : 2 : ittapi_config_apply_per_lib :  ITTAPI function not implemented: __itt_model_lock_acquire
32298 : 0x3179777d200a : 2 : ittapi_config_apply_per_lib :  ITTAPI function not implemented: __itt_model_lock_release
32298 : 0x3179777d382a : 2 : ittapi_config_apply_per_lib :  ITTAPI function not implemented: __itt_model_record_allocation
32298 : 0x3179777d5255 : 2 : ittapi_config_apply_per_lib :  ITTAPI function not implemented: __itt_model_record_deallocation
32298 : 0x3179777d6aed : 2 : ittapi_config_apply_per_lib :  ITTAPI function not implemented: __itt_model_induction_uses
32298 : 0x3179777d8129 : 2 : ittapi_config_apply_per_lib :  ITTAPI function not implemented: __itt_model_reduction_uses
32298 : 0x3179777d9a2b : 2 : ittapi_config_apply_per_lib :  ITTAPI function not implemented: __itt_model_observe_uses
32298 : 0x3179777db241 : 2 : ittapi_config_apply_per_lib :  ITTAPI function not implemented: __itt_model_clear_uses
32298 : 0x3179777dcd2b : 2 : ittapi_config_apply_per_lib :  ITTAPI function not implemented: __itt_model_site_beginA
32298 : 0x3179777de688 : 2 : ittapi_config_apply_per_lib :  ITTAPI function not implemented: __itt_model_site_beginAL
32298 : 0x3179777e98d1 : 2 : ittapi_config_apply_per_lib :  ITTAPI function not implemented: __itt_model_task_beginA
32298 : 0x3179777eba16 : 2 : ittapi_config_apply_per_lib :  ITTAPI function not implemented: __itt_model_task_beginAL
32298 : 0x3179777ed34b : 2 : ittapi_config_apply_per_lib :  ITTAPI function not implemented: __itt_model_iteration_taskA
32298 : 0x3179777eeb05 : 2 : ittapi_config_apply_per_lib :  ITTAPI function not implemented: __itt_model_iteration_taskAL
32298 : 0x3179777f03bc : 2 : ittapi_config_apply_per_lib :  ITTAPI function not implemented: __itt_model_site_end_2
32298 : 0x3179777f1924 : 2 : ittapi_config_apply_per_lib :  ITTAPI function not implemented: __itt_model_task_end_2
32298 : 0x3179777f32c2 : 2 : ittapi_config_apply_per_lib :  ITTAPI function not implemented: __itt_model_lock_acquire_2
32298 : 0x3179777f4c7a : 2 : ittapi_config_apply_per_lib :  ITTAPI function not implemented: __itt_model_lock_release_2
32298 : 0x3179777f63ac : 2 : ittapi_config_apply_per_lib :  ITTAPI function not implemented: __itt_model_aggregate_task
32298 : 0x3179777f7b0c : 2 : ittapi_config_apply_per_lib :  ITTAPI function not implemented: __itt_model_disable_push
32298 : 0x3179777ff44b : 2 : ittapi_config_apply_per_lib :  ITTAPI function not implemented: __itt_model_disable_pop
32298 : 0x317977801119 : 2 : ittapi_config_apply_per_lib :  ITTAPI function instrumented: __itt_heap_function_create
32298 : 0x317977802709 : 2 : ittapi_config_apply_per_lib :  ITTAPI function instrumented: __itt_heap_allocate_begin
32298 : 0x317977803ad9 : 2 : ittapi_config_apply_per_lib :  ITTAPI function instrumented: __itt_heap_allocate_end
32298 : 0x3179778050a1 : 2 : ittapi_config_apply_per_lib :  ITTAPI function instrumented: __itt_heap_free_begin
32298 : 0x3179778063c6 : 2 : ittapi_config_apply_per_lib :  ITTAPI function instrumented: __itt_heap_free_end
32298 : 0x3179778078a2 : 2 : ittapi_config_apply_per_lib :  ITTAPI function instrumented: __itt_heap_reallocate_begin
32298 : 0x317977808ce6 : 2 : ittapi_config_apply_per_lib :  ITTAPI function instrumented: __itt_heap_reallocate_end
32298 : 0x31797780a437 : 2 : ittapi_config_apply_per_lib :  ITTAPI function not implemented: __itt_heap_internal_access_begin
32298 : 0x31797780be16 : 2 : ittapi_config_apply_per_lib :  ITTAPI function not implemented: __itt_heap_internal_access_end
32298 : 0x31797781f63b : 2 : ittapi_config_apply_per_lib :  ITTAPI function not implemented: __itt_heap_record_memory_growth_begin
32298 : 0x317977821c94 : 2 : ittapi_config_apply_per_lib :  ITTAPI function not implemented: __itt_heap_record_memory_growth_end
32298 : 0x317977823bab : 2 : ittapi_config_apply_per_lib :  ITTAPI function not implemented: __itt_heap_reset_detection
32298 : 0x3179778259da : 2 : ittapi_config_apply_per_lib :  ITTAPI function not implemented: __itt_heap_record
32298 : 0x3179778275a2 : 2 : ittapi_config_apply_per_lib :  ITTAPI function not implemented: __itt_id_create
32298 : 0x31797782907e : 2 : ittapi_config_apply_per_lib :  ITTAPI function not implemented: __itt_id_destroy
32298 : 0x31797782acbf : 2 : ittapi_config_apply_per_lib :  ITTAPI function instrumented: __itt_get_timestamp
32298 : 0x31797782c680 : 2 : ittapi_config_apply_per_lib :  ITTAPI function not implemented: __itt_region_begin
32298 : 0x31797782e005 : 2 : ittapi_config_apply_per_lib :  ITTAPI function not implemented: __itt_region_end
32298 : 0x31797782f715 : 2 : ittapi_config_apply_per_lib :  ITTAPI function instrumented: __itt_frame_begin_v3
32298 : 0x31797783b137 : 2 : ittapi_config_apply_per_lib :  ITTAPI function instrumented: __itt_frame_end_v3
32298 : 0x31797783d254 : 2 : ittapi_config_apply_per_lib :  ITTAPI function instrumented: __itt_frame_submit_v3
32298 : 0x31797783e3cd : 2 : ittapi_config_apply_per_lib :  ITTAPI function NOT instrumented (not matched by --itt-config option): __itt_task_group

32298 : 0x31797783f46e : 2 : ittapi_config_apply_per_lib :  ITTAPI function NOT instrumented (not matched by --itt-config option): __itt_task_begin

32298 : 0x3179778405f6 : 2 : ittapi_config_apply_per_lib :  ITTAPI function NOT instrumented (not matched by --itt-config option): __itt_task_begin_fn

32298 : 0x31797784175a : 2 : ittapi_config_apply_per_lib :  ITTAPI function NOT instrumented (not matched by --itt-config option): __itt_task_end

32298 : 0x31797784298e : 2 : ittapi_config_apply_per_lib :  ITTAPI function NOT instrumented (not matched by --itt-config option): __itt_counter_inc_v3

32298 : 0x317977843c67 : 2 : ittapi_config_apply_per_lib :  ITTAPI function NOT instrumented (not matched by --itt-config option): __itt_counter_inc_delta_v3

32298 : 0x3179778459ff : 2 : ittapi_config_apply_per_lib :  ITTAPI function not implemented: __itt_marker
32298 : 0x3179778475db : 2 : ittapi_config_apply_per_lib :  ITTAPI function instrumented: __itt_metadata_add
32298 : 0x317977850528 : 2 : ittapi_config_apply_per_lib :  ITTAPI function not implemented: __itt_metadata_str_add
32298 : 0x317977852c73 : 2 : ittapi_config_apply_per_lib :  ITTAPI function not implemented: __itt_relation_add_to_current
32298 : 0x317977854992 : 2 : ittapi_config_apply_per_lib :  ITTAPI function not implemented: __itt_relation_add
32298 : 0x317977856252 : 2 : ittapi_config_apply_per_lib :  ITTAPI function instrumented: __itt_event_create
32298 : 0x3179778573fe : 2 : ittapi_config_apply_per_lib :  ITTAPI function NOT instrumented (not matched by --itt-config option): __itt_event_start

32298 : 0x3179778584d5 : 2 : ittapi_config_apply_per_lib :  ITTAPI function NOT instrumented (not matched by --itt-config option): __itt_event_end

32298 : 0x31797785952f : 2 : ittapi_config_apply_per_lib :  ITTAPI function NOT instrumented (not matched by --itt-config option): __itt_sync_set_name

32298 : 0x31797785a6da : 2 : ittapi_config_apply_per_lib :  ITTAPI function NOT instrumented (not matched by --itt-config option): __itt_notify_sync_name

32298 : 0x31797785b94f : 2 : ittapi_config_apply_per_lib :  ITTAPI function NOT instrumented (not matched by --itt-config option): __itt_notify_sync_prepare

32298 : 0x31797785ca59 : 2 : ittapi_config_apply_per_lib :  ITTAPI function NOT instrumented (not matched by --itt-config option): __itt_notify_sync_cancel

32298 : 0x3179778647af : 2 : ittapi_config_apply_per_lib :  ITTAPI function NOT instrumented (not matched by --itt-config option): __itt_notify_sync_acquired

32298 : 0x31797786602e : 2 : ittapi_config_apply_per_lib :  ITTAPI function NOT instrumented (not matched by --itt-config option): __itt_notify_sync_releasing

32298 : 0x3179778682a7 : 2 : ittapi_config_apply_per_lib :  ITTAPI function not implemented: __itt_memory_read
32298 : 0x317977869f84 : 2 : ittapi_config_apply_per_lib :  ITTAPI function not implemented: __itt_memory_write
32298 : 0x31797786bd1c : 2 : ittapi_config_apply_per_lib :  ITTAPI function not implemented: __itt_memory_update
32298 : 0x31797786df03 : 2 : ittapi_config_apply_per_lib :  ITTAPI function not implemented: __itt_state_get
32298 : 0x31797786f90b : 2 : ittapi_config_apply_per_lib :  ITTAPI function not implemented: __itt_state_set
32298 : 0x3179778711b7 : 2 : ittapi_config_apply_per_lib :  ITTAPI function not implemented: __itt_obj_mode_set
32298 : 0x317977872c42 : 2 : ittapi_config_apply_per_lib :  ITTAPI function not implemented: __itt_thr_mode_set
32298 : 0x31797787426a : 2 : ittapi_config_apply_per_lib :  ITTAPI function instrumented: __itt_frame_create
32298 : 0x31797787f517 : 2 : ittapi_config_apply_per_lib :  ITTAPI function instrumented: __itt_frame_begin
32298 : 0x31797788151b : 2 : ittapi_config_apply_per_lib :  ITTAPI function instrumented: __itt_frame_end
32298 : 0x317977882ed2 : 2 : ittapi_config_apply_per_lib :  ITTAPI function instrumented: __itt_counter_create
32298 : 0x31797788415b : 2 : ittapi_config_apply_per_lib :  ITTAPI function NOT instrumented (not matched by --itt-config option): __itt_counter_destroy

32298 : 0x3179778855b8 : 2 : ittapi_config_apply_per_lib :  ITTAPI function NOT instrumented (not matched by --itt-config option): __itt_counter_inc

32298 : 0x317977886850 : 2 : ittapi_config_apply_per_lib :  ITTAPI function NOT instrumented (not matched by --itt-config option): __itt_counter_inc_delta

32298 : 0x31797788845f : 2 : ittapi_config_apply_per_lib :  ITTAPI function not implemented: __itt_mark_create
32298 : 0x31797788a0ec : 2 : ittapi_config_apply_per_lib :  ITTAPI function not implemented: __itt_mark
32298 : 0x31797788bcb9 : 2 : ittapi_config_apply_per_lib :  ITTAPI function not implemented: __itt_mark_off
32298 : 0x31797788d64d : 2 : ittapi_config_apply_per_lib :  ITTAPI function not implemented: __itt_mark_global
32298 : 0x317977896719 : 2 : ittapi_config_apply_per_lib :  ITTAPI function not implemented: __itt_mark_global_off
32298 : 0x3179778981b8 : 2 : ittapi_config_apply_per_lib :  ITTAPI function NOT instrumented (not matched by --itt-config option): __itt_stack_caller_create

32298 : 0x317977899396 : 2 : ittapi_config_apply_per_lib :  ITTAPI function NOT instrumented (not matched by --itt-config option): __itt_stack_caller_destroy

32298 : 0x31797789a5a6 : 2 : ittapi_config_apply_per_lib :  ITTAPI function NOT instrumented (not matched by --itt-config option): __itt_stack_callee_enter

32298 : 0x31797789b650 : 2 : ittapi_config_apply_per_lib :  ITTAPI function NOT instrumented (not matched by --itt-config option): __itt_stack_callee_leave

32298 : 0x31797789d58a : 2 : ittapi_config_apply_per_lib :  ITTAPI function not implemented: __itt_clock_domain_create
32298 : 0x31797789f30d : 2 : ittapi_config_apply_per_lib :  ITTAPI function not implemented: __itt_clock_domain_reset
32298 : 0x3179778a0d15 : 2 : ittapi_config_apply_per_lib :  ITTAPI function not implemented: __itt_id_create_ex
32298 : 0x3179778a29bb : 2 : ittapi_config_apply_per_lib :  ITTAPI function not implemented: __itt_id_destroy_ex
32298 : 0x3179778a3b9e : 2 : ittapi_config_apply_per_lib :  ITTAPI function NOT instrumented (not matched by --itt-config option): __itt_task_begin_ex

32298 : 0x3179778ab0f7 : 2 : ittapi_config_apply_per_lib :  ITTAPI function NOT instrumented (not matched by --itt-config option): __itt_task_begin_fn_ex

32298 : 0x3179778ac760 : 2 : ittapi_config_apply_per_lib :  ITTAPI function NOT instrumented (not matched by --itt-config option): __itt_task_end_ex

32298 : 0x3179778ad800 : 2 : ittapi_config_apply_per_lib :  ITTAPI function NOT instrumented (not matched by --itt-config option): __itt_task_begin_overlapped

32298 : 0x3179778ae938 : 2 : ittapi_config_apply_per_lib :  ITTAPI function NOT instrumented (not matched by --itt-config option): __itt_task_begin_overlapped_ex

32298 : 0x3179778af8be : 2 : ittapi_config_apply_per_lib :  ITTAPI function NOT instrumented (not matched by --itt-config option): __itt_task_end_overlapped

32298 : 0x3179778b09fa : 2 : ittapi_config_apply_per_lib :  ITTAPI function NOT instrumented (not matched by --itt-config option): __itt_task_end_overlapped_ex

32298 : 0x3179778b2fb7 : 2 : ittapi_config_apply_per_lib :  ITTAPI function not implemented: __itt_marker_ex
32298 : 0x3179778b5336 : 2 : ittapi_config_apply_per_lib :  ITTAPI function not implemented: __itt_metadata_add_with_scope
32298 : 0x3179778b7518 : 2 : ittapi_config_apply_per_lib :  ITTAPI function not implemented: __itt_metadata_str_add_with_scope
32298 : 0x3179778b94e9 : 2 : ittapi_config_apply_per_lib :  ITTAPI function not implemented: __itt_relation_add_to_current_ex
32298 : 0x3179778c1a69 : 2 : ittapi_config_apply_per_lib :  ITTAPI function not implemented: __itt_relation_add_ex
32298 : 0x3179778c42a1 : 2 : ittapi_config_apply_per_lib :  ITTAPI function not implemented: __itt_track_group_create
32298 : 0x3179778c5f2e : 2 : ittapi_config_apply_per_lib :  ITTAPI function not implemented: __itt_track_create
32298 : 0x3179778c81b6 : 2 : ittapi_config_apply_per_lib :  ITTAPI function not implemented: __itt_set_track
32298 : 0x3179778cafac : 2 : ittapi_config_apply_per_lib :  ITTAPI function instrumented: __itt_api_version
32298 : 0x3179778cde80 : 2 : ittapi_config_apply_per_lib :  ITTAPI function not implemented: __itt_av_save
32298 : 0x317977a20eb1 : 2 : ittapi_config_mask_get :  --itt-config mask to be applied: 1
32298 : 0x317977a25cde : 2 : ittapi_config_apply_per_lib :  ITTAPI function instrumented: __itt_domain_create
32298 : 0x317977a27bc1 : 2 : ittapi_config_apply_per_lib :  ITTAPI function instrumented: __itt_string_handle_create
32298 : 0x317977a29c97 : 2 : ittapi_config_apply_per_lib :  ITTAPI function instrumented: __itt_pause
32298 : 0x317977a3f608 : 2 : ittapi_config_apply_per_lib :  ITTAPI function instrumented: __itt_resume
32298 : 0x317977a425b7 : 2 : ittapi_config_apply_per_lib :  ITTAPI function instrumented: __itt_thread_set_name
32298 : 0x317977a4481c : 2 : ittapi_config_apply_per_lib :  ITTAPI function instrumented: __itt_thread_ignore
32298 : 0x317977a466e5 : 2 : ittapi_config_apply_per_lib :  ITTAPI function instrumented: __itt_thr_name_set
32298 : 0x317977a483ee : 2 : ittapi_config_apply_per_lib :  ITTAPI function instrumented: __itt_thr_ignore
32298 : 0x317977a4b328 : 2 : ittapi_config_apply_per_lib :  ITTAPI function not implemented: __itt_enable_attach
32298 : 0x317977a4ca7a : 2 : ittapi_config_apply_per_lib :  ITTAPI function NOT instrumented (not matched by --itt-config option): __itt_sync_create

32298 : 0x317977a4e277 : 2 : ittapi_config_apply_per_lib :  ITTAPI function NOT instrumented (not matched by --itt-config option): __itt_sync_rename

32298 : 0x317977a4f985 : 2 : ittapi_config_apply_per_lib :  ITTAPI function NOT instrumented (not matched by --itt-config option): __itt_sync_destroy

32298 : 0x317977a5116d : 2 : ittapi_config_apply_per_lib :  ITTAPI function NOT instrumented (not matched by --itt-config option): __itt_sync_prepare

32298 : 0x317977a5b472 : 2 : ittapi_config_apply_per_lib :  ITTAPI function NOT instrumented (not matched by --itt-config option): __itt_sync_cancel

32298 : 0x317977a5d15f : 2 : ittapi_config_apply_per_lib :  ITTAPI function NOT instrumented (not matched by --itt-config option): __itt_sync_acquired

32298 : 0x317977a5e7f3 : 2 : ittapi_config_apply_per_lib :  ITTAPI function NOT instrumented (not matched by --itt-config option): __itt_sync_releasing

32298 : 0x317977a61f33 : 2 : ittapi_config_apply_per_lib :  ITTAPI function not implemented: __itt_suppress_push
32298 : 0x317977a64cb2 : 2 : ittapi_config_apply_per_lib :  ITTAPI function not implemented: __itt_suppress_pop
32298 : 0x317977a670ee : 2 : ittapi_config_apply_per_lib :  ITTAPI function not implemented: __itt_suppress_mark_range
32298 : 0x317977a6daea : 2 : ittapi_config_apply_per_lib :  ITTAPI function not implemented: __itt_suppress_clear_range
32298 : 0x317977a6f3a5 : 2 : ittapi_config_apply_per_lib :  ITTAPI function NOT instrumented (not matched by --itt-config option): __itt_sync_prepare

32298 : 0x317977a70929 : 2 : ittapi_config_apply_per_lib :  ITTAPI function NOT instrumented (not matched by --itt-config option): __itt_sync_cancel

32298 : 0x317977a71dbe : 2 : ittapi_config_apply_per_lib :  ITTAPI function NOT instrumented (not matched by --itt-config option): __itt_sync_acquired

32298 : 0x317977a7b8fa : 2 : ittapi_config_apply_per_lib :  ITTAPI function NOT instrumented (not matched by --itt-config option): __itt_sync_releasing

32298 : 0x317977a7f033 : 2 : ittapi_config_apply_per_lib :  ITTAPI function not implemented: __itt_model_site_begin
32298 : 0x317977a818d7 : 2 : ittapi_config_apply_per_lib :  ITTAPI function not implemented: __itt_model_site_end
32298 : 0x317977a84108 : 2 : ittapi_config_apply_per_lib :  ITTAPI function not implemented: __itt_model_task_begin
32298 : 0x317977a8669d : 2 : ittapi_config_apply_per_lib :  ITTAPI function not implemented: __itt_model_task_end
32298 : 0x317977a88a06 : 2 : ittapi_config_apply_per_lib :  ITTAPI function not implemented: __itt_model_lock_acquire
32298 : 0x317977a8abff : 2 : ittapi_config_apply_per_lib :  ITTAPI function not implemented: __itt_model_lock_release
32298 : 0x317977a8ce2e : 2 : ittapi_config_apply_per_lib :  ITTAPI function not implemented: __itt_model_record_allocation
32298 : 0x317977a8f2e4 : 2 : ittapi_config_apply_per_lib :  ITTAPI function not implemented: __itt_model_record_deallocation
32298 : 0x317977a914dd : 2 : ittapi_config_apply_per_lib :  ITTAPI function not implemented: __itt_model_induction_uses
32298 : 0x317977aa2573 : 2 : ittapi_config_apply_per_lib :  ITTAPI function not implemented: __itt_model_reduction_uses
32298 : 0x317977aa5836 : 2 : ittapi_config_apply_per_lib :  ITTAPI function not implemented: __itt_model_observe_uses
32298 : 0x317977aa7d1b : 2 : ittapi_config_apply_per_lib :  ITTAPI function not implemented: __itt_model_clear_uses
32298 : 0x317977aaa3f8 : 2 : ittapi_config_apply_per_lib :  ITTAPI function not implemented: __itt_model_site_beginA
32298 : 0x317977aac8cf : 2 : ittapi_config_apply_per_lib :  ITTAPI function not implemented: __itt_model_site_beginAL
32298 : 0x317977ab1886 : 2 : ittapi_config_apply_per_lib :  ITTAPI function not implemented: __itt_model_task_beginA
32298 : 0x317977ab3f5c : 2 : ittapi_config_apply_per_lib :  ITTAPI function not implemented: __itt_model_task_beginAL
32298 : 0x317977ab6001 : 2 : ittapi_config_apply_per_lib :  ITTAPI function not implemented: __itt_model_iteration_taskA
32298 : 0x317977ab8677 : 2 : ittapi_config_apply_per_lib :  ITTAPI function not implemented: __itt_model_iteration_taskAL
32298 : 0x317977aba783 : 2 : ittapi_config_apply_per_lib :  ITTAPI function not implemented: __itt_model_site_end_2
32298 : 0x317977ac5d10 : 2 : ittapi_config_apply_per_lib :  ITTAPI function not implemented: __itt_model_task_end_2
32298 : 0x317977ac8d40 : 2 : ittapi_config_apply_per_lib :  ITTAPI function not implemented: __itt_model_lock_acquire_2
32298 : 0x317977acb3ec : 2 : ittapi_config_apply_per_lib :  ITTAPI function not implemented: __itt_model_lock_release_2
32298 : 0x317977acd821 : 2 : ittapi_config_apply_per_lib :  ITTAPI function not implemented: __itt_model_aggregate_task
32298 : 0x317977acfb02 : 2 : ittapi_config_apply_per_lib :  ITTAPI function not implemented: __itt_model_disable_push
32298 : 0x317977ad1fb6 : 2 : ittapi_config_apply_per_lib :  ITTAPI function not implemented: __itt_model_disable_pop
32298 : 0x317977ad4114 : 2 : ittapi_config_apply_per_lib :  ITTAPI function instrumented: __itt_heap_function_create
32298 : 0x317977ad6013 : 2 : ittapi_config_apply_per_lib :  ITTAPI function instrumented: __itt_heap_allocate_begin
32298 : 0x317977ad7d60 : 2 : ittapi_config_apply_per_lib :  ITTAPI function instrumented: __itt_heap_allocate_end
32298 : 0x317977ad9a8a : 2 : ittapi_config_apply_per_lib :  ITTAPI function instrumented: __itt_heap_free_begin
32298 : 0x317977ae3fbb : 2 : ittapi_config_apply_per_lib :  ITTAPI function instrumented: __itt_heap_free_end
32298 : 0x317977ae6411 : 2 : ittapi_config_apply_per_lib :  ITTAPI function instrumented: __itt_heap_reallocate_begin
32298 : 0x317977ae8165 : 2 : ittapi_config_apply_per_lib :  ITTAPI function instrumented: __itt_heap_reallocate_end
32298 : 0x317977aea716 : 2 : ittapi_config_apply_per_lib :  ITTAPI function not implemented: __itt_heap_internal_access_begin
32298 : 0x317977aecdb6 : 2 : ittapi_config_apply_per_lib :  ITTAPI function not implemented: __itt_heap_internal_access_end
32298 : 0x317977aef409 : 2 : ittapi_config_apply_per_lib :  ITTAPI function not implemented: __itt_heap_record_memory_growth_begin
32298 : 0x317977af179a : 2 : ittapi_config_apply_per_lib :  ITTAPI function not implemented: __itt_heap_record_memory_growth_end
32298 : 0x317977af3bae : 2 : ittapi_config_apply_per_lib :  ITTAPI function not implemented: __itt_heap_reset_detection
32298 : 0x317977af5f31 : 2 : ittapi_config_apply_per_lib :  ITTAPI function not implemented: __itt_heap_record
32298 : 0x317977af8005 : 2 : ittapi_config_apply_per_lib :  ITTAPI function not implemented: __itt_id_create
32298 : 0x317977b069be : 2 : ittapi_config_apply_per_lib :  ITTAPI function not implemented: __itt_id_destroy
32298 : 0x317977b0964b : 2 : ittapi_config_apply_per_lib :  ITTAPI function instrumented: __itt_get_timestamp
32298 : 0x317977b0b902 : 2 : ittapi_config_apply_per_lib :  ITTAPI function not implemented: __itt_region_begin
32298 : 0x317977b0d918 : 2 : ittapi_config_apply_per_lib :  ITTAPI function not implemented: __itt_region_end
32298 : 0x317977b0f82c : 2 : ittapi_config_apply_per_lib :  ITTAPI function instrumented: __itt_frame_begin_v3
32298 : 0x317977b1178b : 2 : ittapi_config_apply_per_lib :  ITTAPI function instrumented: __itt_frame_end_v3
32298 : 0x317977b135b2 : 2 : ittapi_config_apply_per_lib :  ITTAPI function instrumented: __itt_frame_submit_v3
32298 : 0x317977b14b94 : 2 : ittapi_config_apply_per_lib :  ITTAPI function NOT instrumented (not matched by --itt-config option): __itt_task_group

32298 : 0x317977b160e9 : 2 : ittapi_config_apply_per_lib :  ITTAPI function NOT instrumented (not matched by --itt-config option): __itt_task_begin

32298 : 0x317977b175f3 : 2 : ittapi_config_apply_per_lib :  ITTAPI function NOT instrumented (not matched by --itt-config option): __itt_task_begin_fn

32298 : 0x317977b21e46 : 2 : ittapi_config_apply_per_lib :  ITTAPI function NOT instrumented (not matched by --itt-config option): __itt_task_end

32298 : 0x317977b23c95 : 2 : ittapi_config_apply_per_lib :  ITTAPI function NOT instrumented (not matched by --itt-config option): __itt_counter_inc_v3

32298 : 0x317977b254f0 : 2 : ittapi_config_apply_per_lib :  ITTAPI function NOT instrumented (not matched by --itt-config option): __itt_counter_inc_delta_v3

32298 : 0x317977b27d65 : 2 : ittapi_config_apply_per_lib :  ITTAPI function not implemented: __itt_marker
32298 : 0x317977b2a471 : 2 : ittapi_config_apply_per_lib :  ITTAPI function instrumented: __itt_metadata_add
32298 : 0x317977b2c83f : 2 : ittapi_config_apply_per_lib :  ITTAPI function not implemented: __itt_metadata_str_add
32298 : 0x317977b2ebfa : 2 : ittapi_config_apply_per_lib :  ITTAPI function not implemented: __itt_relation_add_to_current
32298 : 0x317977b30d9a : 2 : ittapi_config_apply_per_lib :  ITTAPI function not implemented: __itt_relation_add
32298 : 0x317977b32a43 : 2 : ittapi_config_apply_per_lib :  ITTAPI function instrumented: __itt_event_create
32298 : 0x317977b33ecc : 2 : ittapi_config_apply_per_lib :  ITTAPI function NOT instrumented (not matched by --itt-config option): __itt_event_start

32298 : 0x317977b3d5c6 : 2 : ittapi_config_apply_per_lib :  ITTAPI function NOT instrumented (not matched by --itt-config option): __itt_event_end

32298 : 0x317977b3f39b : 2 : ittapi_config_apply_per_lib :  ITTAPI function NOT instrumented (not matched by --itt-config option): __itt_sync_set_name

32298 : 0x317977b409c3 : 2 : ittapi_config_apply_per_lib :  ITTAPI function NOT instrumented (not matched by --itt-config option): __itt_notify_sync_name

32298 : 0x317977b41f2b : 2 : ittapi_config_apply_per_lib :  ITTAPI function NOT instrumented (not matched by --itt-config option): __itt_notify_sync_prepare

32298 : 0x317977b434cb : 2 : ittapi_config_apply_per_lib :  ITTAPI function NOT instrumented (not matched by --itt-config option): __itt_notify_sync_cancel

32298 : 0x317977b44ad0 : 2 : ittapi_config_apply_per_lib :  ITTAPI function NOT instrumented (not matched by --itt-config option): __itt_notify_sync_acquired

32298 : 0x317977b4614f : 2 : ittapi_config_apply_per_lib :  ITTAPI function NOT instrumented (not matched by --itt-config option): __itt_notify_sync_releasing

32298 : 0x317977b48b8b : 2 : ittapi_config_apply_per_lib :  ITTAPI function not implemented: __itt_memory_read
32298 : 0x317977b4b1fa : 2 : ittapi_config_apply_per_lib :  ITTAPI function not implemented: __itt_memory_write
32298 : 0x317977b4d578 : 2 : ittapi_config_apply_per_lib :  ITTAPI function not implemented: __itt_memory_update
32298 : 0x317977b5c9c3 : 2 : ittapi_config_apply_per_lib :  ITTAPI function not implemented: __itt_state_get
32298 : 0x317977b5f54c : 2 : ittapi_config_apply_per_lib :  ITTAPI function not implemented: __itt_state_set
32298 : 0x317977b615bb : 2 : ittapi_config_apply_per_lib :  ITTAPI function not implemented: __itt_obj_mode_set
32298 : 0x317977b636e8 : 2 : ittapi_config_apply_per_lib :  ITTAPI function not implemented: __itt_thr_mode_set
32298 : 0x317977b653b4 : 2 : ittapi_config_apply_per_lib :  ITTAPI function instrumented: __itt_frame_create
32298 : 0x317977b67350 : 2 : ittapi_config_apply_per_lib :  ITTAPI function instrumented: __itt_frame_begin
32298 : 0x317977b6911e : 2 : ittapi_config_apply_per_lib :  ITTAPI function instrumented: __itt_frame_end
32298 : 0x317977b6ad15 : 2 : ittapi_config_apply_per_lib :  ITTAPI function instrumented: __itt_counter_create
32298 : 0x317977b6c3be : 2 : ittapi_config_apply_per_lib :  ITTAPI function NOT instrumented (not matched by --itt-config option): __itt_counter_destroy

32298 : 0x317977b6d994 : 2 : ittapi_config_apply_per_lib :  ITTAPI function NOT instrumented (not matched by --itt-config option): __itt_counter_inc

32298 : 0x317977b774a6 : 2 : ittapi_config_apply_per_lib :  ITTAPI function NOT instrumented (not matched by --itt-config option): __itt_counter_inc_delta

32298 : 0x317977b7a5a2 : 2 : ittapi_config_apply_per_lib :  ITTAPI function not implemented: __itt_mark_create
32298 : 0x317977b7cb29 : 2 : ittapi_config_apply_per_lib :  ITTAPI function not implemented: __itt_mark
32298 : 0x317977b7eec8 : 2 : ittapi_config_apply_per_lib :  ITTAPI function not implemented: __itt_mark_off
32298 : 0x317977b810ba : 2 : ittapi_config_apply_per_lib :  ITTAPI function not implemented: __itt_mark_global
32298 : 0x317977b835de : 2 : ittapi_config_apply_per_lib :  ITTAPI function not implemented: __itt_mark_global_off
32298 : 0x317977b84e8b : 2 : ittapi_config_apply_per_lib :  ITTAPI function NOT instrumented (not matched by --itt-config option): __itt_stack_caller_create

32298 : 0x317977b86526 : 2 : ittapi_config_apply_per_lib :  ITTAPI function NOT instrumented (not matched by --itt-config option): __itt_stack_caller_destroy

32298 : 0x317977b87d1a : 2 : ittapi_config_apply_per_lib :  ITTAPI function NOT instrumented (not matched by --itt-config option): __itt_stack_callee_enter

32298 : 0x317977b892b3 : 2 : ittapi_config_apply_per_lib :  ITTAPI function NOT instrumented (not matched by --itt-config option): __itt_stack_callee_leave

32298 : 0x317977b93a12 : 2 : ittapi_config_apply_per_lib :  ITTAPI function not implemented: __itt_clock_domain_create
32298 : 0x317977b96851 : 2 : ittapi_config_apply_per_lib :  ITTAPI function not implemented: __itt_clock_domain_reset
32298 : 0x317977b9894f : 2 : ittapi_config_apply_per_lib :  ITTAPI function not implemented: __itt_id_create_ex
32298 : 0x317977b9adf0 : 2 : ittapi_config_apply_per_lib :  ITTAPI function not implemented: __itt_id_destroy_ex
32298 : 0x317977b9c3e0 : 2 : ittapi_config_apply_per_lib :  ITTAPI function NOT instrumented (not matched by --itt-config option): __itt_task_begin_ex

32298 : 0x317977b9d935 : 2 : ittapi_config_apply_per_lib :  ITTAPI function NOT instrumented (not matched by --itt-config option): __itt_task_begin_fn_ex

32298 : 0x317977b9edb0 : 2 : ittapi_config_apply_per_lib :  ITTAPI function NOT instrumented (not matched by --itt-config option): __itt_task_end_ex

32298 : 0x317977ba033b : 2 : ittapi_config_apply_per_lib :  ITTAPI function NOT instrumented (not matched by --itt-config option): __itt_task_begin_overlapped

32298 : 0x317977ba1837 : 2 : ittapi_config_apply_per_lib :  ITTAPI function NOT instrumented (not matched by --itt-config option): __itt_task_begin_overlapped_ex

32298 : 0x317977ba2ba2 : 2 : ittapi_config_apply_per_lib :  ITTAPI function NOT instrumented (not matched by --itt-config option): __itt_task_end_overlapped

32298 : 0x317977babe18 : 2 : ittapi_config_apply_per_lib :  ITTAPI function NOT instrumented (not matched by --itt-config option): __itt_task_end_overlapped_ex

32298 : 0x317977baf0e2 : 2 : ittapi_config_apply_per_lib :  ITTAPI function not implemented: __itt_marker_ex
32298 : 0x317977bb199b : 2 : ittapi_config_apply_per_lib :  ITTAPI function not implemented: __itt_metadata_add_with_scope
32298 : 0x317977bb3f22 : 2 : ittapi_config_apply_per_lib :  ITTAPI function not implemented: __itt_metadata_str_add_with_scope
32298 : 0x317977bb646e : 2 : ittapi_config_apply_per_lib :  ITTAPI function not implemented: __itt_relation_add_to_current_ex
32298 : 0x317977bb87d7 : 2 : ittapi_config_apply_per_lib :  ITTAPI function not implemented: __itt_relation_add_ex
32298 : 0x317977bbab82 : 2 : ittapi_config_apply_per_lib :  ITTAPI function not implemented: __itt_track_group_create
32298 : 0x317977bbcc06 : 2 : ittapi_config_apply_per_lib :  ITTAPI function not implemented: __itt_track_create
32298 : 0x317977bbec38 : 2 : ittapi_config_apply_per_lib :  ITTAPI function not implemented: __itt_set_track
32298 : 0x317977bc0a27 : 2 : ittapi_config_apply_per_lib :  ITTAPI function instrumented: __itt_api_version
32298 : 0x317977bd077a : 2 : ittapi_config_apply_per_lib :  ITTAPI function not implemented: __itt_av_save