
30881 : 0x2ef859c27862 : 1 : spill_jit_data :  Jit agent is not initialized
30881 : 0x2ef859c715b9 : 2 : ittapi_config_mask_get :  --itt-config mask to be applied: 17
30881 : 0x2ef859c77a04 : 2 : ittapi_config_apply_per_lib :  ITTAPI function instrumented: __itt_domain_create
30881 : 0x2ef859c78fc6 : 2 : ittapi_config_apply_per_lib :  ITTAPI function instrumented: __itt_string_handle_create
30881 : 0x2ef859c7a64b : 2 : ittapi_config_apply_per_lib :  ITTAPI function instrumented: __itt_pause
30881 : 0x2ef859c7b8f5 : 2 : ittapi_config_apply_per_lib :  ITTAPI function instrumented: __itt_resume
30881 : 0x2ef859c7cda4 : 2 : ittapi_config_apply_per_lib :  ITTAPI function instrumented: __itt_thread_set_name
30881 : 0x2ef859c7de13 : 2 : ittapi_config_apply_per_lib :  ITTAPI function instrumented: __itt_thread_ignore
30881 : 0x2ef859c7ef16 : 2 : ittapi_config_apply_per_lib :  ITTAPI function instrumented: __itt_thr_name_set
30881 : 0x2ef859c7fd36 : 2 : ittapi_config_apply_per_lib :  ITTAPI function instrumented: __itt_thr_ignore
30881 : 0x2ef859c9429d : 2 : ittapi_config_apply_per_lib :  ITTAPI function not implemented: __itt_enable_attach
30881 : 0x2ef859c95951 : 2 : ittapi_config_apply_per_lib :  ITTAPI function NOT instrumented (not matched by --itt-config option): __itt_sync_create

30881 : 0x2ef859c96906 : 2 : ittapi_config_apply_per_lib :  ITTAPI function NOT instrumented (not matched by --itt-config option): __itt_sync_rename

30881 : 0x2ef859c97663 : 2 : ittapi_config_apply_per_lib :  ITTAPI function NOT instrumented (not matched by --itt-config option): __itt_sync_destroy

30881 : 0x2ef859c98230 : 2 : ittapi_config_apply_per_lib :  ITTAPI function NOT instrumented (not matched by --itt-config option): __itt_sync_prepare

30881 : 0x2ef859c98d58 : 2 : ittapi_config_apply_per_lib :  ITTAPI function NOT instrumented (not matched by --itt-config option): __itt_sync_cancel

30881 : 0x2ef859c998e8 : 2 : ittapi_config_apply_per_lib :  ITTAPI function NOT instrumented (not matched by --itt-config option): __itt_sync_acquired

30881 : 0x2ef859c9a38b : 2 : ittapi_config_apply_per_lib :  ITTAPI function NOT instrumented (not matched by --itt-config option): __itt_sync_releasing

30881 : 0x2ef859c9ca56 : 2 : ittapi_config_apply_per_lib :  ITTAPI function not implemented: __itt_suppress_push
30881 : 0x2ef859c9e330 : 2 : ittapi_config_apply_per_lib :  ITTAPI function not implemented: __itt_suppress_pop
30881 : 0x2ef859ca5c30 : 2 : ittapi_config_apply_per_lib :  ITTAPI function not implemented: __itt_suppress_mark_range
30881 : 0x2ef859ca7334 : 2 : ittapi_config_apply_per_lib :  ITTAPI function not implemented: __itt_suppress_clear_range
30881 : 0x2ef859ca7ff1 : 2 : ittapi_config_apply_per_lib :  ITTAPI function NOT instrumented (not matched by --itt-config option): __itt_sync_prepare

30881 : 0x2ef859ca8a56 : 2 : ittapi_config_apply_per_lib :  ITTAPI function NOT instrumented (not matched by --itt-config option): __itt_sync_cancel

30881 : 0x2ef859ca9569 : 2 : ittapi_config_apply_per_lib :  ITTAPI function NOT instrumented (not matched by --itt-config option): __itt_sync_acquired

30881 : 0x2ef859ca9f9f : 2 : ittapi_config_apply_per_lib :  ITTAPI function NOT instrumented (not matched by --itt-config option): __itt_sync_releasing

30881 : 0x2ef859cab353 : 2 : ittapi_config_apply_per_lib :  ITTAPI function not implemented: __itt_model_site_begin
30881 : 0x2ef859cac66d : 2 : ittapi_config_apply_per_lib :  ITTAPI function not implemented: __itt_model_site_end
30881 : 0x2ef859cada0f : 2 : ittapi_config_apply_per_lib :  ITTAPI function not implemented: __itt_model_task_begin
30881 : 0x2ef859caed5e : 2 : ittapi_config_apply_per_lib :  ITTAPI function not implemented: __itt_model_task_end
30881 : 0x2ef859cb4ab5 : 2 : ittapi_config_apply_per_lib :  ITTAPI function not implemented: __itt_model_lock_acquire
30881 : 0x2ef859cb62c9 : 2 : ittapi_config_apply_per_lib :  ITTAPI function not implemented: __itt_model_lock_release
30881 : 0x2ef859cb7422 : 2 : ittapi_config_apply_per_lib :  ITTAPI function not implemented: __itt_model_record_allocation
30881 : 0x2ef859cb887b : 2 : ittapi_config_apply_per_lib :  ITTAPI function not implemented: __itt_model_record_deallocation
30881 : 0x2ef859cb9aa0 : 2 : ittapi_config_apply_per_lib :  ITTAPI function not implemented: __itt_model_induction_uses
30881 : 0x2ef859cbaba0 : 2 : ittapi_config_apply_per_lib :  ITTAPI function not implemented: __itt_model_reduction_uses
30881 : 0x2ef859cbbe14 : 2 : ittapi_config_apply_per_lib :  ITTAPI function not implemented: __itt_model_observe_uses
30881 : 0x2ef859cbd057 : 2 : ittapi_config_apply_per_lib :  ITTAPI function not implemented: __itt_model_clear_uses
30881 : 0x2ef859cbe3a9 : 2 : ittapi_config_apply_per_lib :  ITTAPI function not implemented: __itt_model_site_beginA
30881 : 0x2ef859cbf5ce : 2 : ittapi_config_apply_per_lib :  ITTAPI function not implemented: __itt_model_site_beginAL
30881 : 0x2ef859cc7bd7 : 2 : ittapi_config_apply_per_lib :  ITTAPI function not implemented: __itt_model_task_beginA
30881 : 0x2ef859cc93f1 : 2 : ittapi_config_apply_per_lib :  ITTAPI function not implemented: __itt_model_task_beginAL
30881 : 0x2ef859cca648 : 2 : ittapi_config_apply_per_lib :  ITTAPI function not implemented: __itt_model_iteration_taskA
30881 : 0x2ef859ccb7ca : 2 : ittapi_config_apply_per_lib :  ITTAPI function not implemented: __itt_model_iteration_taskAL
30881 : 0x2ef859ccc993 : 2 : ittapi_config_apply_per_lib :  ITTAPI function not implemented: __itt_model_site_end_2
30881 : 0x2ef859ccd922 : 2 : ittapi_config_apply_per_lib :  ITTAPI function not implemented: __itt_model_task_end_2
30881 : 0x2ef859cceda2 : 2 : ittapi_config_apply_per_lib :  ITTAPI function not implemented: __itt_model_lock_acquire_2
30881 : 0x2ef859cd0092 : 2 : ittapi_config_apply_per_lib :  ITTAPI function not implemented: __itt_model_lock_release_2
30881 : 0x2ef859cd11d3 : 2 : ittapi_config_apply_per_lib :  ITTAPI function not implemented: __itt_model_aggregate_task
30881 : 0x2ef859cd23c9 : 2 : ittapi_config_apply_per_lib :  ITTAPI function not implemented: __itt_model_disable_push
30881 : 0x2ef859cd7d2f : 2 : ittapi_config_apply_per_lib :  ITTAPI function not implemented: __itt_model_disable_pop
30881 : 0x2ef859cd924f : 2 : ittapi_config_apply_per_lib :  ITTAPI function instrumented: __itt_heap_function_create
30881 : 0x2ef859cda2b8 : 2 : ittapi_config_apply_per_lib :  ITTAPI function instrumented: __itt_heap_allocate_begin
30881 : 0x2ef859cdb038 : 2 : ittapi_config_apply_per_lib :  ITTAPI function instrumented: __itt_heap_allocate_end
30881 : 0x2ef859cdc025 : 2 : ittapi_config_apply_per_lib :  ITTAPI function instrumented: __itt_heap_free_begin
30881 : 0x2ef859cdcd7c : 2 : ittapi_config_apply_per_lib :  ITTAPI function instrumented: __itt_heap_free_end
30881 : 0x2ef859ce6a05 : 2 : ittapi_config_apply_per_lib :  ITTAPI function instrumented: __itt_heap_reallocate_begin
30881 : 0x2ef859ce7da1 : 2 : ittapi_config_apply_per_lib :  ITTAPI function instrumented: __itt_heap_reallocate_end
30881 : 0x2ef859ce8ea1 : 2 : ittapi_config_apply_per_lib :  ITTAPI function not implemented: __itt_heap_internal_access_begin
30881 : 0x2ef859cea0ed : 2 : ittapi_config_apply_per_lib :  ITTAPI function not implemented: __itt_heap_internal_access_end
30881 : 0x2ef859cef580 : 2 : ittapi_config_apply_per_lib :  ITTAPI function not implemented: __itt_heap_record_memory_growth_begin
30881 : 0x2ef859cf0a81 : 2 : ittapi_config_apply_per_lib :  ITTAPI function not implemented: __itt_heap_record_memory_growth_end
30881 : 0x2ef859cf1ea8 : 2 : ittapi_config_apply_per_lib :  ITTAPI function not implemented: __itt_heap_reset_detection
30881 : 0x2ef859cf328f : 2 : ittapi_config_apply_per_lib :  ITTAPI function not implemented: __itt_heap_record
30881 : 0x2ef859cf42f5 : 2 : ittapi_config_apply_per_lib :  ITTAPI function not implemented: __itt_id_create
30881 : 0x2ef859cf5486 : 2 : ittapi_config_apply_per_lib :  ITTAPI function not implemented: __itt_id_destroy
30881 : 0x2ef859cf63ee : 2 : ittapi_config_apply_per_lib :  ITTAPI function instrumented: __itt_get_timestamp
30881 : 0x2ef859cf7371 : 2 : ittapi_config_apply_per_lib :  ITTAPI function not implemented: __itt_region_begin
30881 : 0x2ef859cf8667 : 2 : ittapi_config_apply_per_lib :  ITTAPI function not implemented: __itt_region_end
30881 : 0x2ef859cf9a06 : 2 : ittapi_config_apply_per_lib :  ITTAPI function instrumented: __itt_frame_begin_v3
30881 : 0x2ef859d0078e : 2 : ittapi_config_apply_per_lib :  ITTAPI function instrumented: __itt_frame_end_v3
30881 : 0x2ef859d0199b : 2 : ittapi_config_apply_per_lib :  ITTAPI function instrumented: __itt_frame_submit_v3
30881 : 0x2ef859d024d2 : 2 : ittapi_config_apply_per_lib :  ITTAPI function NOT instrumented (not matched by --itt-config option): __itt_task_group

30881 : 0x2ef859d02e9f : 2 : ittapi_config_apply_per_lib :  ITTAPI function NOT instrumented (not matched by --itt-config option): __itt_task_begin

30881 : 0x2ef859d0399f : 2 : ittapi_config_apply_per_lib :  ITTAPI function NOT instrumented (not matched by --itt-config option): __itt_task_begin_fn

30881 : 0x2ef859d04384 : 2 : ittapi_config_apply_per_lib :  ITTAPI function NOT instrumented (not matched by --itt-config option): __itt_task_end

30881 : 0x2ef859d04df7 : 2 : ittapi_config_apply_per_lib :  ITTAPI function NOT instrumented (not matched by --itt-config option): __itt_counter_inc_v3

30881 : 0x2ef859d05919 : 2 : ittapi_config_apply_per_lib :  ITTAPI function NOT instrumented (not matched by --itt-config option): __itt_counter_inc_delta_v3

30881 : 0x2ef859d06cee : 2 : ittapi_config_apply_per_lib :  ITTAPI function not implemented: __itt_marker
30881 : 0x2ef859d07ef8 : 2 : ittapi_config_apply_per_lib :  ITTAPI function instrumented: __itt_metadata_add
30881 : 0x2ef859d0d3a0 : 2 : ittapi_config_apply_per_lib :  ITTAPI function not implemented: __itt_metadata_str_add
30881 : 0x2ef859d0e9f0 : 2 : ittapi_config_apply_per_lib :  ITTAPI function not implemented: __itt_relation_add_to_current
30881 : 0x2ef859d0fb5d : 2 : ittapi_config_apply_per_lib :  ITTAPI function not implemented: __itt_relation_add
30881 : 0x2ef859d10a0d : 2 : ittapi_config_apply_per_lib :  ITTAPI function instrumented: __itt_event_create
30881 : 0x2ef859d1149e : 2 : ittapi_config_apply_per_lib :  ITTAPI function NOT instrumented (not matched by --itt-config option): __itt_event_start

30881 : 0x2ef859d11eda : 2 : ittapi_config_apply_per_lib :  ITTAPI function NOT instrumented (not matched by --itt-config option): __itt_event_end

30881 : 0x2ef859d1285e : 2 : ittapi_config_apply_per_lib :  ITTAPI function NOT instrumented (not matched by --itt-config option): __itt_sync_set_name

30881 : 0x2ef859d132d0 : 2 : ittapi_config_apply_per_lib :  ITTAPI function NOT instrumented (not matched by --itt-config option): __itt_notify_sync_name

30881 : 0x2ef859d1403a : 2 : ittapi_config_apply_per_lib :  ITTAPI function NOT instrumented (not matched by --itt-config option): __itt_notify_sync_prepare

30881 : 0x2ef859d14a8e : 2 : ittapi_config_apply_per_lib :  ITTAPI function NOT instrumented (not matched by --itt-config option): __itt_notify_sync_cancel

30881 : 0x2ef859d192b0 : 2 : ittapi_config_apply_per_lib :  ITTAPI function NOT instrumented (not matched by --itt-config option): __itt_notify_sync_acquired

30881 : 0x2ef859d1a12c : 2 : ittapi_config_apply_per_lib :  ITTAPI function NOT instrumented (not matched by --itt-config option): __itt_notify_sync_releasing

30881 : 0x2ef859d1b627 : 2 : ittapi_config_apply_per_lib :  ITTAPI function not implemented: __itt_memory_read
30881 : 0x2ef859d1c834 : 2 : ittapi_config_apply_per_lib :  ITTAPI function not implemented: __itt_memory_write
30881 : 0x2ef859d1daa1 : 2 : ittapi_config_apply_per_lib :  ITTAPI function not implemented: __itt_memory_update
30881 : 0x2ef859d1ed27 : 2 : ittapi_config_apply_per_lib :  ITTAPI function not implemented: __itt_state_get
30881 : 0x2ef859d1fcd8 : 2 : ittapi_config_apply_per_lib :  ITTAPI function not implemented: __itt_state_set
30881 : 0x2ef859d20c9a : 2 : ittapi_config_apply_per_lib :  ITTAPI function not implemented: __itt_obj_mode_set
30881 : 0x2ef859d21cd3 : 2 : ittapi_config_apply_per_lib :  ITTAPI function not implemented: __itt_thr_mode_set
30881 : 0x2ef859d229b7 : 2 : ittapi_config_apply_per_lib :  ITTAPI function instrumented: __itt_frame_create
30881 : 0x2ef859d2950d : 2 : ittapi_config_apply_per_lib :  ITTAPI function instrumented: __itt_frame_begin
30881 : 0x2ef859d2a64d : 2 : ittapi_config_apply_per_lib :  ITTAPI function instrumented: __itt_frame_end
30881 : 0x2ef859d2b450 : 2 : ittapi_config_apply_per_lib :  ITTAPI function instrumented: __itt_counter_create
30881 : 0x2ef859d2bf96 : 2 : ittapi_config_apply_per_lib :  ITTAPI function NOT instrumented (not matched by --itt-config option): __itt_counter_destroy

30881 : 0x2ef859d2cc26 : 2 : ittapi_config_apply_per_lib :  ITTAPI function NOT instrumented (not matched by --itt-config option): __itt_counter_inc

30881 : 0x2ef859d2d6cc : 2 : ittapi_config_apply_per_lib :  ITTAPI function NOT instrumented (not matched by --itt-config option): __itt_counter_inc_delta

30881 : 0x2ef859d2e83f : 2 : ittapi_config_apply_per_lib :  ITTAPI function not implemented: __itt_mark_create
30881 : 0x2ef859d2fba1 : 2 : ittapi_config_apply_per_lib :  ITTAPI function not implemented: __itt_mark
30881 : 0x2ef859d30eaf : 2 : ittapi_config_apply_per_lib :  ITTAPI function not implemented: __itt_mark_off
30881 : 0x2ef859d31f82 : 2 : ittapi_config_apply_per_lib :  ITTAPI function not implemented: __itt_mark_global
30881 : 0x2ef859d37464 : 2 : ittapi_config_apply_per_lib :  ITTAPI function not implemented: __itt_mark_global_off
30881 : 0x2ef859d3895e : 2 : ittapi_config_apply_per_lib :  ITTAPI function instrumented: __itt_stack_caller_create
30881 : 0x2ef859d39933 : 2 : ittapi_config_apply_per_lib :  ITTAPI function instrumented: __itt_stack_caller_destroy
30881 : 0x2ef859d3a831 : 2 : ittapi_config_apply_per_lib :  ITTAPI function instrumented: __itt_stack_callee_enter
30881 : 0x2ef859d3b4d6 : 2 : ittapi_config_apply_per_lib :  ITTAPI function instrumented: __itt_stack_callee_leave
30881 : 0x2ef859d3c4bd : 2 : ittapi_config_apply_per_lib :  ITTAPI function not implemented: __itt_clock_domain_create
30881 : 0x2ef859d3d715 : 2 : ittapi_config_apply_per_lib :  ITTAPI function not implemented: __itt_clock_domain_reset
30881 : 0x2ef859d3e638 : 2 : ittapi_config_apply_per_lib :  ITTAPI function not implemented: __itt_id_create_ex
30881 : 0x2ef859d3f82a : 2 : ittapi_config_apply_per_lib :  ITTAPI function not implemented: __itt_id_destroy_ex
30881 : 0x2ef859d402c4 : 2 : ittapi_config_apply_per_lib :  ITTAPI function NOT instrumented (not matched by --itt-config option): __itt_task_begin_ex

30881 : 0x2ef859d448aa : 2 : ittapi_config_apply_per_lib :  ITTAPI function NOT instrumented (not matched by --itt-config option): __itt_task_begin_fn_ex

30881 : 0x2ef859d455a7 : 2 : ittapi_config_apply_per_lib :  ITTAPI function NOT instrumented (not matched by --itt-config option): __itt_task_end_ex

30881 : 0x2ef859d4609b : 2 : ittapi_config_apply_per_lib :  ITTAPI function NOT instrumented (not matched by --itt-config option): __itt_task_begin_overlapped

30881 : 0x2ef859d46a98 : 2 : ittapi_config_apply_per_lib :  ITTAPI function NOT instrumented (not matched by --itt-config option): __itt_task_begin_overlapped_ex

30881 : 0x2ef859d47434 : 2 : ittapi_config_apply_per_lib :  ITTAPI function NOT instrumented (not matched by --itt-config option): __itt_task_end_overlapped

30881 : 0x2ef859d47eda : 2 : ittapi_config_apply_per_lib :  ITTAPI function NOT instrumented (not matched by --itt-config option): __itt_task_end_overlapped_ex

30881 : 0x2ef859d49426 : 2 : ittapi_config_apply_per_lib :  ITTAPI function not implemented: __itt_marker_ex
30881 : 0x2ef859d4a90c : 2 : ittapi_config_apply_per_lib :  ITTAPI function not implemented: __itt_metadata_add_with_scope
30881 : 0x2ef859d4bcba : 2 : ittapi_config_apply_per_lib :  ITTAPI function not implemented: __itt_metadata_str_add_with_scope
30881 : 0x2ef859d4d227 : 2 : ittapi_config_apply_per_lib :  ITTAPI function not implemented: __itt_relation_add_to_current_ex
30881 : 0x2ef859d522f9 : 2 : ittapi_config_apply_per_lib :  ITTAPI function not implemented: __itt_relation_add_ex
30881 : 0x2ef859d53967 : 2 : ittapi_config_apply_per_lib :  ITTAPI function not implemented: __itt_track_group_create
30881 : 0x2ef859d54a28 : 2 : ittapi_config_apply_per_lib :  ITTAPI function not implemented: __itt_track_create
30881 : 0x2ef859d55bb0 : 2 : ittapi_config_apply_per_lib :  ITTAPI function not implemented: __itt_set_track
30881 : 0x2ef859d56cf2 : 2 : ittapi_config_apply_per_lib :  ITTAPI function instrumented: __itt_api_version
30881 : 0x2ef859d57d19 : 2 : ittapi_config_apply_per_lib :  ITTAPI function not implemented: __itt_av_save
30881 : 0x2ef859f4a36b : 2 : ittapi_config_mask_get :  --itt-config mask to be applied: 17
30881 : 0x2ef859f4c84a : 2 : ittapi_config_apply_per_lib :  ITTAPI function instrumented: __itt_domain_create
30881 : 0x2ef859f4d6fc : 2 : ittapi_config_apply_per_lib :  ITTAPI function instrumented: __itt_string_handle_create
30881 : 0x2ef859f4e5bb : 2 : ittapi_config_apply_per_lib :  ITTAPI function instrumented: __itt_pause
30881 : 0x2ef859f58f30 : 2 : ittapi_config_apply_per_lib :  ITTAPI function instrumented: __itt_resume
30881 : 0x2ef859f5a35a : 2 : ittapi_config_apply_per_lib :  ITTAPI function instrumented: __itt_thread_set_name
30881 : 0x2ef859f5b2bf : 2 : ittapi_config_apply_per_lib :  ITTAPI function instrumented: __itt_thread_ignore
30881 : 0x2ef859f5c056 : 2 : ittapi_config_apply_per_lib :  ITTAPI function instrumented: __itt_thr_name_set
30881 : 0x2ef859f5ce01 : 2 : ittapi_config_apply_per_lib :  ITTAPI function instrumented: __itt_thr_ignore
30881 : 0x2ef859f5e375 : 2 : ittapi_config_apply_per_lib :  ITTAPI function not implemented: __itt_enable_attach
30881 : 0x2ef859f5ef5e : 2 : ittapi_config_apply_per_lib :  ITTAPI function NOT instrumented (not matched by --itt-config option): __itt_sync_create

30881 : 0x2ef859f5fb87 : 2 : ittapi_config_apply_per_lib :  ITTAPI function NOT instrumented (not matched by --itt-config option): __itt_sync_rename

30881 : 0x2ef859f6059f : 2 : ittapi_config_apply_per_lib :  ITTAPI function NOT instrumented (not matched by --itt-config option): __itt_sync_destroy

30881 : 0x2ef859f610a6 : 2 : ittapi_config_apply_per_lib :  ITTAPI function NOT instrumented (not matched by --itt-config option): __itt_sync_prepare

30881 : 0x2ef859f663bc : 2 : ittapi_config_apply_per_lib :  ITTAPI function NOT instrumented (not matched by --itt-config option): __itt_sync_cancel

30881 : 0x2ef859f67113 : 2 : ittapi_config_apply_per_lib :  ITTAPI function NOT instrumented (not matched by --itt-config option): __itt_sync_acquired

30881 : 0x2ef859f67b80 : 2 : ittapi_config_apply_per_lib :  ITTAPI function NOT instrumented (not matched by --itt-config option): __itt_sync_releasing

30881 : 0x2ef859f69405 : 2 : ittapi_config_apply_per_lib :  ITTAPI function not implemented: __itt_suppress_push
30881 : 0x2ef859f6a9f1 : 2 : ittapi_config_apply_per_lib :  ITTAPI function not implemented: __itt_suppress_pop
30881 : 0x2ef859f6bc5f : 2 : ittapi_config_apply_per_lib :  ITTAPI function not implemented: __itt_suppress_mark_range
30881 : 0x2ef859f6cea8 : 2 : ittapi_config_apply_per_lib :  ITTAPI function not implemented: __itt_suppress_clear_range
30881 : 0x2ef859f6d9a9 : 2 : ittapi_config_apply_per_lib :  ITTAPI function NOT instrumented (not matched by --itt-config option): __itt_sync_prepare

30881 : 0x2ef859f6e404 : 2 : ittapi_config_apply_per_lib :  ITTAPI function NOT instrumented (not matched by --itt-config option): __itt_sync_cancel

30881 : 0x2ef859f6ed94 : 2 : ittapi_config_apply_per_lib :  ITTAPI function NOT instrumented (not matched by --itt-config option): __itt_sync_acquired

30881 : 0x2ef859f73448 : 2 : ittapi_config_apply_per_lib :  ITTAPI function NOT instrumented (not matched by --itt-config option): __itt_sync_releasing

30881 : 0x2ef859f74d15 : 2 : ittapi_config_apply_per_lib :  ITTAPI function not implemented: __itt_model_site_begin
30881 : 0x2ef859f75f74 : 2 : ittapi_config_apply_per_lib :  ITTAPI function not implemented: __itt_model_site_end
30881 : 0x2ef859f77248 : 2 : ittapi_config_apply_per_lib :  ITTAPI function not implemented: __itt_model_task_begin
30881 : 0x2ef859f78455 : 2 : ittapi_config_apply_per_lib :  ITTAPI function not implemented: __itt_model_task_end
30881 : 0x2ef859f794ef : 2 : ittapi_config_apply_per_lib :  ITTAPI function not implemented: __itt_model_lock_acquire
30881 : 0x2ef859f7a573 : 2 : ittapi_config_apply_per_lib :  ITTAPI function not implemented: __itt_model_lock_release
30881 : 0x2ef859f7b5f1 : 2 : ittapi_config_apply_per_lib :  ITTAPI function not implemented: __itt_model_record_allocation
30881 : 0x2ef859f7c788 : 2 : ittapi_config_apply_per_lib :  ITTAPI function not implemented: __itt_model_record_deallocation
30881 : 0x2ef859f7d83c : 2 : ittapi_config_apply_per_lib :  ITTAPI function not implemented: __itt_model_induction_uses
30881 : 0x2ef859f84c67 : 2 : ittapi_config_apply_per_lib :  ITTAPI function not implemented: __itt_model_reduction_uses
30881 : 0x2ef859f863a9 : 2 : ittapi_config_apply_per_lib :  ITTAPI function not implemented: __itt_model_observe_uses
30881 : 0x2ef859f8760a : 2 : ittapi_config_apply_per_lib :  ITTAPI function not implemented: __itt_model_clear_uses
30881 : 0x2ef859f888a8 : 2 : ittapi_config_apply_per_lib :  ITTAPI function not implemented: __itt_model_site_beginA
30881 : 0x2ef859f89a70 : 2 : ittapi_config_apply_per_lib :  ITTAPI function not implemented: __itt_model_site_beginAL
30881 : 0x2ef859f8ab7f : 2 : ittapi_config_apply_per_lib :  ITTAPI function not implemented: __itt_model_task_beginA
30881 : 0x2ef859f8bd19 : 2 : ittapi_config_apply_per_lib :  ITTAPI function not implemented: __itt_model_task_beginAL
30881 : 0x2ef859f8cdd4 : 2 : ittapi_config_apply_per_lib :  ITTAPI function not implemented: __itt_model_iteration_taskA
30881 : 0x2ef859f8e035 : 2 : ittapi_config_apply_per_lib :  ITTAPI function not implemented: __itt_model_iteration_taskAL
30881 : 0x2ef859f8f080 : 2 : ittapi_config_apply_per_lib :  ITTAPI function not implemented: __itt_model_site_end_2
30881 : 0x2ef859f943e5 : 2 : ittapi_config_apply_per_lib :  ITTAPI function not implemented: __itt_model_task_end_2
30881 : 0x2ef859f95a50 : 2 : ittapi_config_apply_per_lib :  ITTAPI function not implemented: __itt_model_lock_acquire_2
30881 : 0x2ef859f96c7b : 2 : ittapi_config_apply_per_lib :  ITTAPI function not implemented: __itt_model_lock_release_2
30881 : 0x2ef859f97e64 : 2 : ittapi_config_apply_per_lib :  ITTAPI function not implemented: __itt_model_aggregate_task
30881 : 0x2ef859f98fce : 2 : ittapi_config_apply_per_lib :  ITTAPI function not implemented: __itt_model_disable_push
30881 : 0x2ef859f9a153 : 2 : ittapi_config_apply_per_lib :  ITTAPI function not implemented: __itt_model_disable_pop
30881 : 0x2ef859f9b024 : 2 : ittapi_config_apply_per_lib :  ITTAPI function instrumented: __itt_heap_function_create
30881 : 0x2ef859f9bebb : 2 : ittapi_config_apply_per_lib :  ITTAPI function instrumented: __itt_heap_allocate_begin
30881 : 0x2ef859f9cbdc : 2 : ittapi_config_apply_per_lib :  ITTAPI function instrumented: __itt_heap_allocate_end
30881 : 0x2ef859f9d9e5 : 2 : ittapi_config_apply_per_lib :  ITTAPI function instrumented: __itt_heap_free_begin
30881 : 0x2ef859fa2552 : 2 : ittapi_config_apply_per_lib :  ITTAPI function instrumented: __itt_heap_free_end
30881 : 0x2ef859fa3527 : 2 : ittapi_config_apply_per_lib :  ITTAPI function instrumented: __itt_heap_reallocate_begin
30881 : 0x2ef859fa4266 : 2 : ittapi_config_apply_per_lib :  ITTAPI function instrumented: __itt_heap_reallocate_end
30881 : 0x2ef859fa5412 : 2 : ittapi_config_apply_per_lib :  ITTAPI function not implemented: __itt_heap_internal_access_begin
30881 : 0x2ef859fa66c2 : 2 : ittapi_config_apply_per_lib :  ITTAPI function not implemented: __itt_heap_internal_access_end
30881 : 0x2ef859fa78cc : 2 : ittapi_config_apply_per_lib :  ITTAPI function not implemented: __itt_heap_record_memory_growth_begin
30881 : 0x2ef859fa8981 : 2 : ittapi_config_apply_per_lib :  ITTAPI function not implemented: __itt_heap_record_memory_growth_end
30881 : 0x2ef859fa9acf : 2 : ittapi_config_apply_per_lib :  ITTAPI function not implemented: __itt_heap_reset_detection
30881 : 0x2ef859faaafc : 2 : ittapi_config_apply_per_lib :  ITTAPI function not implemented: __itt_heap_record
30881 : 0x2ef859faba6a : 2 : ittapi_config_apply_per_lib :  ITTAPI function not implemented: __itt_id_create
30881 : 0x2ef859fb245b : 2 : ittapi_config_apply_per_lib :  ITTAPI function not implemented: __itt_id_destroy
30881 : 0x2ef859fb3983 : 2 : ittapi_config_apply_per_lib :  ITTAPI function instrumented: __itt_get_timestamp
30881 : 0x2ef859fb48f1 : 2 : ittapi_config_apply_per_lib :  ITTAPI function not implemented: __itt_region_begin
30881 : 0x2ef859fb589f : 2 : ittapi_config_apply_per_lib :  ITTAPI function not implemented: __itt_region_end
30881 : 0x2ef859fb67be : 2 : ittapi_config_apply_per_lib :  ITTAPI function instrumented: __itt_frame_begin_v3
30881 : 0x2ef859fb7634 : 2 : ittapi_config_apply_per_lib :  ITTAPI function instrumented: __itt_frame_end_v3
30881 : 0x2ef859fb8432 : 2 : ittapi_config_apply_per_lib :  ITTAPI function instrumented: __itt_frame_submit_v3
30881 : 0x2ef859fb8e4d : 2 : ittapi_config_apply_per_lib :  ITTAPI function NOT instrumented (not matched by --itt-config option): __itt_task_group

30881 : 0x2ef859fb98aa : 2 : ittapi_config_apply_per_lib :  ITTAPI function NOT instrumented (not matched by --itt-config option): __itt_task_begin

30881 : 0x2ef859fba27a : 2 : ittapi_config_apply_per_lib :  ITTAPI function NOT instrumented (not matched by --itt-config option): __itt_task_begin_fn

30881 : 0x2ef859fbea47 : 2 : ittapi_config_apply_per_lib :  ITTAPI function NOT instrumented (not matched by --itt-config option): __itt_task_end

30881 : 0x2ef859fbf7d7 : 2 : ittapi_config_apply_per_lib :  ITTAPI function NOT instrumented (not matched by --itt-config option): __itt_counter_inc_v3

30881 : 0x2ef859fc0305 : 2 : ittapi_config_apply_per_lib :  ITTAPI function NOT instrumented (not matched by --itt-config option): __itt_counter_inc_delta_v3

30881 : 0x2ef859fc1650 : 2 : ittapi_config_apply_per_lib :  ITTAPI function not implemented: __itt_marker
30881 : 0x2ef859fc2912 : 2 : ittapi_config_apply_per_lib :  ITTAPI function instrumented: __itt_metadata_add
30881 : 0x2ef859fc3ae6 : 2 : ittapi_config_apply_per_lib :  ITTAPI function not implemented: __itt_metadata_str_add
30881 : 0x2ef859fc4c8f : 2 : ittapi_config_apply_per_lib :  ITTAPI function not implemented: __itt_relation_add_to_current
30881 : 0x2ef859fc5d0d : 2 : ittapi_config_apply_per_lib :  ITTAPI function not implemented: __itt_relation_add
30881 : 0x2ef859fc6a64 : 2 : ittapi_config_apply_per_lib :  ITTAPI function instrumented: __itt_event_create
30881 : 0x2ef859fc7467 : 2 : ittapi_config_apply_per_lib :  ITTAPI function NOT instrumented (not matched by --itt-config option): __itt_event_start

30881 : 0x2ef859fcba05 : 2 : ittapi_config_apply_per_lib :  ITTAPI function NOT instrumented (not matched by --itt-config option): __itt_event_end

30881 : 0x2ef859fcc780 : 2 : ittapi_config_apply_per_lib :  ITTAPI function NOT instrumented (not matched by --itt-config option): __itt_sync_set_name

30881 : 0x2ef859fcd1a7 : 2 : ittapi_config_apply_per_lib :  ITTAPI function NOT instrumented (not matched by --itt-config option): __itt_notify_sync_name

30881 : 0x2ef859fcdbc2 : 2 : ittapi_config_apply_per_lib :  ITTAPI function NOT instrumented (not matched by --itt-config option): __itt_notify_sync_prepare

30881 : 0x2ef859fce608 : 2 : ittapi_config_apply_per_lib :  ITTAPI function NOT instrumented (not matched by --itt-config option): __itt_notify_sync_cancel

30881 : 0x2ef859fcf056 : 2 : ittapi_config_apply_per_lib :  ITTAPI function NOT instrumented (not matched by --itt-config option): __itt_notify_sync_acquired

30881 : 0x2ef859fcfaf6 : 2 : ittapi_config_apply_per_lib :  ITTAPI function NOT instrumented (not matched by --itt-config option): __itt_notify_sync_releasing

30881 : 0x2ef859fd0e28 : 2 : ittapi_config_apply_per_lib :  ITTAPI function not implemented: __itt_memory_read
30881 : 0x2ef859fd1f3a : 2 : ittapi_config_apply_per_lib :  ITTAPI function not implemented: __itt_memory_write
30881 : 0x2ef859fd3083 : 2 : ittapi_config_apply_per_lib :  ITTAPI function not implemented: __itt_memory_update
30881 : 0x2ef859fd8210 : 2 : ittapi_config_apply_per_lib :  ITTAPI function not implemented: __itt_state_get
30881 : 0x2ef859fd95da : 2 : ittapi_config_apply_per_lib :  ITTAPI function not implemented: __itt_state_set
30881 : 0x2ef859fda569 : 2 : ittapi_config_apply_per_lib :  ITTAPI function not implemented: __itt_obj_mode_set
30881 : 0x2ef859fdb5c0 : 2 : ittapi_config_apply_per_lib :  ITTAPI function not implemented: __itt_thr_mode_set
30881 : 0x2ef859fdc32c : 2 : ittapi_config_apply_per_lib :  ITTAPI function instrumented: __itt_frame_create
30881 : 0x2ef859fdd28e : 2 : ittapi_config_apply_per_lib :  ITTAPI function instrumented: __itt_frame_begin
30881 : 0x2ef859fde0c5 : 2 : ittapi_config_apply_per_lib :  ITTAPI function instrumented: __itt_frame_end
30881 : 0x2ef859fdedac : 2 : ittapi_config_apply_per_lib :  ITTAPI function instrumented: __itt_counter_create
30881 : 0x2ef859fdf888 : 2 : ittapi_config_apply_per_lib :  ITTAPI function NOT instrumented (not matched by --itt-config option): __itt_counter_destroy

30881 : 0x2ef859fe02a0 : 2 : ittapi_config_apply_per_lib :  ITTAPI function NOT instrumented (not matched by --itt-config option): __itt_counter_inc

30881 : 0x2ef859fe6800 : 2 : ittapi_config_apply_per_lib :  ITTAPI function NOT instrumented (not matched by --itt-config option): __itt_counter_inc_delta

30881 : 0x2ef859fe7fd6 : 2 : ittapi_config_apply_per_lib :  ITTAPI function not implemented: __itt_mark_create
30881 : 0x2ef859fe90cd : 2 : ittapi_config_apply_per_lib :  ITTAPI function not implemented: __itt_mark
30881 : 0x2ef859fea1eb : 2 : ittapi_config_apply_per_lib :  ITTAPI function not implemented: __itt_mark_off
30881 : 0x2ef859feb162 : 2 : ittapi_config_apply_per_lib :  ITTAPI function not implemented: __itt_mark_global
30881 : 0x2ef859fec2d5 : 2 : ittapi_config_apply_per_lib :  ITTAPI function not implemented: __itt_mark_global_off
30881 : 0x2ef859fed45d : 2 : ittapi_config_apply_per_lib :  ITTAPI function instrumented: __itt_stack_caller_create
30881 : 0x2ef859fee29d : 2 : ittapi_config_apply_per_lib :  ITTAPI function instrumented: __itt_stack_caller_destroy
30881 : 0x2ef859fef150 : 2 : ittapi_config_apply_per_lib :  ITTAPI function instrumented: __itt_stack_callee_enter
30881 : 0x2ef859fefec2 : 2 : ittapi_config_apply_per_lib :  ITTAPI function instrumented: __itt_stack_callee_leave
30881 : 0x2ef859ff565e : 2 : ittapi_config_apply_per_lib :  ITTAPI function not implemented: __itt_clock_domain_create
30881 : 0x2ef859ff6c1a : 2 : ittapi_config_apply_per_lib :  ITTAPI function not implemented: __itt_clock_domain_reset
30881 : 0x2ef859ff7b6d : 2 : ittapi_config_apply_per_lib :  ITTAPI function not implemented: __itt_id_create_ex
30881 : 0x2ef859ff8cf8 : 2 : ittapi_config_apply_per_lib :  ITTAPI function not implemented: __itt_id_destroy_ex
30881 : 0x2ef859ff97b9 : 2 : ittapi_config_apply_per_lib :  ITTAPI function NOT instrumented (not matched by --itt-config option): __itt_task_begin_ex

30881 : 0x2ef859ffa1a7 : 2 : ittapi_config_apply_per_lib :  ITTAPI function NOT instrumented (not matched by --itt-config option): __itt_task_begin_fn_ex

30881 : 0x2ef859ffab64 : 2 : ittapi_config_apply_per_lib :  ITTAPI function NOT instrumented (not matched by --itt-config option): __itt_task_end_ex

30881 : 0x2ef859ffb57c : 2 : ittapi_config_apply_per_lib :  ITTAPI function NOT instrumented (not matched by --itt-config option): __itt_task_begin_overlapped

30881 : 0x2ef859ffbf79 : 2 : ittapi_config_apply_per_lib :  ITTAPI function NOT instrumented (not matched by --itt-config option): __itt_task_begin_overlapped_ex

30881 : 0x2ef859ffc8a5 : 2 : ittapi_config_apply_per_lib :  ITTAPI function NOT instrumented (not matched by --itt-config option): __itt_task_end_overlapped

30881 : 0x2ef85a000e10 : 2 : ittapi_config_apply_per_lib :  ITTAPI function NOT instrumented (not matched by --itt-config option): __itt_task_end_overlapped_ex

30881 : 0x2ef85a0025a6 : 2 : ittapi_config_apply_per_lib :  ITTAPI function not implemented: __itt_marker_ex
30881 : 0x2ef85a0038b4 : 2 : ittapi_config_apply_per_lib :  ITTAPI function not implemented: __itt_metadata_add_with_scope
30881 : 0x2ef85a004b82 : 2 : ittapi_config_apply_per_lib :  ITTAPI function not implemented: __itt_metadata_str_add_with_scope
30881 : 0x2ef85a005e20 : 2 : ittapi_config_apply_per_lib :  ITTAPI function not implemented: __itt_relation_add_to_current_ex
30881 : 0x2ef85a006ee7 : 2 : ittapi_config_apply_per_lib :  ITTAPI function not implemented: __itt_relation_add_ex
30881 : 0x2ef85a007f47 : 2 : ittapi_config_apply_per_lib :  ITTAPI function not implemented: __itt_track_group_create
30881 : 0x2ef85a008e27 : 2 : ittapi_config_apply_per_lib :  ITTAPI function not implemented: __itt_track_create
30881 : 0x2ef85a009d8c : 2 : ittapi_config_apply_per_lib :  ITTAPI function not implemented: __itt_set_track
30881 : 0x2ef85a00abed : 2 : ittapi_config_apply_per_lib :  ITTAPI function instrumented: __itt_api_version
30881 : 0x2ef85a0117a1 : 2 : ittapi_config_apply_per_lib :  ITTAPI function not implemented: __itt_av_save