
32586 : 0x32bbc5e64236 : 1 : spill_jit_data :  Jit agent is not initialized
32586 : 0x32bbc5e9d6df : 2 : ittapi_config_mask_get :  --itt-config mask to be applied: 1
32586 : 0x32bbc5ea7314 : 2 : ittapi_config_apply_per_lib :  ITTAPI function instrumented: __itt_domain_create
32586 : 0x32bbc5eaa995 : 2 : ittapi_config_apply_per_lib :  ITTAPI function instrumented: __itt_string_handle_create
32586 : 0x32bbc5eadc86 : 2 : ittapi_config_apply_per_lib :  ITTAPI function instrumented: __itt_pause
32586 : 0x32bbc5eb0da7 : 2 : ittapi_config_apply_per_lib :  ITTAPI function instrumented: __itt_resume
32586 : 0x32bbc5eb3deb : 2 : ittapi_config_apply_per_lib :  ITTAPI function instrumented: __itt_thread_set_name
32586 : 0x32bbc5eb6a90 : 2 : ittapi_config_apply_per_lib :  ITTAPI function instrumented: __itt_thread_ignore
32586 : 0x32bbc5eb9e87 : 2 : ittapi_config_apply_per_lib :  ITTAPI function instrumented: __itt_thr_name_set
32586 : 0x32bbc5ec7422 : 2 : ittapi_config_apply_per_lib :  ITTAPI function instrumented: __itt_thr_ignore
32586 : 0x32bbc5ef2668 : 2 : ittapi_config_apply_per_lib :  ITTAPI function not implemented: __itt_enable_attach
32586 : 0x32bbc5ef5af0 : 2 : ittapi_config_apply_per_lib :  ITTAPI function NOT instrumented (not matched by --itt-config option): __itt_sync_create

32586 : 0x32bbc5ef8067 : 2 : ittapi_config_apply_per_lib :  ITTAPI function NOT instrumented (not matched by --itt-config option): __itt_sync_rename

32586 : 0x32bbc5ef9c94 : 2 : ittapi_config_apply_per_lib :  ITTAPI function NOT instrumented (not matched by --itt-config option): __itt_sync_destroy

32586 : 0x32bbc5efb99f : 2 : ittapi_config_apply_per_lib :  ITTAPI function NOT instrumented (not matched by --itt-config option): __itt_sync_prepare

32586 : 0x32bbc5efd475 : 2 : ittapi_config_apply_per_lib :  ITTAPI function NOT instrumented (not matched by --itt-config option): __itt_sync_cancel

32586 : 0x32bbc5efef6a : 2 : ittapi_config_apply_per_lib :  ITTAPI function NOT instrumented (not matched by --itt-config option): __itt_sync_acquired

32586 : 0x32bbc5f0099a : 2 : ittapi_config_apply_per_lib :  ITTAPI function NOT instrumented (not matched by --itt-config option): __itt_sync_releasing

32586 : 0x32bbc5f067e4 : 2 : ittapi_config_apply_per_lib :  ITTAPI function not implemented: __itt_suppress_push
32586 : 0x32bbc5f0a46a : 2 : ittapi_config_apply_per_lib :  ITTAPI function not implemented: __itt_suppress_pop
32586 : 0x32bbc5f1b86d : 2 : ittapi_config_apply_per_lib :  ITTAPI function not implemented: __itt_suppress_mark_range
32586 : 0x32bbc5f1faee : 2 : ittapi_config_apply_per_lib :  ITTAPI function not implemented: __itt_suppress_clear_range
32586 : 0x32bbc5f21bf8 : 2 : ittapi_config_apply_per_lib :  ITTAPI function NOT instrumented (not matched by --itt-config option): __itt_sync_prepare

32586 : 0x32bbc5f23710 : 2 : ittapi_config_apply_per_lib :  ITTAPI function NOT instrumented (not matched by --itt-config option): __itt_sync_cancel

32586 : 0x32bbc5f251b9 : 2 : ittapi_config_apply_per_lib :  ITTAPI function NOT instrumented (not matched by --itt-config option): __itt_sync_acquired

32586 : 0x32bbc5f27116 : 2 : ittapi_config_apply_per_lib :  ITTAPI function NOT instrumented (not matched by --itt-config option): __itt_sync_releasing

32586 : 0x32bbc5f2a741 : 2 : ittapi_config_apply_per_lib :  ITTAPI function not implemented: __itt_model_site_begin
32586 : 0x32bbc5f2d6c5 : 2 : ittapi_config_apply_per_lib :  ITTAPI function not implemented: __itt_model_site_end
32586 : 0x32bbc5f30b4e : 2 : ittapi_config_apply_per_lib :  ITTAPI function not implemented: __itt_model_task_begin
32586 : 0x32bbc5f338d1 : 2 : ittapi_config_apply_per_lib :  ITTAPI function not implemented: __itt_model_task_end
32586 : 0x32bbc5f4208f : 2 : ittapi_config_apply_per_lib :  ITTAPI function not implemented: __itt_model_lock_acquire
32586 : 0x32bbc5f50f55 : 2 : ittapi_config_apply_per_lib :  ITTAPI function not implemented: __itt_model_lock_release
32586 : 0x32bbc5f54071 : 2 : ittapi_config_apply_per_lib :  ITTAPI function not implemented: __itt_model_record_allocation
32586 : 0x32bbc5f57a72 : 2 : ittapi_config_apply_per_lib :  ITTAPI function not implemented: __itt_model_record_deallocation
32586 : 0x32bbc5f5aebf : 2 : ittapi_config_apply_per_lib :  ITTAPI function not implemented: __itt_model_induction_uses
32586 : 0x32bbc5f5dfea : 2 : ittapi_config_apply_per_lib :  ITTAPI function not implemented: __itt_model_reduction_uses
32586 : 0x32bbc5f61519 : 2 : ittapi_config_apply_per_lib :  ITTAPI function not implemented: __itt_model_observe_uses
32586 : 0x32bbc5f64c87 : 2 : ittapi_config_apply_per_lib :  ITTAPI function not implemented: __itt_model_clear_uses
32586 : 0x32bbc5f68605 : 2 : ittapi_config_apply_per_lib :  ITTAPI function not implemented: __itt_model_site_beginA
32586 : 0x32bbc5f7017c : 2 : ittapi_config_apply_per_lib :  ITTAPI function not implemented: __itt_model_site_beginAL
32586 : 0x32bbc5f87580 : 2 : ittapi_config_apply_per_lib :  ITTAPI function not implemented: __itt_model_task_beginA
32586 : 0x32bbc5f8bd6a : 2 : ittapi_config_apply_per_lib :  ITTAPI function not implemented: __itt_model_task_beginAL
32586 : 0x32bbc5f8f3cc : 2 : ittapi_config_apply_per_lib :  ITTAPI function not implemented: __itt_model_iteration_taskA
32586 : 0x32bbc5f92379 : 2 : ittapi_config_apply_per_lib :  ITTAPI function not implemented: __itt_model_iteration_taskAL
32586 : 0x32bbc5f95a40 : 2 : ittapi_config_apply_per_lib :  ITTAPI function not implemented: __itt_model_site_end_2
32586 : 0x32bbc5f988e2 : 2 : ittapi_config_apply_per_lib :  ITTAPI function not implemented: __itt_model_task_end_2
32586 : 0x32bbc5f9c2e8 : 2 : ittapi_config_apply_per_lib :  ITTAPI function not implemented: __itt_model_lock_acquire_2
32586 : 0x32bbc5f9fb51 : 2 : ittapi_config_apply_per_lib :  ITTAPI function not implemented: __itt_model_lock_release_2
32586 : 0x32bbc5fa2f11 : 2 : ittapi_config_apply_per_lib :  ITTAPI function not implemented: __itt_model_aggregate_task
32586 : 0x32bbc5fa6147 : 2 : ittapi_config_apply_per_lib :  ITTAPI function not implemented: __itt_model_disable_push
32586 : 0x32bbc5fb5e96 : 2 : ittapi_config_apply_per_lib :  ITTAPI function not implemented: __itt_model_disable_pop
32586 : 0x32bbc5fb9310 : 2 : ittapi_config_apply_per_lib :  ITTAPI function instrumented: __itt_heap_function_create
32586 : 0x32bbc5fbbb98 : 2 : ittapi_config_apply_per_lib :  ITTAPI function instrumented: __itt_heap_allocate_begin
32586 : 0x32bbc5fbe5a4 : 2 : ittapi_config_apply_per_lib :  ITTAPI function instrumented: __itt_heap_allocate_end
32586 : 0x32bbc5fc1001 : 2 : ittapi_config_apply_per_lib :  ITTAPI function instrumented: __itt_heap_free_begin
32586 : 0x32bbc5fc3472 : 2 : ittapi_config_apply_per_lib :  ITTAPI function instrumented: __itt_heap_free_end
32586 : 0x32bbc5fc5e14 : 2 : ittapi_config_apply_per_lib :  ITTAPI function instrumented: __itt_heap_reallocate_begin
32586 : 0x32bbc5fc8b37 : 2 : ittapi_config_apply_per_lib :  ITTAPI function instrumented: __itt_heap_reallocate_end
32586 : 0x32bbc5fcbcb3 : 2 : ittapi_config_apply_per_lib :  ITTAPI function not implemented: __itt_heap_internal_access_begin
32586 : 0x32bbc5fcef35 : 2 : ittapi_config_apply_per_lib :  ITTAPI function not implemented: __itt_heap_internal_access_end
32586 : 0x32bbc5fdee90 : 2 : ittapi_config_apply_per_lib :  ITTAPI function not implemented: __itt_heap_record_memory_growth_begin
32586 : 0x32bbc5fe2eb5 : 2 : ittapi_config_apply_per_lib :  ITTAPI function not implemented: __itt_heap_record_memory_growth_end
32586 : 0x32bbc5fe6389 : 2 : ittapi_config_apply_per_lib :  ITTAPI function not implemented: __itt_heap_reset_detection
32586 : 0x32bbc5fe9771 : 2 : ittapi_config_apply_per_lib :  ITTAPI function not implemented: __itt_heap_record
32586 : 0x32bbc5fec64a : 2 : ittapi_config_apply_per_lib :  ITTAPI function not implemented: __itt_id_create
32586 : 0x32bbc5fef377 : 2 : ittapi_config_apply_per_lib :  ITTAPI function not implemented: __itt_id_destroy
32586 : 0x32bbc5ff236f : 2 : ittapi_config_apply_per_lib :  ITTAPI function instrumented: __itt_get_timestamp
32586 : 0x32bbc5ff4f41 : 2 : ittapi_config_apply_per_lib :  ITTAPI function not implemented: __itt_region_begin
32586 : 0x32bbc5ffb660 : 2 : ittapi_config_apply_per_lib :  ITTAPI function not implemented: __itt_region_end
32586 : 0x32bbc5ffe864 : 2 : ittapi_config_apply_per_lib :  ITTAPI function instrumented: __itt_frame_begin_v3
32586 : 0x32bbc60168a4 : 2 : ittapi_config_apply_per_lib :  ITTAPI function instrumented: __itt_frame_end_v3
32586 : 0x32bbc601a58a : 2 : ittapi_config_apply_per_lib :  ITTAPI function instrumented: __itt_frame_submit_v3
32586 : 0x32bbc601c42d : 2 : ittapi_config_apply_per_lib :  ITTAPI function NOT instrumented (not matched by --itt-config option): __itt_task_group

32586 : 0x32bbc601dddf : 2 : ittapi_config_apply_per_lib :  ITTAPI function NOT instrumented (not matched by --itt-config option): __itt_task_begin

32586 : 0x32bbc601f984 : 2 : ittapi_config_apply_per_lib :  ITTAPI function NOT instrumented (not matched by --itt-config option): __itt_task_begin_fn

32586 : 0x32bbc6021268 : 2 : ittapi_config_apply_per_lib :  ITTAPI function NOT instrumented (not matched by --itt-config option): __itt_task_end

32586 : 0x32bbc6022f18 : 2 : ittapi_config_apply_per_lib :  ITTAPI function NOT instrumented (not matched by --itt-config option): __itt_counter_inc_v3

32586 : 0x32bbc6024abd : 2 : ittapi_config_apply_per_lib :  ITTAPI function NOT instrumented (not matched by --itt-config option): __itt_counter_inc_delta_v3

32586 : 0x32bbc6028752 : 2 : ittapi_config_apply_per_lib :  ITTAPI function not implemented: __itt_marker
32586 : 0x32bbc602bb3f : 2 : ittapi_config_apply_per_lib :  ITTAPI function instrumented: __itt_metadata_add
32586 : 0x32bbc603b51c : 2 : ittapi_config_apply_per_lib :  ITTAPI function not implemented: __itt_metadata_str_add
32586 : 0x32bbc603fdf3 : 2 : ittapi_config_apply_per_lib :  ITTAPI function not implemented: __itt_relation_add_to_current
32586 : 0x32bbc60434a6 : 2 : ittapi_config_apply_per_lib :  ITTAPI function not implemented: __itt_relation_add
32586 : 0x32bbc6045e67 : 2 : ittapi_config_apply_per_lib :  ITTAPI function instrumented: __itt_event_create
32586 : 0x32bbc6047a66 : 2 : ittapi_config_apply_per_lib :  ITTAPI function NOT instrumented (not matched by --itt-config option): __itt_event_start

32586 : 0x32bbc6049309 : 2 : ittapi_config_apply_per_lib :  ITTAPI function NOT instrumented (not matched by --itt-config option): __itt_event_end

32586 : 0x32bbc604adc6 : 2 : ittapi_config_apply_per_lib :  ITTAPI function NOT instrumented (not matched by --itt-config option): __itt_sync_set_name

32586 : 0x32bbc604cb63 : 2 : ittapi_config_apply_per_lib :  ITTAPI function NOT instrumented (not matched by --itt-config option): __itt_notify_sync_name

32586 : 0x32bbc604e809 : 2 : ittapi_config_apply_per_lib :  ITTAPI function NOT instrumented (not matched by --itt-config option): __itt_notify_sync_prepare

32586 : 0x32bbc6050642 : 2 : ittapi_config_apply_per_lib :  ITTAPI function NOT instrumented (not matched by --itt-config option): __itt_notify_sync_cancel

32586 : 0x32bbc605ddf2 : 2 : ittapi_config_apply_per_lib :  ITTAPI function NOT instrumented (not matched by --itt-config option): __itt_notify_sync_acquired

32586 : 0x32bbc606073e : 2 : ittapi_config_apply_per_lib :  ITTAPI function NOT instrumented (not matched by --itt-config option): __itt_notify_sync_releasing

32586 : 0x32bbc60645d0 : 2 : ittapi_config_apply_per_lib :  ITTAPI function not implemented: __itt_memory_read
32586 : 0x32bbc6067926 : 2 : ittapi_config_apply_per_lib :  ITTAPI function not implemented: __itt_memory_write
32586 : 0x32bbc606b029 : 2 : ittapi_config_apply_per_lib :  ITTAPI function not implemented: __itt_memory_update
32586 : 0x32bbc606e939 : 2 : ittapi_config_apply_per_lib :  ITTAPI function not implemented: __itt_state_get
32586 : 0x32bbc607181c : 2 : ittapi_config_apply_per_lib :  ITTAPI function not implemented: __itt_state_set
32586 : 0x32bbc607486f : 2 : ittapi_config_apply_per_lib :  ITTAPI function not implemented: __itt_obj_mode_set
32586 : 0x32bbc607786c : 2 : ittapi_config_apply_per_lib :  ITTAPI function not implemented: __itt_thr_mode_set
32586 : 0x32bbc607a049 : 2 : ittapi_config_apply_per_lib :  ITTAPI function instrumented: __itt_frame_create
32586 : 0x32bbc608ce5f : 2 : ittapi_config_apply_per_lib :  ITTAPI function instrumented: __itt_frame_begin
32586 : 0x32bbc608ff49 : 2 : ittapi_config_apply_per_lib :  ITTAPI function instrumented: __itt_frame_end
32586 : 0x32bbc6092896 : 2 : ittapi_config_apply_per_lib :  ITTAPI function instrumented: __itt_counter_create
32586 : 0x32bbc6094798 : 2 : ittapi_config_apply_per_lib :  ITTAPI function NOT instrumented (not matched by --itt-config option): __itt_counter_destroy

32586 : 0x32bbc6096e42 : 2 : ittapi_config_apply_per_lib :  ITTAPI function NOT instrumented (not matched by --itt-config option): __itt_counter_inc

32586 : 0x32bbc6098dbd : 2 : ittapi_config_apply_per_lib :  ITTAPI function NOT instrumented (not matched by --itt-config option): __itt_counter_inc_delta

32586 : 0x32bbc609be57 : 2 : ittapi_config_apply_per_lib :  ITTAPI function not implemented: __itt_mark_create
32586 : 0x32bbc609eee6 : 2 : ittapi_config_apply_per_lib :  ITTAPI function not implemented: __itt_mark
32586 : 0x32bbc60a2466 : 2 : ittapi_config_apply_per_lib :  ITTAPI function not implemented: __itt_mark_off
32586 : 0x32bbc60a5330 : 2 : ittapi_config_apply_per_lib :  ITTAPI function not implemented: __itt_mark_global
32586 : 0x32bbc60b3a3e : 2 : ittapi_config_apply_per_lib :  ITTAPI function not implemented: __itt_mark_global_off
32586 : 0x32bbc60b6834 : 2 : ittapi_config_apply_per_lib :  ITTAPI function NOT instrumented (not matched by --itt-config option): __itt_stack_caller_create

32586 : 0x32bbc60b8e33 : 2 : ittapi_config_apply_per_lib :  ITTAPI function NOT instrumented (not matched by --itt-config option): __itt_stack_caller_destroy

32586 : 0x32bbc60baeb9 : 2 : ittapi_config_apply_per_lib :  ITTAPI function NOT instrumented (not matched by --itt-config option): __itt_stack_callee_enter

32586 : 0x32bbc60bcaf0 : 2 : ittapi_config_apply_per_lib :  ITTAPI function NOT instrumented (not matched by --itt-config option): __itt_stack_callee_leave

32586 : 0x32bbc60c02a4 : 2 : ittapi_config_apply_per_lib :  ITTAPI function not implemented: __itt_clock_domain_create
32586 : 0x32bbc60c3833 : 2 : ittapi_config_apply_per_lib :  ITTAPI function not implemented: __itt_clock_domain_reset
32586 : 0x32bbc60c67b7 : 2 : ittapi_config_apply_per_lib :  ITTAPI function not implemented: __itt_id_create_ex
32586 : 0x32bbc60c9d2d : 2 : ittapi_config_apply_per_lib :  ITTAPI function not implemented: __itt_id_destroy_ex
32586 : 0x32bbc60cbae3 : 2 : ittapi_config_apply_per_lib :  ITTAPI function NOT instrumented (not matched by --itt-config option): __itt_task_begin_ex

32586 : 0x32bbc60d8b05 : 2 : ittapi_config_apply_per_lib :  ITTAPI function NOT instrumented (not matched by --itt-config option): __itt_task_begin_fn_ex

32586 : 0x32bbc60db181 : 2 : ittapi_config_apply_per_lib :  ITTAPI function NOT instrumented (not matched by --itt-config option): __itt_task_end_ex

32586 : 0x32bbc60dcc9e : 2 : ittapi_config_apply_per_lib :  ITTAPI function NOT instrumented (not matched by --itt-config option): __itt_task_begin_overlapped

32586 : 0x32bbc60de7c0 : 2 : ittapi_config_apply_per_lib :  ITTAPI function NOT instrumented (not matched by --itt-config option): __itt_task_begin_overlapped_ex

32586 : 0x32bbc60e04c6 : 2 : ittapi_config_apply_per_lib :  ITTAPI function NOT instrumented (not matched by --itt-config option): __itt_task_end_overlapped

32586 : 0x32bbc60e2176 : 2 : ittapi_config_apply_per_lib :  ITTAPI function NOT instrumented (not matched by --itt-config option): __itt_task_end_overlapped_ex

32586 : 0x32bbc60e64d0 : 2 : ittapi_config_apply_per_lib :  ITTAPI function not implemented: __itt_marker_ex
32586 : 0x32bbc60ea2a7 : 2 : ittapi_config_apply_per_lib :  ITTAPI function not implemented: __itt_metadata_add_with_scope
32586 : 0x32bbc60edd9f : 2 : ittapi_config_apply_per_lib :  ITTAPI function not implemented: __itt_metadata_str_add_with_scope
32586 : 0x32bbc60f1452 : 2 : ittapi_config_apply_per_lib :  ITTAPI function not implemented: __itt_relation_add_to_current_ex
32586 : 0x32bbc6100c6a : 2 : ittapi_config_apply_per_lib :  ITTAPI function not implemented: __itt_relation_add_ex
32586 : 0x32bbc6105074 : 2 : ittapi_config_apply_per_lib :  ITTAPI function not implemented: __itt_track_group_create
32586 : 0x32bbc6108351 : 2 : ittapi_config_apply_per_lib :  ITTAPI function not implemented: __itt_track_create
32586 : 0x32bbc610b5ba : 2 : ittapi_config_apply_per_lib :  ITTAPI function not implemented: __itt_set_track
32586 : 0x32bbc610e1eb : 2 : ittapi_config_apply_per_lib :  ITTAPI function instrumented: __itt_api_version
32586 : 0x32bbc61110c9 : 2 : ittapi_config_apply_per_lib :  ITTAPI function not implemented: __itt_av_save
32586 : 0x32bbc625674c : 2 : ittapi_config_mask_get :  --itt-config mask to be applied: 1
32586 : 0x32bbc625b174 : 2 : ittapi_config_apply_per_lib :  ITTAPI function instrumented: __itt_domain_create
32586 : 0x32bbc625d4cb : 2 : ittapi_config_apply_per_lib :  ITTAPI function instrumented: __itt_string_handle_create
32586 : 0x32bbc625f61b : 2 : ittapi_config_apply_per_lib :  ITTAPI function instrumented: __itt_pause
32586 : 0x32bbc62744f8 : 2 : ittapi_config_apply_per_lib :  ITTAPI function instrumented: __itt_resume
32586 : 0x32bbc6277532 : 2 : ittapi_config_apply_per_lib :  ITTAPI function instrumented: __itt_thread_set_name
32586 : 0x32bbc6279b90 : 2 : ittapi_config_apply_per_lib :  ITTAPI function instrumented: __itt_thread_ignore
32586 : 0x32bbc627bf0f : 2 : ittapi_config_apply_per_lib :  ITTAPI function instrumented: __itt_thr_name_set
32586 : 0x32bbc627e2d9 : 2 : ittapi_config_apply_per_lib :  ITTAPI function instrumented: __itt_thr_ignore
32586 : 0x32bbc6281a00 : 2 : ittapi_config_apply_per_lib :  ITTAPI function not implemented: __itt_enable_attach
32586 : 0x32bbc6283793 : 2 : ittapi_config_apply_per_lib :  ITTAPI function NOT instrumented (not matched by --itt-config option): __itt_sync_create

32586 : 0x32bbc628524b : 2 : ittapi_config_apply_per_lib :  ITTAPI function NOT instrumented (not matched by --itt-config option): __itt_sync_rename

32586 : 0x32bbc6286b70 : 2 : ittapi_config_apply_per_lib :  ITTAPI function NOT instrumented (not matched by --itt-config option): __itt_sync_destroy

32586 : 0x32bbc62886ca : 2 : ittapi_config_apply_per_lib :  ITTAPI function NOT instrumented (not matched by --itt-config option): __itt_sync_prepare

32586 : 0x32bbc6293844 : 2 : ittapi_config_apply_per_lib :  ITTAPI function NOT instrumented (not matched by --itt-config option): __itt_sync_cancel

32586 : 0x32bbc62955e1 : 2 : ittapi_config_apply_per_lib :  ITTAPI function NOT instrumented (not matched by --itt-config option): __itt_sync_acquired

32586 : 0x32bbc6296ceb : 2 : ittapi_config_apply_per_lib :  ITTAPI function NOT instrumented (not matched by --itt-config option): __itt_sync_releasing

32586 : 0x32bbc629a8a2 : 2 : ittapi_config_apply_per_lib :  ITTAPI function not implemented: __itt_suppress_push
32586 : 0x32bbc629de64 : 2 : ittapi_config_apply_per_lib :  ITTAPI function not implemented: __itt_suppress_pop
32586 : 0x32bbc62a0ab3 : 2 : ittapi_config_apply_per_lib :  ITTAPI function not implemented: __itt_suppress_mark_range
32586 : 0x32bbc62a39fb : 2 : ittapi_config_apply_per_lib :  ITTAPI function not implemented: __itt_suppress_clear_range
32586 : 0x32bbc62a54e6 : 2 : ittapi_config_apply_per_lib :  ITTAPI function NOT instrumented (not matched by --itt-config option): __itt_sync_prepare

32586 : 0x32bbc62a6984 : 2 : ittapi_config_apply_per_lib :  ITTAPI function NOT instrumented (not matched by --itt-config option): __itt_sync_cancel

32586 : 0x32bbc62a819a : 2 : ittapi_config_apply_per_lib :  ITTAPI function NOT instrumented (not matched by --itt-config option): __itt_sync_acquired

32586 : 0x32bbc62b2f75 : 2 : ittapi_config_apply_per_lib :  ITTAPI function NOT instrumented (not matched by --itt-config option): __itt_sync_releasing

32586 : 0x32bbc62b6a77 : 2 : ittapi_config_apply_per_lib :  ITTAPI function not implemented: __itt_model_site_begin
32586 : 0x32bbc62b9611 : 2 : ittapi_config_apply_per_lib :  ITTAPI function not implemented: __itt_model_site_end
32586 : 0x32bbc62bc98a : 2 : ittapi_config_apply_per_lib :  ITTAPI function not implemented: __itt_model_task_begin
32586 : 0x32bbc62bf87c : 2 : ittapi_config_apply_per_lib :  ITTAPI function not implemented: __itt_model_task_end
32586 : 0x32bbc62c265a : 2 : ittapi_config_apply_per_lib :  ITTAPI function not implemented: __itt_model_lock_acquire
32586 : 0x32bbc62c505c : 2 : ittapi_config_apply_per_lib :  ITTAPI function not implemented: __itt_model_lock_release
32586 : 0x32bbc62c776f : 2 : ittapi_config_apply_per_lib :  ITTAPI function not implemented: __itt_model_record_allocation
32586 : 0x32bbc62ca291 : 2 : ittapi_config_apply_per_lib :  ITTAPI function not implemented: __itt_model_record_deallocation
32586 : 0x32bbc62cccb1 : 2 : ittapi_config_apply_per_lib :  ITTAPI function not implemented: __itt_model_induction_uses
32586 : 0x32bbc62dd71f : 2 : ittapi_config_apply_per_lib :  ITTAPI function not implemented: __itt_model_reduction_uses
32586 : 0x32bbc62e0cb3 : 2 : ittapi_config_apply_per_lib :  ITTAPI function not implemented: __itt_model_observe_uses
32586 : 0x32bbc62e3b28 : 2 : ittapi_config_apply_per_lib :  ITTAPI function not implemented: __itt_model_clear_uses
32586 : 0x32bbc62e68a0 : 2 : ittapi_config_apply_per_lib :  ITTAPI function not implemented: __itt_model_site_beginA
32586 : 0x32bbc62e9701 : 2 : ittapi_config_apply_per_lib :  ITTAPI function not implemented: __itt_model_site_beginAL
32586 : 0x32bbc62ec18b : 2 : ittapi_config_apply_per_lib :  ITTAPI function not implemented: __itt_model_task_beginA
32586 : 0x32bbc62eed70 : 2 : ittapi_config_apply_per_lib :  ITTAPI function not implemented: __itt_model_task_beginAL
32586 : 0x32bbc62f1617 : 2 : ittapi_config_apply_per_lib :  ITTAPI function not implemented: __itt_model_iteration_taskA
32586 : 0x32bbc62f3f87 : 2 : ittapi_config_apply_per_lib :  ITTAPI function not implemented: __itt_model_iteration_taskAL
32586 : 0x32bbc62f687e : 2 : ittapi_config_apply_per_lib :  ITTAPI function not implemented: __itt_model_site_end_2
32586 : 0x32bbc6303153 : 2 : ittapi_config_apply_per_lib :  ITTAPI function not implemented: __itt_model_task_end_2
32586 : 0x32bbc63067ba : 2 : ittapi_config_apply_per_lib :  ITTAPI function not implemented: __itt_model_lock_acquire_2
32586 : 0x32bbc6309969 : 2 : ittapi_config_apply_per_lib :  ITTAPI function not implemented: __itt_model_lock_release_2
32586 : 0x32bbc630c810 : 2 : ittapi_config_apply_per_lib :  ITTAPI function not implemented: __itt_model_aggregate_task
32586 : 0x32bbc630f235 : 2 : ittapi_config_apply_per_lib :  ITTAPI function not implemented: __itt_model_disable_push
32586 : 0x32bbc6311c32 : 2 : ittapi_config_apply_per_lib :  ITTAPI function not implemented: __itt_model_disable_pop
32586 : 0x32bbc6314277 : 2 : ittapi_config_apply_per_lib :  ITTAPI function instrumented: __itt_heap_function_create
32586 : 0x32bbc6316b87 : 2 : ittapi_config_apply_per_lib :  ITTAPI function instrumented: __itt_heap_allocate_begin
32586 : 0x32bbc6318d78 : 2 : ittapi_config_apply_per_lib :  ITTAPI function instrumented: __itt_heap_allocate_end
32586 : 0x32bbc631ae13 : 2 : ittapi_config_apply_per_lib :  ITTAPI function instrumented: __itt_heap_free_begin
32586 : 0x32bbc6325cea : 2 : ittapi_config_apply_per_lib :  ITTAPI function instrumented: __itt_heap_free_end
32586 : 0x32bbc632873c : 2 : ittapi_config_apply_per_lib :  ITTAPI function instrumented: __itt_heap_reallocate_begin
32586 : 0x32bbc632ab43 : 2 : ittapi_config_apply_per_lib :  ITTAPI function instrumented: __itt_heap_reallocate_end
32586 : 0x32bbc632d9f4 : 2 : ittapi_config_apply_per_lib :  ITTAPI function not implemented: __itt_heap_internal_access_begin
32586 : 0x32bbc63308dc : 2 : ittapi_config_apply_per_lib :  ITTAPI function not implemented: __itt_heap_internal_access_end
32586 : 0x32bbc63336c9 : 2 : ittapi_config_apply_per_lib :  ITTAPI function not implemented: __itt_heap_record_memory_growth_begin
32586 : 0x32bbc63362e1 : 2 : ittapi_config_apply_per_lib :  ITTAPI function not implemented: __itt_heap_record_memory_growth_end
32586 : 0x32bbc6338ee5 : 2 : ittapi_config_apply_per_lib :  ITTAPI function not implemented: __itt_heap_reset_detection
32586 : 0x32bbc633b63a : 2 : ittapi_config_apply_per_lib :  ITTAPI function not implemented: __itt_heap_record
32586 : 0x32bbc633df31 : 2 : ittapi_config_apply_per_lib :  ITTAPI function not implemented: __itt_id_create
32586 : 0x32bbc634db42 : 2 : ittapi_config_apply_per_lib :  ITTAPI function not implemented: __itt_id_destroy
32586 : 0x32bbc635101c : 2 : ittapi_config_apply_per_lib :  ITTAPI function instrumented: __itt_get_timestamp
32586 : 0x32bbc63538f5 : 2 : ittapi_config_apply_per_lib :  ITTAPI function not implemented: __itt_region_begin
32586 : 0x32bbc6356169 : 2 : ittapi_config_apply_per_lib :  ITTAPI function not implemented: __itt_region_end
32586 : 0x32bbc63588aa : 2 : ittapi_config_apply_per_lib :  ITTAPI function instrumented: __itt_frame_begin_v3
32586 : 0x32bbc635b1c4 : 2 : ittapi_config_apply_per_lib :  ITTAPI function instrumented: __itt_frame_end_v3
32586 : 0x32bbc635d4c0 : 2 : ittapi_config_apply_per_lib :  ITTAPI function instrumented: __itt_frame_submit_v3
32586 : 0x32bbc635ee45 : 2 : ittapi_config_apply_per_lib :  ITTAPI function NOT instrumented (not matched by --itt-config option): __itt_task_group

32586 : 0x32bbc6360789 : 2 : ittapi_config_apply_per_lib :  ITTAPI function NOT instrumented (not matched by --itt-config option): __itt_task_begin

32586 : 0x32bbc6361da6 : 2 : ittapi_config_apply_per_lib :  ITTAPI function NOT instrumented (not matched by --itt-config option): __itt_task_begin_fn

32586 : 0x32bbc636edf0 : 2 : ittapi_config_apply_per_lib :  ITTAPI function NOT instrumented (not matched by --itt-config option): __itt_task_end

32586 : 0x32bbc6370b79 : 2 : ittapi_config_apply_per_lib :  ITTAPI function NOT instrumented (not matched by --itt-config option): __itt_counter_inc_v3

32586 : 0x32bbc63723d0 : 2 : ittapi_config_apply_per_lib :  ITTAPI function NOT instrumented (not matched by --itt-config option): __itt_counter_inc_delta_v3

32586 : 0x32bbc63750bb : 2 : ittapi_config_apply_per_lib :  ITTAPI function not implemented: __itt_marker
32586 : 0x32bbc6377aff : 2 : ittapi_config_apply_per_lib :  ITTAPI function instrumented: __itt_metadata_add
32586 : 0x32bbc637a6da : 2 : ittapi_config_apply_per_lib :  ITTAPI function not implemented: __itt_metadata_str_add
32586 : 0x32bbc637d04f : 2 : ittapi_config_apply_per_lib :  ITTAPI function not implemented: __itt_relation_add_to_current
32586 : 0x32bbc6382a86 : 2 : ittapi_config_apply_per_lib :  ITTAPI function not implemented: __itt_relation_add
32586 : 0x32bbc6385181 : 2 : ittapi_config_apply_per_lib :  ITTAPI function instrumented: __itt_event_create
32586 : 0x32bbc6386877 : 2 : ittapi_config_apply_per_lib :  ITTAPI function NOT instrumented (not matched by --itt-config option): __itt_event_start

32586 : 0x32bbc6390ca9 : 2 : ittapi_config_apply_per_lib :  ITTAPI function NOT instrumented (not matched by --itt-config option): __itt_event_end

32586 : 0x32bbc63929ff : 2 : ittapi_config_apply_per_lib :  ITTAPI function NOT instrumented (not matched by --itt-config option): __itt_sync_set_name

32586 : 0x32bbc63942b6 : 2 : ittapi_config_apply_per_lib :  ITTAPI function NOT instrumented (not matched by --itt-config option): __itt_notify_sync_name

32586 : 0x32bbc6395bc7 : 2 : ittapi_config_apply_per_lib :  ITTAPI function NOT instrumented (not matched by --itt-config option): __itt_notify_sync_prepare

32586 : 0x32bbc63973dc : 2 : ittapi_config_apply_per_lib :  ITTAPI function NOT instrumented (not matched by --itt-config option): __itt_notify_sync_cancel

32586 : 0x32bbc6398f40 : 2 : ittapi_config_apply_per_lib :  ITTAPI function NOT instrumented (not matched by --itt-config option): __itt_notify_sync_acquired

32586 : 0x32bbc639a714 : 2 : ittapi_config_apply_per_lib :  ITTAPI function NOT instrumented (not matched by --itt-config option): __itt_notify_sync_releasing

32586 : 0x32bbc639d47d : 2 : ittapi_config_apply_per_lib :  ITTAPI function not implemented: __itt_memory_read
32586 : 0x32bbc63a013b : 2 : ittapi_config_apply_per_lib :  ITTAPI function not implemented: __itt_memory_write
32586 : 0x32bbc63a30cf : 2 : ittapi_config_apply_per_lib :  ITTAPI function not implemented: __itt_memory_update
32586 : 0x32bbc63bd274 : 2 : ittapi_config_apply_per_lib :  ITTAPI function not implemented: __itt_state_get
32586 : 0x32bbc63c0262 : 2 : ittapi_config_apply_per_lib :  ITTAPI function not implemented: __itt_state_set
32586 : 0x32bbc63c2a47 : 2 : ittapi_config_apply_per_lib :  ITTAPI function not implemented: __itt_obj_mode_set
32586 : 0x32bbc63c4ef4 : 2 : ittapi_config_apply_per_lib :  ITTAPI function not implemented: __itt_thr_mode_set
32586 : 0x32bbc63c7037 : 2 : ittapi_config_apply_per_lib :  ITTAPI function instrumented: __itt_frame_create
32586 : 0x32bbc63c9294 : 2 : ittapi_config_apply_per_lib :  ITTAPI function instrumented: __itt_frame_begin
32586 : 0x32bbc63cb2d4 : 2 : ittapi_config_apply_per_lib :  ITTAPI function instrumented: __itt_frame_end
32586 : 0x32bbc63cd540 : 2 : ittapi_config_apply_per_lib :  ITTAPI function instrumented: __itt_counter_create
32586 : 0x32bbc63cec91 : 2 : ittapi_config_apply_per_lib :  ITTAPI function NOT instrumented (not matched by --itt-config option): __itt_counter_destroy

32586 : 0x32bbc63d01a6 : 2 : ittapi_config_apply_per_lib :  ITTAPI function NOT instrumented (not matched by --itt-config option): __itt_counter_inc

32586 : 0x32bbc63d9e59 : 2 : ittapi_config_apply_per_lib :  ITTAPI function NOT instrumented (not matched by --itt-config option): __itt_counter_inc_delta

32586 : 0x32bbc63dd28a : 2 : ittapi_config_apply_per_lib :  ITTAPI function not implemented: __itt_mark_create
32586 : 0x32bbc63dfcdf : 2 : ittapi_config_apply_per_lib :  ITTAPI function not implemented: __itt_mark
32586 : 0x32bbc63e241b : 2 : ittapi_config_apply_per_lib :  ITTAPI function not implemented: __itt_mark_off
32586 : 0x32bbc63e4d81 : 2 : ittapi_config_apply_per_lib :  ITTAPI function not implemented: __itt_mark_global
32586 : 0x32bbc63e750b : 2 : ittapi_config_apply_per_lib :  ITTAPI function not implemented: __itt_mark_global_off
32586 : 0x32bbc63e8e9f : 2 : ittapi_config_apply_per_lib :  ITTAPI function NOT instrumented (not matched by --itt-config option): __itt_stack_caller_create

32586 : 0x32bbc63ea52e : 2 : ittapi_config_apply_per_lib :  ITTAPI function NOT instrumented (not matched by --itt-config option): __itt_stack_caller_destroy

32586 : 0x32bbc63ebde7 : 2 : ittapi_config_apply_per_lib :  ITTAPI function NOT instrumented (not matched by --itt-config option): __itt_stack_callee_enter

32586 : 0x32bbc63ed572 : 2 : ittapi_config_apply_per_lib :  ITTAPI function NOT instrumented (not matched by --itt-config option): __itt_stack_callee_leave

32586 : 0x32bbc63f80d5 : 2 : ittapi_config_apply_per_lib :  ITTAPI function not implemented: __itt_clock_domain_create
32586 : 0x32bbc63fb5d9 : 2 : ittapi_config_apply_per_lib :  ITTAPI function not implemented: __itt_clock_domain_reset
32586 : 0x32bbc63fdcae : 2 : ittapi_config_apply_per_lib :  ITTAPI function not implemented: __itt_id_create_ex
32586 : 0x32bbc640b470 : 2 : ittapi_config_apply_per_lib :  ITTAPI function not implemented: __itt_id_destroy_ex
32586 : 0x32bbc640ce82 : 2 : ittapi_config_apply_per_lib :  ITTAPI function NOT instrumented (not matched by --itt-config option): __itt_task_begin_ex

32586 : 0x32bbc640e747 : 2 : ittapi_config_apply_per_lib :  ITTAPI function NOT instrumented (not matched by --itt-config option): __itt_task_begin_fn_ex

32586 : 0x32bbc640ff58 : 2 : ittapi_config_apply_per_lib :  ITTAPI function NOT instrumented (not matched by --itt-config option): __itt_task_end_ex

32586 : 0x32bbc6411878 : 2 : ittapi_config_apply_per_lib :  ITTAPI function NOT instrumented (not matched by --itt-config option): __itt_task_begin_overlapped

32586 : 0x32bbc6413550 : 2 : ittapi_config_apply_per_lib :  ITTAPI function NOT instrumented (not matched by --itt-config option): __itt_task_begin_overlapped_ex

32586 : 0x32bbc6414c28 : 2 : ittapi_config_apply_per_lib :  ITTAPI function NOT instrumented (not matched by --itt-config option): __itt_task_end_overlapped

32586 : 0x32bbc641f3db : 2 : ittapi_config_apply_per_lib :  ITTAPI function NOT instrumented (not matched by --itt-config option): __itt_task_end_overlapped_ex

32586 : 0x32bbc6423359 : 2 : ittapi_config_apply_per_lib :  ITTAPI function not implemented: __itt_marker_ex
32586 : 0x32bbc642630b : 2 : ittapi_config_apply_per_lib :  ITTAPI function not implemented: __itt_metadata_add_with_scope
32586 : 0x32bbc642967f : 2 : ittapi_config_apply_per_lib :  ITTAPI function not implemented: __itt_metadata_str_add_with_scope
32586 : 0x32bbc642c737 : 2 : ittapi_config_apply_per_lib :  ITTAPI function not implemented: __itt_relation_add_to_current_ex
32586 : 0x32bbc642f427 : 2 : ittapi_config_apply_per_lib :  ITTAPI function not implemented: __itt_relation_add_ex
32586 : 0x32bbc643201c : 2 : ittapi_config_apply_per_lib :  ITTAPI function not implemented: __itt_track_group_create
32586 : 0x32bbc6434d3a : 2 : ittapi_config_apply_per_lib :  ITTAPI function not implemented: __itt_track_create
32586 : 0x32bbc6437549 : 2 : ittapi_config_apply_per_lib :  ITTAPI function not implemented: __itt_set_track
32586 : 0x32bbc6439b4d : 2 : ittapi_config_apply_per_lib :  ITTAPI function instrumented: __itt_api_version
32586 : 0x32bbc644c802 : 2 : ittapi_config_apply_per_lib :  ITTAPI function not implemented: __itt_av_save