
780 : 0x347a9850d040 : 1 : spill_jit_data :  Jit agent is not initialized
780 : 0x347a98530bcc : 2 : ittapi_config_mask_get :  --itt-config mask to be applied: 1
780 : 0x347a98536d38 : 2 : ittapi_config_apply_per_lib :  ITTAPI function instrumented: __itt_domain_create
780 : 0x347a985389c0 : 2 : ittapi_config_apply_per_lib :  ITTAPI function instrumented: __itt_string_handle_create
780 : 0x347a9853a570 : 2 : ittapi_config_apply_per_lib :  ITTAPI function instrumented: __itt_pause
780 : 0x347a9853bdf8 : 2 : ittapi_config_apply_per_lib :  ITTAPI function instrumented: __itt_resume
780 : 0x347a9853d598 : 2 : ittapi_config_apply_per_lib :  ITTAPI function instrumented: __itt_thread_set_name
780 : 0x347a9853eaf4 : 2 : ittapi_config_apply_per_lib :  ITTAPI function instrumented: __itt_thread_ignore
780 : 0x347a985400dc : 2 : ittapi_config_apply_per_lib :  ITTAPI function instrumented: __itt_thr_name_set
780 : 0x347a985413c4 : 2 : ittapi_config_apply_per_lib :  ITTAPI function instrumented: __itt_thr_ignore
780 : 0x347a9855b3f8 : 2 : ittapi_config_apply_per_lib :  ITTAPI function not implemented: __itt_enable_attach
780 : 0x347a9855d064 : 2 : ittapi_config_apply_per_lib :  ITTAPI function NOT instrumented (not matched by --itt-config option): __itt_sync_create

780 : 0x347a9855e340 : 2 : ittapi_config_apply_per_lib :  ITTAPI function NOT instrumented (not matched by --itt-config option): __itt_sync_rename

780 : 0x347a9855f648 : 2 : ittapi_config_apply_per_lib :  ITTAPI function NOT instrumented (not matched by --itt-config option): __itt_sync_destroy

780 : 0x347a985605b0 : 2 : ittapi_config_apply_per_lib :  ITTAPI function NOT instrumented (not matched by --itt-config option): __itt_sync_prepare

780 : 0x347a98561408 : 2 : ittapi_config_apply_per_lib :  ITTAPI function NOT instrumented (not matched by --itt-config option): __itt_sync_cancel

780 : 0x347a985622b0 : 2 : ittapi_config_apply_per_lib :  ITTAPI function NOT instrumented (not matched by --itt-config option): __itt_sync_acquired

780 : 0x347a985632fc : 2 : ittapi_config_apply_per_lib :  ITTAPI function NOT instrumented (not matched by --itt-config option): __itt_sync_releasing

780 : 0x347a98566b80 : 2 : ittapi_config_apply_per_lib :  ITTAPI function not implemented: __itt_suppress_push
780 : 0x347a98568be8 : 2 : ittapi_config_apply_per_lib :  ITTAPI function not implemented: __itt_suppress_pop
780 : 0x347a98571eb4 : 2 : ittapi_config_apply_per_lib :  ITTAPI function not implemented: __itt_suppress_mark_range
780 : 0x347a98573e9c : 2 : ittapi_config_apply_per_lib :  ITTAPI function not implemented: __itt_suppress_clear_range
780 : 0x347a98574fbc : 2 : ittapi_config_apply_per_lib :  ITTAPI function NOT instrumented (not matched by --itt-config option): __itt_sync_prepare

780 : 0x347a98575e90 : 2 : ittapi_config_apply_per_lib :  ITTAPI function NOT instrumented (not matched by --itt-config option): __itt_sync_cancel

780 : 0x347a98576c04 : 2 : ittapi_config_apply_per_lib :  ITTAPI function NOT instrumented (not matched by --itt-config option): __itt_sync_acquired

780 : 0x347a985779a8 : 2 : ittapi_config_apply_per_lib :  ITTAPI function NOT instrumented (not matched by --itt-config option): __itt_sync_releasing

780 : 0x347a985793ec : 2 : ittapi_config_apply_per_lib :  ITTAPI function not implemented: __itt_model_site_begin
780 : 0x347a9857ada4 : 2 : ittapi_config_apply_per_lib :  ITTAPI function not implemented: __itt_model_site_end
780 : 0x347a9857ca48 : 2 : ittapi_config_apply_per_lib :  ITTAPI function not implemented: __itt_model_task_begin
780 : 0x347a9857e2cc : 2 : ittapi_config_apply_per_lib :  ITTAPI function not implemented: __itt_model_task_end
780 : 0x347a98584fa8 : 2 : ittapi_config_apply_per_lib :  ITTAPI function not implemented: __itt_model_lock_acquire
780 : 0x347a98586d5c : 2 : ittapi_config_apply_per_lib :  ITTAPI function not implemented: __itt_model_lock_release
780 : 0x347a985884d4 : 2 : ittapi_config_apply_per_lib :  ITTAPI function not implemented: __itt_model_record_allocation
780 : 0x347a98589f58 : 2 : ittapi_config_apply_per_lib :  ITTAPI function not implemented: __itt_model_record_deallocation
780 : 0x347a9858b738 : 2 : ittapi_config_apply_per_lib :  ITTAPI function not implemented: __itt_model_induction_uses
780 : 0x347a9858cce4 : 2 : ittapi_config_apply_per_lib :  ITTAPI function not implemented: __itt_model_reduction_uses
780 : 0x347a9858e404 : 2 : ittapi_config_apply_per_lib :  ITTAPI function not implemented: __itt_model_observe_uses
780 : 0x347a9858fc08 : 2 : ittapi_config_apply_per_lib :  ITTAPI function not implemented: __itt_model_clear_uses
780 : 0x347a9859145c : 2 : ittapi_config_apply_per_lib :  ITTAPI function not implemented: __itt_model_site_beginA
780 : 0x347a98592a10 : 2 : ittapi_config_apply_per_lib :  ITTAPI function not implemented: __itt_model_site_beginAL
780 : 0x347a9859cbcc : 2 : ittapi_config_apply_per_lib :  ITTAPI function not implemented: __itt_model_task_beginA
780 : 0x347a9859ed80 : 2 : ittapi_config_apply_per_lib :  ITTAPI function not implemented: __itt_model_task_beginAL
780 : 0x347a985a0550 : 2 : ittapi_config_apply_per_lib :  ITTAPI function not implemented: __itt_model_iteration_taskA
780 : 0x347a985a1c90 : 2 : ittapi_config_apply_per_lib :  ITTAPI function not implemented: __itt_model_iteration_taskAL
780 : 0x347a985a343c : 2 : ittapi_config_apply_per_lib :  ITTAPI function not implemented: __itt_model_site_end_2
780 : 0x347a985a48b0 : 2 : ittapi_config_apply_per_lib :  ITTAPI function not implemented: __itt_model_task_end_2
780 : 0x347a985a6224 : 2 : ittapi_config_apply_per_lib :  ITTAPI function not implemented: __itt_model_lock_acquire_2
780 : 0x347a985a7c54 : 2 : ittapi_config_apply_per_lib :  ITTAPI function not implemented: __itt_model_lock_release_2
780 : 0x347a985a920c : 2 : ittapi_config_apply_per_lib :  ITTAPI function not implemented: __itt_model_aggregate_task
780 : 0x347a985aa734 : 2 : ittapi_config_apply_per_lib :  ITTAPI function not implemented: __itt_model_disable_push
780 : 0x347a985b1170 : 2 : ittapi_config_apply_per_lib :  ITTAPI function not implemented: __itt_model_disable_pop
780 : 0x347a985b2d74 : 2 : ittapi_config_apply_per_lib :  ITTAPI function instrumented: __itt_heap_function_create
780 : 0x347a985b424c : 2 : ittapi_config_apply_per_lib :  ITTAPI function instrumented: __itt_heap_allocate_begin
780 : 0x347a985b53ac : 2 : ittapi_config_apply_per_lib :  ITTAPI function instrumented: __itt_heap_allocate_end
780 : 0x347a985b67bc : 2 : ittapi_config_apply_per_lib :  ITTAPI function instrumented: __itt_heap_free_begin
780 : 0x347a985b7960 : 2 : ittapi_config_apply_per_lib :  ITTAPI function instrumented: __itt_heap_free_end
780 : 0x347a985b8c48 : 2 : ittapi_config_apply_per_lib :  ITTAPI function instrumented: __itt_heap_reallocate_begin
780 : 0x347a985b9edc : 2 : ittapi_config_apply_per_lib :  ITTAPI function instrumented: __itt_heap_reallocate_end
780 : 0x347a985bb494 : 2 : ittapi_config_apply_per_lib :  ITTAPI function not implemented: __itt_heap_internal_access_begin
780 : 0x347a985bcc8c : 2 : ittapi_config_apply_per_lib :  ITTAPI function not implemented: __itt_heap_internal_access_end
780 : 0x347a985c32a4 : 2 : ittapi_config_apply_per_lib :  ITTAPI function not implemented: __itt_heap_record_memory_growth_begin
780 : 0x347a985c4d60 : 2 : ittapi_config_apply_per_lib :  ITTAPI function not implemented: __itt_heap_record_memory_growth_end
780 : 0x347a985c65cc : 2 : ittapi_config_apply_per_lib :  ITTAPI function not implemented: __itt_heap_reset_detection
780 : 0x347a985c7dfc : 2 : ittapi_config_apply_per_lib :  ITTAPI function not implemented: __itt_heap_record
780 : 0x347a985c9378 : 2 : ittapi_config_apply_per_lib :  ITTAPI function not implemented: __itt_id_create
780 : 0x347a985ca908 : 2 : ittapi_config_apply_per_lib :  ITTAPI function not implemented: __itt_id_destroy
780 : 0x347a985cbc38 : 2 : ittapi_config_apply_per_lib :  ITTAPI function instrumented: __itt_get_timestamp
780 : 0x347a985cd000 : 2 : ittapi_config_apply_per_lib :  ITTAPI function not implemented: __itt_region_begin
780 : 0x347a985ce39c : 2 : ittapi_config_apply_per_lib :  ITTAPI function not implemented: __itt_region_end
780 : 0x347a985cf614 : 2 : ittapi_config_apply_per_lib :  ITTAPI function instrumented: __itt_frame_begin_v3
780 : 0x347a985d7ce4 : 2 : ittapi_config_apply_per_lib :  ITTAPI function instrumented: __itt_frame_end_v3
780 : 0x347a985d95dc : 2 : ittapi_config_apply_per_lib :  ITTAPI function instrumented: __itt_frame_submit_v3
780 : 0x347a985da42c : 2 : ittapi_config_apply_per_lib :  ITTAPI function NOT instrumented (not matched by --itt-config option): __itt_task_group

780 : 0x347a985db5d0 : 2 : ittapi_config_apply_per_lib :  ITTAPI function NOT instrumented (not matched by --itt-config option): __itt_task_begin

780 : 0x347a985dc334 : 2 : ittapi_config_apply_per_lib :  ITTAPI function NOT instrumented (not matched by --itt-config option): __itt_task_begin_fn

780 : 0x347a985dd0cc : 2 : ittapi_config_apply_per_lib :  ITTAPI function NOT instrumented (not matched by --itt-config option): __itt_task_end

780 : 0x347a985ddf2c : 2 : ittapi_config_apply_per_lib :  ITTAPI function NOT instrumented (not matched by --itt-config option): __itt_counter_inc_v3

780 : 0x347a985defc0 : 2 : ittapi_config_apply_per_lib :  ITTAPI function NOT instrumented (not matched by --itt-config option): __itt_counter_inc_delta_v3

780 : 0x347a985e08a8 : 2 : ittapi_config_apply_per_lib :  ITTAPI function not implemented: __itt_marker
780 : 0x347a985e1f20 : 2 : ittapi_config_apply_per_lib :  ITTAPI function instrumented: __itt_metadata_add
780 : 0x347a985e8718 : 2 : ittapi_config_apply_per_lib :  ITTAPI function not implemented: __itt_metadata_str_add
780 : 0x347a985ea518 : 2 : ittapi_config_apply_per_lib :  ITTAPI function not implemented: __itt_relation_add_to_current
780 : 0x347a985ebb2c : 2 : ittapi_config_apply_per_lib :  ITTAPI function not implemented: __itt_relation_add
780 : 0x347a985ecd7c : 2 : ittapi_config_apply_per_lib :  ITTAPI function instrumented: __itt_event_create
780 : 0x347a985edb3c : 2 : ittapi_config_apply_per_lib :  ITTAPI function NOT instrumented (not matched by --itt-config option): __itt_event_start

780 : 0x347a985ee8cc : 2 : ittapi_config_apply_per_lib :  ITTAPI function NOT instrumented (not matched by --itt-config option): __itt_event_end

780 : 0x347a985ef5bc : 2 : ittapi_config_apply_per_lib :  ITTAPI function NOT instrumented (not matched by --itt-config option): __itt_sync_set_name

780 : 0x347a985f040c : 2 : ittapi_config_apply_per_lib :  ITTAPI function NOT instrumented (not matched by --itt-config option): __itt_notify_sync_name

780 : 0x347a985f147c : 2 : ittapi_config_apply_per_lib :  ITTAPI function NOT instrumented (not matched by --itt-config option): __itt_notify_sync_prepare

780 : 0x347a985f2160 : 2 : ittapi_config_apply_per_lib :  ITTAPI function NOT instrumented (not matched by --itt-config option): __itt_notify_sync_cancel

780 : 0x347a985f7910 : 2 : ittapi_config_apply_per_lib :  ITTAPI function NOT instrumented (not matched by --itt-config option): __itt_notify_sync_acquired

780 : 0x347a985f8b68 : 2 : ittapi_config_apply_per_lib :  ITTAPI function NOT instrumented (not matched by --itt-config option): __itt_notify_sync_releasing

780 : 0x347a985fa44c : 2 : ittapi_config_apply_per_lib :  ITTAPI function not implemented: __itt_memory_read
780 : 0x347a985fbb38 : 2 : ittapi_config_apply_per_lib :  ITTAPI function not implemented: __itt_memory_write
780 : 0x347a985fd654 : 2 : ittapi_config_apply_per_lib :  ITTAPI function not implemented: __itt_memory_update
780 : 0x347a985ff128 : 2 : ittapi_config_apply_per_lib :  ITTAPI function not implemented: __itt_state_get
780 : 0x347a98600724 : 2 : ittapi_config_apply_per_lib :  ITTAPI function not implemented: __itt_state_set
780 : 0x347a98601b54 : 2 : ittapi_config_apply_per_lib :  ITTAPI function not implemented: __itt_obj_mode_set
780 : 0x347a98605f54 : 2 : ittapi_config_apply_per_lib :  ITTAPI function not implemented: __itt_thr_mode_set
780 : 0x347a98607290 : 2 : ittapi_config_apply_per_lib :  ITTAPI function instrumented: __itt_frame_create
780 : 0x347a9860d508 : 2 : ittapi_config_apply_per_lib :  ITTAPI function instrumented: __itt_frame_begin
780 : 0x347a9860ed28 : 2 : ittapi_config_apply_per_lib :  ITTAPI function instrumented: __itt_frame_end
780 : 0x347a98610208 : 2 : ittapi_config_apply_per_lib :  ITTAPI function instrumented: __itt_counter_create
780 : 0x347a98612f44 : 2 : ittapi_config_apply_per_lib :  ITTAPI function NOT instrumented (not matched by --itt-config option): __itt_counter_destroy

780 : 0x347a98613ea8 : 2 : ittapi_config_apply_per_lib :  ITTAPI function NOT instrumented (not matched by --itt-config option): __itt_counter_inc

780 : 0x347a98614d8c : 2 : ittapi_config_apply_per_lib :  ITTAPI function NOT instrumented (not matched by --itt-config option): __itt_counter_inc_delta

780 : 0x347a986163d8 : 2 : ittapi_config_apply_per_lib :  ITTAPI function not implemented: __itt_mark_create
780 : 0x347a98617b34 : 2 : ittapi_config_apply_per_lib :  ITTAPI function not implemented: __itt_mark
780 : 0x347a986193f0 : 2 : ittapi_config_apply_per_lib :  ITTAPI function not implemented: __itt_mark_off
780 : 0x347a9861aa68 : 2 : ittapi_config_apply_per_lib :  ITTAPI function not implemented: __itt_mark_global
780 : 0x347a98623c04 : 2 : ittapi_config_apply_per_lib :  ITTAPI function not implemented: __itt_mark_global_off
780 : 0x347a98625264 : 2 : ittapi_config_apply_per_lib :  ITTAPI function NOT instrumented (not matched by --itt-config option): __itt_stack_caller_create

780 : 0x347a986261dc : 2 : ittapi_config_apply_per_lib :  ITTAPI function NOT instrumented (not matched by --itt-config option): __itt_stack_caller_destroy

780 : 0x347a98627000 : 2 : ittapi_config_apply_per_lib :  ITTAPI function NOT instrumented (not matched by --itt-config option): __itt_stack_callee_enter

780 : 0x347a98627d3c : 2 : ittapi_config_apply_per_lib :  ITTAPI function NOT instrumented (not matched by --itt-config option): __itt_stack_callee_leave

780 : 0x347a98629648 : 2 : ittapi_config_apply_per_lib :  ITTAPI function not implemented: __itt_clock_domain_create
780 : 0x347a9862af38 : 2 : ittapi_config_apply_per_lib :  ITTAPI function not implemented: __itt_clock_domain_reset
780 : 0x347a9862c4f4 : 2 : ittapi_config_apply_per_lib :  ITTAPI function not implemented: __itt_id_create_ex
780 : 0x347a9862db94 : 2 : ittapi_config_apply_per_lib :  ITTAPI function not implemented: __itt_id_destroy_ex
780 : 0x347a9862ea38 : 2 : ittapi_config_apply_per_lib :  ITTAPI function NOT instrumented (not matched by --itt-config option): __itt_task_begin_ex

780 : 0x347a98634630 : 2 : ittapi_config_apply_per_lib :  ITTAPI function NOT instrumented (not matched by --itt-config option): __itt_task_begin_fn_ex

780 : 0x347a986357b8 : 2 : ittapi_config_apply_per_lib :  ITTAPI function NOT instrumented (not matched by --itt-config option): __itt_task_end_ex

780 : 0x347a9863640c : 2 : ittapi_config_apply_per_lib :  ITTAPI function NOT instrumented (not matched by --itt-config option): __itt_task_begin_overlapped

780 : 0x347a98637210 : 2 : ittapi_config_apply_per_lib :  ITTAPI function NOT instrumented (not matched by --itt-config option): __itt_task_begin_overlapped_ex

780 : 0x347a98637efc : 2 : ittapi_config_apply_per_lib :  ITTAPI function NOT instrumented (not matched by --itt-config option): __itt_task_end_overlapped

780 : 0x347a98638d24 : 2 : ittapi_config_apply_per_lib :  ITTAPI function NOT instrumented (not matched by --itt-config option): __itt_task_end_overlapped_ex

780 : 0x347a9863aa20 : 2 : ittapi_config_apply_per_lib :  ITTAPI function not implemented: __itt_marker_ex
780 : 0x347a9863c510 : 2 : ittapi_config_apply_per_lib :  ITTAPI function not implemented: __itt_metadata_add_with_scope
780 : 0x347a9863dfbc : 2 : ittapi_config_apply_per_lib :  ITTAPI function not implemented: __itt_metadata_str_add_with_scope
780 : 0x347a9863f830 : 2 : ittapi_config_apply_per_lib :  ITTAPI function not implemented: __itt_relation_add_to_current_ex
780 : 0x347a98645d8c : 2 : ittapi_config_apply_per_lib :  ITTAPI function not implemented: __itt_relation_add_ex
780 : 0x347a98647b78 : 2 : ittapi_config_apply_per_lib :  ITTAPI function not implemented: __itt_track_group_create
780 : 0x347a9864afc8 : 2 : ittapi_config_apply_per_lib :  ITTAPI function not implemented: __itt_track_create
780 : 0x347a9864cc94 : 2 : ittapi_config_apply_per_lib :  ITTAPI function not implemented: __itt_set_track
780 : 0x347a9864e58c : 2 : ittapi_config_apply_per_lib :  ITTAPI function instrumented: __itt_api_version
780 : 0x347a9864fac8 : 2 : ittapi_config_apply_per_lib :  ITTAPI function not implemented: __itt_av_save
780 : 0x347a9870df00 : 2 : ittapi_config_mask_get :  --itt-config mask to be applied: 1
780 : 0x347a98710cb8 : 2 : ittapi_config_apply_per_lib :  ITTAPI function instrumented: __itt_domain_create
780 : 0x347a987121d4 : 2 : ittapi_config_apply_per_lib :  ITTAPI function instrumented: __itt_string_handle_create
780 : 0x347a987138d8 : 2 : ittapi_config_apply_per_lib :  ITTAPI function instrumented: __itt_pause
780 : 0x347a9872089c : 2 : ittapi_config_apply_per_lib :  ITTAPI function instrumented: __itt_resume
780 : 0x347a9872258c : 2 : ittapi_config_apply_per_lib :  ITTAPI function instrumented: __itt_thread_set_name
780 : 0x347a98723a48 : 2 : ittapi_config_apply_per_lib :  ITTAPI function instrumented: __itt_thread_ignore
780 : 0x347a98724d6c : 2 : ittapi_config_apply_per_lib :  ITTAPI function instrumented: __itt_thr_name_set
780 : 0x347a98726080 : 2 : ittapi_config_apply_per_lib :  ITTAPI function instrumented: __itt_thr_ignore
780 : 0x347a98727dcc : 2 : ittapi_config_apply_per_lib :  ITTAPI function not implemented: __itt_enable_attach
780 : 0x347a987290a4 : 2 : ittapi_config_apply_per_lib :  ITTAPI function NOT instrumented (not matched by --itt-config option): __itt_sync_create

780 : 0x347a9872a198 : 2 : ittapi_config_apply_per_lib :  ITTAPI function NOT instrumented (not matched by --itt-config option): __itt_sync_rename

780 : 0x347a9872af5c : 2 : ittapi_config_apply_per_lib :  ITTAPI function NOT instrumented (not matched by --itt-config option): __itt_sync_destroy

780 : 0x347a9872be88 : 2 : ittapi_config_apply_per_lib :  ITTAPI function NOT instrumented (not matched by --itt-config option): __itt_sync_prepare

780 : 0x347a98732058 : 2 : ittapi_config_apply_per_lib :  ITTAPI function NOT instrumented (not matched by --itt-config option): __itt_sync_cancel

780 : 0x347a987331f4 : 2 : ittapi_config_apply_per_lib :  ITTAPI function NOT instrumented (not matched by --itt-config option): __itt_sync_acquired

780 : 0x347a98734094 : 2 : ittapi_config_apply_per_lib :  ITTAPI function NOT instrumented (not matched by --itt-config option): __itt_sync_releasing

780 : 0x347a987360b0 : 2 : ittapi_config_apply_per_lib :  ITTAPI function not implemented: __itt_suppress_push
780 : 0x347a98737fb0 : 2 : ittapi_config_apply_per_lib :  ITTAPI function not implemented: __itt_suppress_pop
780 : 0x347a98739a60 : 2 : ittapi_config_apply_per_lib :  ITTAPI function not implemented: __itt_suppress_mark_range
780 : 0x347a9873b200 : 2 : ittapi_config_apply_per_lib :  ITTAPI function not implemented: __itt_suppress_clear_range
780 : 0x347a9873c0e8 : 2 : ittapi_config_apply_per_lib :  ITTAPI function NOT instrumented (not matched by --itt-config option): __itt_sync_prepare

780 : 0x347a9873cd80 : 2 : ittapi_config_apply_per_lib :  ITTAPI function NOT instrumented (not matched by --itt-config option): __itt_sync_cancel

780 : 0x347a9873da74 : 2 : ittapi_config_apply_per_lib :  ITTAPI function NOT instrumented (not matched by --itt-config option): __itt_sync_acquired

780 : 0x347a9874369c : 2 : ittapi_config_apply_per_lib :  ITTAPI function NOT instrumented (not matched by --itt-config option): __itt_sync_releasing

780 : 0x347a9874579c : 2 : ittapi_config_apply_per_lib :  ITTAPI function not implemented: __itt_model_site_begin
780 : 0x347a98746f40 : 2 : ittapi_config_apply_per_lib :  ITTAPI function not implemented: __itt_model_site_end
780 : 0x347a987489b8 : 2 : ittapi_config_apply_per_lib :  ITTAPI function not implemented: __itt_model_task_begin
780 : 0x347a9874a0b0 : 2 : ittapi_config_apply_per_lib :  ITTAPI function not implemented: __itt_model_task_end
780 : 0x347a9874b770 : 2 : ittapi_config_apply_per_lib :  ITTAPI function not implemented: __itt_model_lock_acquire
780 : 0x347a9874cdf8 : 2 : ittapi_config_apply_per_lib :  ITTAPI function not implemented: __itt_model_lock_release
780 : 0x347a9874e864 : 2 : ittapi_config_apply_per_lib :  ITTAPI function not implemented: __itt_model_record_allocation
780 : 0x347a987500a0 : 2 : ittapi_config_apply_per_lib :  ITTAPI function not implemented: __itt_model_record_deallocation
780 : 0x347a987516bc : 2 : ittapi_config_apply_per_lib :  ITTAPI function not implemented: __itt_model_induction_uses
780 : 0x347a9875ad60 : 2 : ittapi_config_apply_per_lib :  ITTAPI function not implemented: __itt_model_reduction_uses
780 : 0x347a9875ccb0 : 2 : ittapi_config_apply_per_lib :  ITTAPI function not implemented: __itt_model_observe_uses
780 : 0x347a9875e478 : 2 : ittapi_config_apply_per_lib :  ITTAPI function not implemented: __itt_model_clear_uses
780 : 0x347a987601c8 : 2 : ittapi_config_apply_per_lib :  ITTAPI function not implemented: __itt_model_site_beginA
780 : 0x347a98761c04 : 2 : ittapi_config_apply_per_lib :  ITTAPI function not implemented: __itt_model_site_beginAL
780 : 0x347a987633cc : 2 : ittapi_config_apply_per_lib :  ITTAPI function not implemented: __itt_model_task_beginA
780 : 0x347a98764c80 : 2 : ittapi_config_apply_per_lib :  ITTAPI function not implemented: __itt_model_task_beginAL
780 : 0x347a987661e4 : 2 : ittapi_config_apply_per_lib :  ITTAPI function not implemented: __itt_model_iteration_taskA
780 : 0x347a98767abc : 2 : ittapi_config_apply_per_lib :  ITTAPI function not implemented: __itt_model_iteration_taskAL
780 : 0x347a98768f7c : 2 : ittapi_config_apply_per_lib :  ITTAPI function not implemented: __itt_model_site_end_2
780 : 0x347a9876fa60 : 2 : ittapi_config_apply_per_lib :  ITTAPI function not implemented: __itt_model_task_end_2
780 : 0x347a987715a4 : 2 : ittapi_config_apply_per_lib :  ITTAPI function not implemented: __itt_model_lock_acquire_2
780 : 0x347a98772ca8 : 2 : ittapi_config_apply_per_lib :  ITTAPI function not implemented: __itt_model_lock_release_2
780 : 0x347a9877445c : 2 : ittapi_config_apply_per_lib :  ITTAPI function not implemented: __itt_model_aggregate_task
780 : 0x347a987759e4 : 2 : ittapi_config_apply_per_lib :  ITTAPI function not implemented: __itt_model_disable_push
780 : 0x347a98777038 : 2 : ittapi_config_apply_per_lib :  ITTAPI function not implemented: __itt_model_disable_pop
780 : 0x347a98778490 : 2 : ittapi_config_apply_per_lib :  ITTAPI function instrumented: __itt_heap_function_create
780 : 0x347a98779830 : 2 : ittapi_config_apply_per_lib :  ITTAPI function instrumented: __itt_heap_allocate_begin
780 : 0x347a9877a9cc : 2 : ittapi_config_apply_per_lib :  ITTAPI function instrumented: __itt_heap_allocate_end
780 : 0x347a9877bd7c : 2 : ittapi_config_apply_per_lib :  ITTAPI function instrumented: __itt_heap_free_begin
780 : 0x347a98781e70 : 2 : ittapi_config_apply_per_lib :  ITTAPI function instrumented: __itt_heap_free_end
780 : 0x347a987833c4 : 2 : ittapi_config_apply_per_lib :  ITTAPI function instrumented: __itt_heap_reallocate_begin
780 : 0x347a9878460c : 2 : ittapi_config_apply_per_lib :  ITTAPI function instrumented: __itt_heap_reallocate_end
780 : 0x347a98785e50 : 2 : ittapi_config_apply_per_lib :  ITTAPI function not implemented: __itt_heap_internal_access_begin
780 : 0x347a987875a4 : 2 : ittapi_config_apply_per_lib :  ITTAPI function not implemented: __itt_heap_internal_access_end
780 : 0x347a98788dd0 : 2 : ittapi_config_apply_per_lib :  ITTAPI function not implemented: __itt_heap_record_memory_growth_begin
780 : 0x347a9878a37c : 2 : ittapi_config_apply_per_lib :  ITTAPI function not implemented: __itt_heap_record_memory_growth_end
780 : 0x347a9878ba50 : 2 : ittapi_config_apply_per_lib :  ITTAPI function not implemented: __itt_heap_reset_detection
780 : 0x347a9878ce78 : 2 : ittapi_config_apply_per_lib :  ITTAPI function not implemented: __itt_heap_record
780 : 0x347a9878e220 : 2 : ittapi_config_apply_per_lib :  ITTAPI function not implemented: __itt_id_create
780 : 0x347a987a8dc0 : 2 : ittapi_config_apply_per_lib :  ITTAPI function not implemented: __itt_id_destroy
780 : 0x347a987aab90 : 2 : ittapi_config_apply_per_lib :  ITTAPI function instrumented: __itt_get_timestamp
780 : 0x347a987ac054 : 2 : ittapi_config_apply_per_lib :  ITTAPI function not implemented: __itt_region_begin
780 : 0x347a987ad404 : 2 : ittapi_config_apply_per_lib :  ITTAPI function not implemented: __itt_region_end
780 : 0x347a987ae768 : 2 : ittapi_config_apply_per_lib :  ITTAPI function instrumented: __itt_frame_begin_v3
780 : 0x347a987afbc0 : 2 : ittapi_config_apply_per_lib :  ITTAPI function instrumented: __itt_frame_end_v3
780 : 0x347a987b0ec4 : 2 : ittapi_config_apply_per_lib :  ITTAPI function instrumented: __itt_frame_submit_v3
780 : 0x347a987b1c7c : 2 : ittapi_config_apply_per_lib :  ITTAPI function NOT instrumented (not matched by --itt-config option): __itt_task_group

780 : 0x347a987b297c : 2 : ittapi_config_apply_per_lib :  ITTAPI function NOT instrumented (not matched by --itt-config option): __itt_task_begin

780 : 0x347a987b36d0 : 2 : ittapi_config_apply_per_lib :  ITTAPI function NOT instrumented (not matched by --itt-config option): __itt_task_begin_fn

780 : 0x347a987bb9e0 : 2 : ittapi_config_apply_per_lib :  ITTAPI function NOT instrumented (not matched by --itt-config option): __itt_task_end

780 : 0x347a987bcd34 : 2 : ittapi_config_apply_per_lib :  ITTAPI function NOT instrumented (not matched by --itt-config option): __itt_counter_inc_v3

780 : 0x347a987bdad8 : 2 : ittapi_config_apply_per_lib :  ITTAPI function NOT instrumented (not matched by --itt-config option): __itt_counter_inc_delta_v3

780 : 0x347a987bf318 : 2 : ittapi_config_apply_per_lib :  ITTAPI function not implemented: __itt_marker
780 : 0x347a987c0bd8 : 2 : ittapi_config_apply_per_lib :  ITTAPI function instrumented: __itt_metadata_add
780 : 0x347a987c229c : 2 : ittapi_config_apply_per_lib :  ITTAPI function not implemented: __itt_metadata_str_add
780 : 0x347a987c3a14 : 2 : ittapi_config_apply_per_lib :  ITTAPI function not implemented: __itt_relation_add_to_current
780 : 0x347a987c4f48 : 2 : ittapi_config_apply_per_lib :  ITTAPI function not implemented: __itt_relation_add
780 : 0x347a987c60bc : 2 : ittapi_config_apply_per_lib :  ITTAPI function instrumented: __itt_event_create
780 : 0x347a987c6dc4 : 2 : ittapi_config_apply_per_lib :  ITTAPI function NOT instrumented (not matched by --itt-config option): __itt_event_start

780 : 0x347a987cca54 : 2 : ittapi_config_apply_per_lib :  ITTAPI function NOT instrumented (not matched by --itt-config option): __itt_event_end

780 : 0x347a987cdc54 : 2 : ittapi_config_apply_per_lib :  ITTAPI function NOT instrumented (not matched by --itt-config option): __itt_sync_set_name

780 : 0x347a987ce9cc : 2 : ittapi_config_apply_per_lib :  ITTAPI function NOT instrumented (not matched by --itt-config option): __itt_notify_sync_name

780 : 0x347a987cf778 : 2 : ittapi_config_apply_per_lib :  ITTAPI function NOT instrumented (not matched by --itt-config option): __itt_notify_sync_prepare

780 : 0x347a987d04d8 : 2 : ittapi_config_apply_per_lib :  ITTAPI function NOT instrumented (not matched by --itt-config option): __itt_notify_sync_cancel

780 : 0x347a987d12a0 : 2 : ittapi_config_apply_per_lib :  ITTAPI function NOT instrumented (not matched by --itt-config option): __itt_notify_sync_acquired

780 : 0x347a987d2054 : 2 : ittapi_config_apply_per_lib :  ITTAPI function NOT instrumented (not matched by --itt-config option): __itt_notify_sync_releasing

780 : 0x347a987d38bc : 2 : ittapi_config_apply_per_lib :  ITTAPI function not implemented: __itt_memory_read
780 : 0x347a987d4eec : 2 : ittapi_config_apply_per_lib :  ITTAPI function not implemented: __itt_memory_write
780 : 0x347a987d6518 : 2 : ittapi_config_apply_per_lib :  ITTAPI function not implemented: __itt_memory_update
780 : 0x347a987dcaf8 : 2 : ittapi_config_apply_per_lib :  ITTAPI function not implemented: __itt_state_get
780 : 0x347a987de40c : 2 : ittapi_config_apply_per_lib :  ITTAPI function not implemented: __itt_state_set
780 : 0x347a987df804 : 2 : ittapi_config_apply_per_lib :  ITTAPI function not implemented: __itt_obj_mode_set
780 : 0x347a987e0d44 : 2 : ittapi_config_apply_per_lib :  ITTAPI function not implemented: __itt_thr_mode_set
780 : 0x347a987e4760 : 2 : ittapi_config_apply_per_lib :  ITTAPI function instrumented: __itt_frame_create
780 : 0x347a987e5a8c : 2 : ittapi_config_apply_per_lib :  ITTAPI function instrumented: __itt_frame_begin
780 : 0x347a987e6cd4 : 2 : ittapi_config_apply_per_lib :  ITTAPI function instrumented: __itt_frame_end
780 : 0x347a987e7ecc : 2 : ittapi_config_apply_per_lib :  ITTAPI function instrumented: __itt_counter_create
780 : 0x347a987e8c88 : 2 : ittapi_config_apply_per_lib :  ITTAPI function NOT instrumented (not matched by --itt-config option): __itt_counter_destroy

780 : 0x347a987e9a58 : 2 : ittapi_config_apply_per_lib :  ITTAPI function NOT instrumented (not matched by --itt-config option): __itt_counter_inc

780 : 0x347a987f1e20 : 2 : ittapi_config_apply_per_lib :  ITTAPI function NOT instrumented (not matched by --itt-config option): __itt_counter_inc_delta

780 : 0x347a987f3d4c : 2 : ittapi_config_apply_per_lib :  ITTAPI function not implemented: __itt_mark_create
780 : 0x347a987f5508 : 2 : ittapi_config_apply_per_lib :  ITTAPI function not implemented: __itt_mark
780 : 0x347a987f6cec : 2 : ittapi_config_apply_per_lib :  ITTAPI function not implemented: __itt_mark_off
780 : 0x347a987f81ac : 2 : ittapi_config_apply_per_lib :  ITTAPI function not implemented: __itt_mark_global
780 : 0x347a987f9a30 : 2 : ittapi_config_apply_per_lib :  ITTAPI function not implemented: __itt_mark_global_off
780 : 0x347a987fa9b0 : 2 : ittapi_config_apply_per_lib :  ITTAPI function NOT instrumented (not matched by --itt-config option): __itt_stack_caller_create

780 : 0x347a987fb76c : 2 : ittapi_config_apply_per_lib :  ITTAPI function NOT instrumented (not matched by --itt-config option): __itt_stack_caller_destroy

780 : 0x347a987fc5d8 : 2 : ittapi_config_apply_per_lib :  ITTAPI function NOT instrumented (not matched by --itt-config option): __itt_stack_callee_enter

780 : 0x347a987fd370 : 2 : ittapi_config_apply_per_lib :  ITTAPI function NOT instrumented (not matched by --itt-config option): __itt_stack_callee_leave

780 : 0x347a98803ce8 : 2 : ittapi_config_apply_per_lib :  ITTAPI function not implemented: __itt_clock_domain_create
780 : 0x347a988058f8 : 2 : ittapi_config_apply_per_lib :  ITTAPI function not implemented: __itt_clock_domain_reset
780 : 0x347a98806dc4 : 2 : ittapi_config_apply_per_lib :  ITTAPI function not implemented: __itt_id_create_ex
780 : 0x347a9880849c : 2 : ittapi_config_apply_per_lib :  ITTAPI function not implemented: __itt_id_destroy_ex
780 : 0x347a98809300 : 2 : ittapi_config_apply_per_lib :  ITTAPI function NOT instrumented (not matched by --itt-config option): __itt_task_begin_ex

780 : 0x347a9880a09c : 2 : ittapi_config_apply_per_lib :  ITTAPI function NOT instrumented (not matched by --itt-config option): __itt_task_begin_fn_ex

780 : 0x347a9880ae0c : 2 : ittapi_config_apply_per_lib :  ITTAPI function NOT instrumented (not matched by --itt-config option): __itt_task_end_ex

780 : 0x347a9880bb4c : 2 : ittapi_config_apply_per_lib :  ITTAPI function NOT instrumented (not matched by --itt-config option): __itt_task_begin_overlapped

780 : 0x347a9880c8f0 : 2 : ittapi_config_apply_per_lib :  ITTAPI function NOT instrumented (not matched by --itt-config option): __itt_task_begin_overlapped_ex

780 : 0x347a9880d59c : 2 : ittapi_config_apply_per_lib :  ITTAPI function NOT instrumented (not matched by --itt-config option): __itt_task_end_overlapped

780 : 0x347a98812afc : 2 : ittapi_config_apply_per_lib :  ITTAPI function NOT instrumented (not matched by --itt-config option): __itt_task_end_overlapped_ex

780 : 0x347a98814764 : 2 : ittapi_config_apply_per_lib :  ITTAPI function not implemented: __itt_marker_ex
780 : 0x347a98816088 : 2 : ittapi_config_apply_per_lib :  ITTAPI function not implemented: __itt_metadata_add_with_scope
780 : 0x347a988178dc : 2 : ittapi_config_apply_per_lib :  ITTAPI function not implemented: __itt_metadata_str_add_with_scope
780 : 0x347a98819048 : 2 : ittapi_config_apply_per_lib :  ITTAPI function not implemented: __itt_relation_add_to_current_ex
780 : 0x347a9881a6a0 : 2 : ittapi_config_apply_per_lib :  ITTAPI function not implemented: __itt_relation_add_ex
780 : 0x347a9881bc30 : 2 : ittapi_config_apply_per_lib :  ITTAPI function not implemented: __itt_track_group_create
780 : 0x347a9881d0a0 : 2 : ittapi_config_apply_per_lib :  ITTAPI function not implemented: __itt_track_create
780 : 0x347a9881e524 : 2 : ittapi_config_apply_per_lib :  ITTAPI function not implemented: __itt_set_track
780 : 0x347a9881f750 : 2 : ittapi_config_apply_per_lib :  ITTAPI function instrumented: __itt_api_version
780 : 0x347a98828e2c : 2 : ittapi_config_apply_per_lib :  ITTAPI function not implemented: __itt_av_save