
29656 : 0x2e84d2824beb : 1 : spill_jit_data :  Jit agent is not initialized
29656 : 0x2e84d285dcd6 : 2 : ittapi_config_mask_get :  --itt-config mask to be applied: 17
29656 : 0x2e84d2861e40 : 2 : ittapi_config_apply_per_lib :  ITTAPI function instrumented: __itt_domain_create
29656 : 0x2e84d286336e : 2 : ittapi_config_apply_per_lib :  ITTAPI function instrumented: __itt_string_handle_create
29656 : 0x2e84d286457b : 2 : ittapi_config_apply_per_lib :  ITTAPI function instrumented: __itt_pause
29656 : 0x2e84d2865a19 : 2 : ittapi_config_apply_per_lib :  ITTAPI function instrumented: __itt_resume
29656 : 0x2e84d2866a26 : 2 : ittapi_config_apply_per_lib :  ITTAPI function instrumented: __itt_thread_set_name
29656 : 0x2e84d2867af7 : 2 : ittapi_config_apply_per_lib :  ITTAPI function instrumented: __itt_thread_ignore
29656 : 0x2e84d2868b2b : 2 : ittapi_config_apply_per_lib :  ITTAPI function instrumented: __itt_thr_name_set
29656 : 0x2e84d2869945 : 2 : ittapi_config_apply_per_lib :  ITTAPI function instrumented: __itt_thr_ignore
29656 : 0x2e84d287d962 : 2 : ittapi_config_apply_per_lib :  ITTAPI function not implemented: __itt_enable_attach
29656 : 0x2e84d287f0fd : 2 : ittapi_config_apply_per_lib :  ITTAPI function NOT instrumented (not matched by --itt-config option): __itt_sync_create

29656 : 0x2e84d2880166 : 2 : ittapi_config_apply_per_lib :  ITTAPI function NOT instrumented (not matched by --itt-config option): __itt_sync_rename

29656 : 0x2e84d2880d6f : 2 : ittapi_config_apply_per_lib :  ITTAPI function NOT instrumented (not matched by --itt-config option): __itt_sync_destroy

29656 : 0x2e84d28819ad : 2 : ittapi_config_apply_per_lib :  ITTAPI function NOT instrumented (not matched by --itt-config option): __itt_sync_prepare

29656 : 0x2e84d28824ec : 2 : ittapi_config_apply_per_lib :  ITTAPI function NOT instrumented (not matched by --itt-config option): __itt_sync_cancel

29656 : 0x2e84d28830a2 : 2 : ittapi_config_apply_per_lib :  ITTAPI function NOT instrumented (not matched by --itt-config option): __itt_sync_acquired

29656 : 0x2e84d2883aea : 2 : ittapi_config_apply_per_lib :  ITTAPI function NOT instrumented (not matched by --itt-config option): __itt_sync_releasing

29656 : 0x2e84d2885f24 : 2 : ittapi_config_apply_per_lib :  ITTAPI function not implemented: __itt_suppress_push
29656 : 0x2e84d2887791 : 2 : ittapi_config_apply_per_lib :  ITTAPI function not implemented: __itt_suppress_pop
29656 : 0x2e84d288efb0 : 2 : ittapi_config_apply_per_lib :  ITTAPI function not implemented: __itt_suppress_mark_range
29656 : 0x2e84d289067c : 2 : ittapi_config_apply_per_lib :  ITTAPI function not implemented: __itt_suppress_clear_range
29656 : 0x2e84d2891294 : 2 : ittapi_config_apply_per_lib :  ITTAPI function NOT instrumented (not matched by --itt-config option): __itt_sync_prepare

29656 : 0x2e84d2891de5 : 2 : ittapi_config_apply_per_lib :  ITTAPI function NOT instrumented (not matched by --itt-config option): __itt_sync_cancel

29656 : 0x2e84d2892847 : 2 : ittapi_config_apply_per_lib :  ITTAPI function NOT instrumented (not matched by --itt-config option): __itt_sync_acquired

29656 : 0x2e84d28932a9 : 2 : ittapi_config_apply_per_lib :  ITTAPI function NOT instrumented (not matched by --itt-config option): __itt_sync_releasing

29656 : 0x2e84d28945fe : 2 : ittapi_config_apply_per_lib :  ITTAPI function not implemented: __itt_model_site_begin
29656 : 0x2e84d289586a : 2 : ittapi_config_apply_per_lib :  ITTAPI function not implemented: __itt_model_site_end
29656 : 0x2e84d2896b05 : 2 : ittapi_config_apply_per_lib :  ITTAPI function not implemented: __itt_model_task_begin
29656 : 0x2e84d2897c4c : 2 : ittapi_config_apply_per_lib :  ITTAPI function not implemented: __itt_model_task_end
29656 : 0x2e84d289d380 : 2 : ittapi_config_apply_per_lib :  ITTAPI function not implemented: __itt_model_lock_acquire
29656 : 0x2e84d289ea32 : 2 : ittapi_config_apply_per_lib :  ITTAPI function not implemented: __itt_model_lock_release
29656 : 0x2e84d289fafd : 2 : ittapi_config_apply_per_lib :  ITTAPI function not implemented: __itt_model_record_allocation
29656 : 0x2e84d28a0f21 : 2 : ittapi_config_apply_per_lib :  ITTAPI function not implemented: __itt_model_record_deallocation
29656 : 0x2e84d28a20de : 2 : ittapi_config_apply_per_lib :  ITTAPI function not implemented: __itt_model_induction_uses
29656 : 0x2e84d28a31d5 : 2 : ittapi_config_apply_per_lib :  ITTAPI function not implemented: __itt_model_reduction_uses
29656 : 0x2e84d28a4343 : 2 : ittapi_config_apply_per_lib :  ITTAPI function not implemented: __itt_model_observe_uses
29656 : 0x2e84d28a54bf : 2 : ittapi_config_apply_per_lib :  ITTAPI function not implemented: __itt_model_clear_uses
29656 : 0x2e84d28a6685 : 2 : ittapi_config_apply_per_lib :  ITTAPI function not implemented: __itt_model_site_beginA
29656 : 0x2e84d28a789b : 2 : ittapi_config_apply_per_lib :  ITTAPI function not implemented: __itt_model_site_beginAL
29656 : 0x2e84d28b05e5 : 2 : ittapi_config_apply_per_lib :  ITTAPI function not implemented: __itt_model_task_beginA
29656 : 0x2e84d28b1d16 : 2 : ittapi_config_apply_per_lib :  ITTAPI function not implemented: __itt_model_task_beginAL
29656 : 0x2e84d28b2f11 : 2 : ittapi_config_apply_per_lib :  ITTAPI function not implemented: __itt_model_iteration_taskA
29656 : 0x2e84d28b4023 : 2 : ittapi_config_apply_per_lib :  ITTAPI function not implemented: __itt_model_iteration_taskAL
29656 : 0x2e84d28b517b : 2 : ittapi_config_apply_per_lib :  ITTAPI function not implemented: __itt_model_site_end_2
29656 : 0x2e84d28b6171 : 2 : ittapi_config_apply_per_lib :  ITTAPI function not implemented: __itt_model_task_end_2
29656 : 0x2e84d28b74f0 : 2 : ittapi_config_apply_per_lib :  ITTAPI function not implemented: __itt_model_lock_acquire_2
29656 : 0x2e84d28b87ec : 2 : ittapi_config_apply_per_lib :  ITTAPI function not implemented: __itt_model_lock_release_2
29656 : 0x2e84d28b9853 : 2 : ittapi_config_apply_per_lib :  ITTAPI function not implemented: __itt_model_aggregate_task
29656 : 0x2e84d28ba985 : 2 : ittapi_config_apply_per_lib :  ITTAPI function not implemented: __itt_model_disable_push
29656 : 0x2e84d28c0156 : 2 : ittapi_config_apply_per_lib :  ITTAPI function not implemented: __itt_model_disable_pop
29656 : 0x2e84d28c1670 : 2 : ittapi_config_apply_per_lib :  ITTAPI function instrumented: __itt_heap_function_create
29656 : 0x2e84d28c269e : 2 : ittapi_config_apply_per_lib :  ITTAPI function instrumented: __itt_heap_allocate_begin
29656 : 0x2e84d28c345c : 2 : ittapi_config_apply_per_lib :  ITTAPI function instrumented: __itt_heap_allocate_end
29656 : 0x2e84d28c4408 : 2 : ittapi_config_apply_per_lib :  ITTAPI function instrumented: __itt_heap_free_begin
29656 : 0x2e84d28c514a : 2 : ittapi_config_apply_per_lib :  ITTAPI function instrumented: __itt_heap_free_end
29656 : 0x2e84d28c606b : 2 : ittapi_config_apply_per_lib :  ITTAPI function instrumented: __itt_heap_reallocate_begin
29656 : 0x2e84d28c6f13 : 2 : ittapi_config_apply_per_lib :  ITTAPI function instrumented: __itt_heap_reallocate_end
29656 : 0x2e84d28c7ecb : 2 : ittapi_config_apply_per_lib :  ITTAPI function not implemented: __itt_heap_internal_access_begin
29656 : 0x2e84d28c90e1 : 2 : ittapi_config_apply_per_lib :  ITTAPI function not implemented: __itt_heap_internal_access_end
29656 : 0x2e84d28ce527 : 2 : ittapi_config_apply_per_lib :  ITTAPI function not implemented: __itt_heap_record_memory_growth_begin
29656 : 0x2e84d28cfa99 : 2 : ittapi_config_apply_per_lib :  ITTAPI function not implemented: __itt_heap_record_memory_growth_end
29656 : 0x2e84d28d0ede : 2 : ittapi_config_apply_per_lib :  ITTAPI function not implemented: __itt_heap_reset_detection
29656 : 0x2e84d28d21f8 : 2 : ittapi_config_apply_per_lib :  ITTAPI function not implemented: __itt_heap_record
29656 : 0x2e84d28d32b7 : 2 : ittapi_config_apply_per_lib :  ITTAPI function not implemented: __itt_id_create
29656 : 0x2e84d28d4436 : 2 : ittapi_config_apply_per_lib :  ITTAPI function not implemented: __itt_id_destroy
29656 : 0x2e84d28d53a4 : 2 : ittapi_config_apply_per_lib :  ITTAPI function instrumented: __itt_get_timestamp
29656 : 0x2e84d28d63c6 : 2 : ittapi_config_apply_per_lib :  ITTAPI function not implemented: __itt_region_begin
29656 : 0x2e84d28d73b9 : 2 : ittapi_config_apply_per_lib :  ITTAPI function not implemented: __itt_region_end
29656 : 0x2e84d28d8202 : 2 : ittapi_config_apply_per_lib :  ITTAPI function instrumented: __itt_frame_begin_v3
29656 : 0x2e84d28df7ef : 2 : ittapi_config_apply_per_lib :  ITTAPI function instrumented: __itt_frame_end_v3
29656 : 0x2e84d28e09fc : 2 : ittapi_config_apply_per_lib :  ITTAPI function instrumented: __itt_frame_submit_v3
29656 : 0x2e84d28e1524 : 2 : ittapi_config_apply_per_lib :  ITTAPI function NOT instrumented (not matched by --itt-config option): __itt_task_group

29656 : 0x2e84d28e1f5d : 2 : ittapi_config_apply_per_lib :  ITTAPI function NOT instrumented (not matched by --itt-config option): __itt_task_begin

29656 : 0x2e84d28e2ae9 : 2 : ittapi_config_apply_per_lib :  ITTAPI function NOT instrumented (not matched by --itt-config option): __itt_task_begin_fn

29656 : 0x2e84d28e35a1 : 2 : ittapi_config_apply_per_lib :  ITTAPI function NOT instrumented (not matched by --itt-config option): __itt_task_end

29656 : 0x2e84d28e403e : 2 : ittapi_config_apply_per_lib :  ITTAPI function NOT instrumented (not matched by --itt-config option): __itt_counter_inc_v3

29656 : 0x2e84d28e4bbf : 2 : ittapi_config_apply_per_lib :  ITTAPI function NOT instrumented (not matched by --itt-config option): __itt_counter_inc_delta_v3

29656 : 0x2e84d28e5e89 : 2 : ittapi_config_apply_per_lib :  ITTAPI function not implemented: __itt_marker
29656 : 0x2e84d28e7043 : 2 : ittapi_config_apply_per_lib :  ITTAPI function instrumented: __itt_metadata_add
29656 : 0x2e84d28ec51d : 2 : ittapi_config_apply_per_lib :  ITTAPI function not implemented: __itt_metadata_str_add
29656 : 0x2e84d28edb8d : 2 : ittapi_config_apply_per_lib :  ITTAPI function not implemented: __itt_relation_add_to_current
29656 : 0x2e84d28eed2a : 2 : ittapi_config_apply_per_lib :  ITTAPI function not implemented: __itt_relation_add
29656 : 0x2e84d28efc36 : 2 : ittapi_config_apply_per_lib :  ITTAPI function instrumented: __itt_event_create
29656 : 0x2e84d28f06e2 : 2 : ittapi_config_apply_per_lib :  ITTAPI function NOT instrumented (not matched by --itt-config option): __itt_event_start

29656 : 0x2e84d28f11c0 : 2 : ittapi_config_apply_per_lib :  ITTAPI function NOT instrumented (not matched by --itt-config option): __itt_event_end

29656 : 0x2e84d28f1b9a : 2 : ittapi_config_apply_per_lib :  ITTAPI function NOT instrumented (not matched by --itt-config option): __itt_sync_set_name

29656 : 0x2e84d28f2696 : 2 : ittapi_config_apply_per_lib :  ITTAPI function NOT instrumented (not matched by --itt-config option): __itt_notify_sync_name

29656 : 0x2e84d28f32b0 : 2 : ittapi_config_apply_per_lib :  ITTAPI function NOT instrumented (not matched by --itt-config option): __itt_notify_sync_prepare

29656 : 0x2e84d28f3d50 : 2 : ittapi_config_apply_per_lib :  ITTAPI function NOT instrumented (not matched by --itt-config option): __itt_notify_sync_cancel

29656 : 0x2e84d28f8561 : 2 : ittapi_config_apply_per_lib :  ITTAPI function NOT instrumented (not matched by --itt-config option): __itt_notify_sync_acquired

29656 : 0x2e84d28f9322 : 2 : ittapi_config_apply_per_lib :  ITTAPI function NOT instrumented (not matched by --itt-config option): __itt_notify_sync_releasing

29656 : 0x2e84d28fa7f5 : 2 : ittapi_config_apply_per_lib :  ITTAPI function not implemented: __itt_memory_read
29656 : 0x2e84d28fba7e : 2 : ittapi_config_apply_per_lib :  ITTAPI function not implemented: __itt_memory_write
29656 : 0x2e84d28fccc3 : 2 : ittapi_config_apply_per_lib :  ITTAPI function not implemented: __itt_memory_update
29656 : 0x2e84d28fe282 : 2 : ittapi_config_apply_per_lib :  ITTAPI function not implemented: __itt_state_get
29656 : 0x2e84d28ff20b : 2 : ittapi_config_apply_per_lib :  ITTAPI function not implemented: __itt_state_set
29656 : 0x2e84d29001f2 : 2 : ittapi_config_apply_per_lib :  ITTAPI function not implemented: __itt_obj_mode_set
29656 : 0x2e84d2901232 : 2 : ittapi_config_apply_per_lib :  ITTAPI function not implemented: __itt_thr_mode_set
29656 : 0x2e84d2901fb8 : 2 : ittapi_config_apply_per_lib :  ITTAPI function instrumented: __itt_frame_create
29656 : 0x2e84d2908af0 : 2 : ittapi_config_apply_per_lib :  ITTAPI function instrumented: __itt_frame_begin
29656 : 0x2e84d2909cfa : 2 : ittapi_config_apply_per_lib :  ITTAPI function instrumented: __itt_frame_end
29656 : 0x2e84d290b04a : 2 : ittapi_config_apply_per_lib :  ITTAPI function instrumented: __itt_counter_create
29656 : 0x2e84d290bb4b : 2 : ittapi_config_apply_per_lib :  ITTAPI function NOT instrumented (not matched by --itt-config option): __itt_counter_destroy

29656 : 0x2e84d290c980 : 2 : ittapi_config_apply_per_lib :  ITTAPI function NOT instrumented (not matched by --itt-config option): __itt_counter_inc

29656 : 0x2e84d290d49f : 2 : ittapi_config_apply_per_lib :  ITTAPI function NOT instrumented (not matched by --itt-config option): __itt_counter_inc_delta

29656 : 0x2e84d290e71c : 2 : ittapi_config_apply_per_lib :  ITTAPI function not implemented: __itt_mark_create
29656 : 0x2e84d290fa10 : 2 : ittapi_config_apply_per_lib :  ITTAPI function not implemented: __itt_mark
29656 : 0x2e84d2910c52 : 2 : ittapi_config_apply_per_lib :  ITTAPI function not implemented: __itt_mark_off
29656 : 0x2e84d2911c0a : 2 : ittapi_config_apply_per_lib :  ITTAPI function not implemented: __itt_mark_global
29656 : 0x2e84d29175c6 : 2 : ittapi_config_apply_per_lib :  ITTAPI function not implemented: __itt_mark_global_off
29656 : 0x2e84d2918ed6 : 2 : ittapi_config_apply_per_lib :  ITTAPI function instrumented: __itt_stack_caller_create
29656 : 0x2e84d2919ea8 : 2 : ittapi_config_apply_per_lib :  ITTAPI function instrumented: __itt_stack_caller_destroy
29656 : 0x2e84d291ae9b : 2 : ittapi_config_apply_per_lib :  ITTAPI function instrumented: __itt_stack_callee_enter
29656 : 0x2e84d291bc39 : 2 : ittapi_config_apply_per_lib :  ITTAPI function instrumented: __itt_stack_callee_leave
29656 : 0x2e84d291cc9c : 2 : ittapi_config_apply_per_lib :  ITTAPI function not implemented: __itt_clock_domain_create
29656 : 0x2e84d291e148 : 2 : ittapi_config_apply_per_lib :  ITTAPI function not implemented: __itt_clock_domain_reset
29656 : 0x2e84d291f0b9 : 2 : ittapi_config_apply_per_lib :  ITTAPI function not implemented: __itt_id_create_ex
29656 : 0x2e84d2920244 : 2 : ittapi_config_apply_per_lib :  ITTAPI function not implemented: __itt_id_destroy_ex
29656 : 0x2e84d2920d08 : 2 : ittapi_config_apply_per_lib :  ITTAPI function NOT instrumented (not matched by --itt-config option): __itt_task_begin_ex

29656 : 0x2e84d29254ab : 2 : ittapi_config_apply_per_lib :  ITTAPI function NOT instrumented (not matched by --itt-config option): __itt_task_begin_fn_ex

29656 : 0x2e84d29261f9 : 2 : ittapi_config_apply_per_lib :  ITTAPI function NOT instrumented (not matched by --itt-config option): __itt_task_end_ex

29656 : 0x2e84d2926cd4 : 2 : ittapi_config_apply_per_lib :  ITTAPI function NOT instrumented (not matched by --itt-config option): __itt_task_begin_overlapped

29656 : 0x2e84d29276b7 : 2 : ittapi_config_apply_per_lib :  ITTAPI function NOT instrumented (not matched by --itt-config option): __itt_task_begin_overlapped_ex

29656 : 0x2e84d292807f : 2 : ittapi_config_apply_per_lib :  ITTAPI function NOT instrumented (not matched by --itt-config option): __itt_task_end_overlapped

29656 : 0x2e84d2928b5d : 2 : ittapi_config_apply_per_lib :  ITTAPI function NOT instrumented (not matched by --itt-config option): __itt_task_end_overlapped_ex

29656 : 0x2e84d292a036 : 2 : ittapi_config_apply_per_lib :  ITTAPI function not implemented: __itt_marker_ex
29656 : 0x2e84d292b6ac : 2 : ittapi_config_apply_per_lib :  ITTAPI function not implemented: __itt_metadata_add_with_scope
29656 : 0x2e84d292c881 : 2 : ittapi_config_apply_per_lib :  ITTAPI function not implemented: __itt_metadata_str_add_with_scope
29656 : 0x2e84d292da03 : 2 : ittapi_config_apply_per_lib :  ITTAPI function not implemented: __itt_relation_add_to_current_ex
29656 : 0x2e84d29329bc : 2 : ittapi_config_apply_per_lib :  ITTAPI function not implemented: __itt_relation_add_ex
29656 : 0x2e84d29340bd : 2 : ittapi_config_apply_per_lib :  ITTAPI function not implemented: __itt_track_group_create
29656 : 0x2e84d29351de : 2 : ittapi_config_apply_per_lib :  ITTAPI function not implemented: __itt_track_create
29656 : 0x2e84d2936386 : 2 : ittapi_config_apply_per_lib :  ITTAPI function not implemented: __itt_set_track
29656 : 0x2e84d29373b7 : 2 : ittapi_config_apply_per_lib :  ITTAPI function instrumented: __itt_api_version
29656 : 0x2e84d29384db : 2 : ittapi_config_apply_per_lib :  ITTAPI function not implemented: __itt_av_save
29656 : 0x2e84d2b0b157 : 2 : ittapi_config_mask_get :  --itt-config mask to be applied: 17
29656 : 0x2e84d2b0d5b2 : 2 : ittapi_config_apply_per_lib :  ITTAPI function instrumented: __itt_domain_create
29656 : 0x2e84d2b0e579 : 2 : ittapi_config_apply_per_lib :  ITTAPI function instrumented: __itt_string_handle_create
29656 : 0x2e84d2b0f46e : 2 : ittapi_config_apply_per_lib :  ITTAPI function instrumented: __itt_pause
29656 : 0x2e84d2b1a4dc : 2 : ittapi_config_apply_per_lib :  ITTAPI function instrumented: __itt_resume
29656 : 0x2e84d2b1b974 : 2 : ittapi_config_apply_per_lib :  ITTAPI function instrumented: __itt_thread_set_name
29656 : 0x2e84d2b1c99f : 2 : ittapi_config_apply_per_lib :  ITTAPI function instrumented: __itt_thread_ignore
29656 : 0x2e84d2b1d7a1 : 2 : ittapi_config_apply_per_lib :  ITTAPI function instrumented: __itt_thr_name_set
29656 : 0x2e84d2b1e5dc : 2 : ittapi_config_apply_per_lib :  ITTAPI function instrumented: __itt_thr_ignore
29656 : 0x2e84d2b1fc14 : 2 : ittapi_config_apply_per_lib :  ITTAPI function not implemented: __itt_enable_attach
29656 : 0x2e84d2b207f3 : 2 : ittapi_config_apply_per_lib :  ITTAPI function NOT instrumented (not matched by --itt-config option): __itt_sync_create

29656 : 0x2e84d2b21386 : 2 : ittapi_config_apply_per_lib :  ITTAPI function NOT instrumented (not matched by --itt-config option): __itt_sync_rename

29656 : 0x2e84d2b21e46 : 2 : ittapi_config_apply_per_lib :  ITTAPI function NOT instrumented (not matched by --itt-config option): __itt_sync_destroy

29656 : 0x2e84d2b2297a : 2 : ittapi_config_apply_per_lib :  ITTAPI function NOT instrumented (not matched by --itt-config option): __itt_sync_prepare

29656 : 0x2e84d2b27add : 2 : ittapi_config_apply_per_lib :  ITTAPI function NOT instrumented (not matched by --itt-config option): __itt_sync_cancel

29656 : 0x2e84d2b2889b : 2 : ittapi_config_apply_per_lib :  ITTAPI function NOT instrumented (not matched by --itt-config option): __itt_sync_acquired

29656 : 0x2e84d2b29320 : 2 : ittapi_config_apply_per_lib :  ITTAPI function NOT instrumented (not matched by --itt-config option): __itt_sync_releasing

29656 : 0x2e84d2b2abba : 2 : ittapi_config_apply_per_lib :  ITTAPI function not implemented: __itt_suppress_push
29656 : 0x2e84d2b2c207 : 2 : ittapi_config_apply_per_lib :  ITTAPI function not implemented: __itt_suppress_pop
29656 : 0x2e84d2b2d3f9 : 2 : ittapi_config_apply_per_lib :  ITTAPI function not implemented: __itt_suppress_mark_range
29656 : 0x2e84d2b2e5e0 : 2 : ittapi_config_apply_per_lib :  ITTAPI function not implemented: __itt_suppress_clear_range
29656 : 0x2e84d2b2f0a3 : 2 : ittapi_config_apply_per_lib :  ITTAPI function NOT instrumented (not matched by --itt-config option): __itt_sync_prepare

29656 : 0x2e84d2b2fae8 : 2 : ittapi_config_apply_per_lib :  ITTAPI function NOT instrumented (not matched by --itt-config option): __itt_sync_cancel

29656 : 0x2e84d2b304a4 : 2 : ittapi_config_apply_per_lib :  ITTAPI function NOT instrumented (not matched by --itt-config option): __itt_sync_acquired

29656 : 0x2e84d2b34d66 : 2 : ittapi_config_apply_per_lib :  ITTAPI function NOT instrumented (not matched by --itt-config option): __itt_sync_releasing

29656 : 0x2e84d2b3667c : 2 : ittapi_config_apply_per_lib :  ITTAPI function not implemented: __itt_model_site_begin
29656 : 0x2e84d2b378ff : 2 : ittapi_config_apply_per_lib :  ITTAPI function not implemented: __itt_model_site_end
29656 : 0x2e84d2b38c13 : 2 : ittapi_config_apply_per_lib :  ITTAPI function not implemented: __itt_model_task_begin
29656 : 0x2e84d2b39e47 : 2 : ittapi_config_apply_per_lib :  ITTAPI function not implemented: __itt_model_task_end
29656 : 0x2e84d2b3aec2 : 2 : ittapi_config_apply_per_lib :  ITTAPI function not implemented: __itt_model_lock_acquire
29656 : 0x2e84d2b3be56 : 2 : ittapi_config_apply_per_lib :  ITTAPI function not implemented: __itt_model_lock_release
29656 : 0x2e84d2b3ce0e : 2 : ittapi_config_apply_per_lib :  ITTAPI function not implemented: __itt_model_record_allocation
29656 : 0x2e84d2b3df84 : 2 : ittapi_config_apply_per_lib :  ITTAPI function not implemented: __itt_model_record_deallocation
29656 : 0x2e84d2b3efb2 : 2 : ittapi_config_apply_per_lib :  ITTAPI function not implemented: __itt_model_induction_uses
29656 : 0x2e84d2b46740 : 2 : ittapi_config_apply_per_lib :  ITTAPI function not implemented: __itt_model_reduction_uses
29656 : 0x2e84d2b47ef3 : 2 : ittapi_config_apply_per_lib :  ITTAPI function not implemented: __itt_model_observe_uses
29656 : 0x2e84d2b490df : 2 : ittapi_config_apply_per_lib :  ITTAPI function not implemented: __itt_model_clear_uses
29656 : 0x2e84d2b4a3d9 : 2 : ittapi_config_apply_per_lib :  ITTAPI function not implemented: __itt_model_site_beginA
29656 : 0x2e84d2b4b627 : 2 : ittapi_config_apply_per_lib :  ITTAPI function not implemented: __itt_model_site_beginAL
29656 : 0x2e84d2b4c739 : 2 : ittapi_config_apply_per_lib :  ITTAPI function not implemented: __itt_model_task_beginA
29656 : 0x2e84d2b4d966 : 2 : ittapi_config_apply_per_lib :  ITTAPI function not implemented: __itt_model_task_beginAL
29656 : 0x2e84d2b4e956 : 2 : ittapi_config_apply_per_lib :  ITTAPI function not implemented: __itt_model_iteration_taskA
29656 : 0x2e84d2b4fb75 : 2 : ittapi_config_apply_per_lib :  ITTAPI function not implemented: __itt_model_iteration_taskAL
29656 : 0x2e84d2b50b5f : 2 : ittapi_config_apply_per_lib :  ITTAPI function not implemented: __itt_model_site_end_2
29656 : 0x2e84d2b5673e : 2 : ittapi_config_apply_per_lib :  ITTAPI function not implemented: __itt_model_task_end_2
29656 : 0x2e84d2b57ef4 : 2 : ittapi_config_apply_per_lib :  ITTAPI function not implemented: __itt_model_lock_acquire_2
29656 : 0x2e84d2b59160 : 2 : ittapi_config_apply_per_lib :  ITTAPI function not implemented: __itt_model_lock_release_2
29656 : 0x2e84d2b5a320 : 2 : ittapi_config_apply_per_lib :  ITTAPI function not implemented: __itt_model_aggregate_task
29656 : 0x2e84d2b5b458 : 2 : ittapi_config_apply_per_lib :  ITTAPI function not implemented: __itt_model_disable_push
29656 : 0x2e84d2b5c593 : 2 : ittapi_config_apply_per_lib :  ITTAPI function not implemented: __itt_model_disable_pop
29656 : 0x2e84d2b5d4c0 : 2 : ittapi_config_apply_per_lib :  ITTAPI function instrumented: __itt_heap_function_create
29656 : 0x2e84d2b5e3cf : 2 : ittapi_config_apply_per_lib :  ITTAPI function instrumented: __itt_heap_allocate_begin
29656 : 0x2e84d2b5f170 : 2 : ittapi_config_apply_per_lib :  ITTAPI function instrumented: __itt_heap_allocate_end
29656 : 0x2e84d2b5ff2e : 2 : ittapi_config_apply_per_lib :  ITTAPI function instrumented: __itt_heap_free_begin
29656 : 0x2e84d2b64ede : 2 : ittapi_config_apply_per_lib :  ITTAPI function instrumented: __itt_heap_free_end
29656 : 0x2e84d2b65f9a : 2 : ittapi_config_apply_per_lib :  ITTAPI function instrumented: __itt_heap_reallocate_begin
29656 : 0x2e84d2b66d44 : 2 : ittapi_config_apply_per_lib :  ITTAPI function instrumented: __itt_heap_reallocate_end
29656 : 0x2e84d2b67e76 : 2 : ittapi_config_apply_per_lib :  ITTAPI function not implemented: __itt_heap_internal_access_begin
29656 : 0x2e84d2b690e8 : 2 : ittapi_config_apply_per_lib :  ITTAPI function not implemented: __itt_heap_internal_access_end
29656 : 0x2e84d2b6a273 : 2 : ittapi_config_apply_per_lib :  ITTAPI function not implemented: __itt_heap_record_memory_growth_begin
29656 : 0x2e84d2b6b3ba : 2 : ittapi_config_apply_per_lib :  ITTAPI function not implemented: __itt_heap_record_memory_growth_end
29656 : 0x2e84d2b6c414 : 2 : ittapi_config_apply_per_lib :  ITTAPI function not implemented: __itt_heap_reset_detection
29656 : 0x2e84d2b6d3ba : 2 : ittapi_config_apply_per_lib :  ITTAPI function not implemented: __itt_heap_record
29656 : 0x2e84d2b6e2be : 2 : ittapi_config_apply_per_lib :  ITTAPI function not implemented: __itt_id_create
29656 : 0x2e84d2b754a9 : 2 : ittapi_config_apply_per_lib :  ITTAPI function not implemented: __itt_id_destroy
29656 : 0x2e84d2b7695b : 2 : ittapi_config_apply_per_lib :  ITTAPI function instrumented: __itt_get_timestamp
29656 : 0x2e84d2b779b5 : 2 : ittapi_config_apply_per_lib :  ITTAPI function not implemented: __itt_region_begin
29656 : 0x2e84d2b78973 : 2 : ittapi_config_apply_per_lib :  ITTAPI function not implemented: __itt_region_end
29656 : 0x2e84d2b79856 : 2 : ittapi_config_apply_per_lib :  ITTAPI function instrumented: __itt_frame_begin_v3
29656 : 0x2e84d2b7a6f2 : 2 : ittapi_config_apply_per_lib :  ITTAPI function instrumented: __itt_frame_end_v3
29656 : 0x2e84d2b7b48d : 2 : ittapi_config_apply_per_lib :  ITTAPI function instrumented: __itt_frame_submit_v3
29656 : 0x2e84d2b7bece : 2 : ittapi_config_apply_per_lib :  ITTAPI function NOT instrumented (not matched by --itt-config option): __itt_task_group

29656 : 0x2e84d2b7c94b : 2 : ittapi_config_apply_per_lib :  ITTAPI function NOT instrumented (not matched by --itt-config option): __itt_task_begin

29656 : 0x2e84d2b7d380 : 2 : ittapi_config_apply_per_lib :  ITTAPI function NOT instrumented (not matched by --itt-config option): __itt_task_begin_fn

29656 : 0x2e84d2b81f55 : 2 : ittapi_config_apply_per_lib :  ITTAPI function NOT instrumented (not matched by --itt-config option): __itt_task_end

29656 : 0x2e84d2b82d8c : 2 : ittapi_config_apply_per_lib :  ITTAPI function NOT instrumented (not matched by --itt-config option): __itt_counter_inc_v3

29656 : 0x2e84d2b83983 : 2 : ittapi_config_apply_per_lib :  ITTAPI function NOT instrumented (not matched by --itt-config option): __itt_counter_inc_delta_v3

29656 : 0x2e84d2b84c39 : 2 : ittapi_config_apply_per_lib :  ITTAPI function not implemented: __itt_marker
29656 : 0x2e84d2b85e43 : 2 : ittapi_config_apply_per_lib :  ITTAPI function instrumented: __itt_metadata_add
29656 : 0x2e84d2b86fbc : 2 : ittapi_config_apply_per_lib :  ITTAPI function not implemented: __itt_metadata_str_add
29656 : 0x2e84d2b8817c : 2 : ittapi_config_apply_per_lib :  ITTAPI function not implemented: __itt_relation_add_to_current
29656 : 0x2e84d2b89160 : 2 : ittapi_config_apply_per_lib :  ITTAPI function not implemented: __itt_relation_add
29656 : 0x2e84d2b89e82 : 2 : ittapi_config_apply_per_lib :  ITTAPI function instrumented: __itt_event_create
29656 : 0x2e84d2b8a86b : 2 : ittapi_config_apply_per_lib :  ITTAPI function NOT instrumented (not matched by --itt-config option): __itt_event_start

29656 : 0x2e84d2b8f1de : 2 : ittapi_config_apply_per_lib :  ITTAPI function NOT instrumented (not matched by --itt-config option): __itt_event_end

29656 : 0x2e84d2b8ff7c : 2 : ittapi_config_apply_per_lib :  ITTAPI function NOT instrumented (not matched by --itt-config option): __itt_sync_set_name

29656 : 0x2e84d2b909b7 : 2 : ittapi_config_apply_per_lib :  ITTAPI function NOT instrumented (not matched by --itt-config option): __itt_notify_sync_name

29656 : 0x2e84d2b9146c : 2 : ittapi_config_apply_per_lib :  ITTAPI function NOT instrumented (not matched by --itt-config option): __itt_notify_sync_prepare

29656 : 0x2e84d2b91f27 : 2 : ittapi_config_apply_per_lib :  ITTAPI function NOT instrumented (not matched by --itt-config option): __itt_notify_sync_cancel

29656 : 0x2e84d2b929c1 : 2 : ittapi_config_apply_per_lib :  ITTAPI function NOT instrumented (not matched by --itt-config option): __itt_notify_sync_acquired

29656 : 0x2e84d2b93467 : 2 : ittapi_config_apply_per_lib :  ITTAPI function NOT instrumented (not matched by --itt-config option): __itt_notify_sync_releasing

29656 : 0x2e84d2b947c5 : 2 : ittapi_config_apply_per_lib :  ITTAPI function not implemented: __itt_memory_read
29656 : 0x2e84d2b95982 : 2 : ittapi_config_apply_per_lib :  ITTAPI function not implemented: __itt_memory_write
29656 : 0x2e84d2b96a97 : 2 : ittapi_config_apply_per_lib :  ITTAPI function not implemented: __itt_memory_update
29656 : 0x2e84d2b9bb2a : 2 : ittapi_config_apply_per_lib :  ITTAPI function not implemented: __itt_state_get
29656 : 0x2e84d2b9cecf : 2 : ittapi_config_apply_per_lib :  ITTAPI function not implemented: __itt_state_set
29656 : 0x2e84d2b9ddd9 : 2 : ittapi_config_apply_per_lib :  ITTAPI function not implemented: __itt_obj_mode_set
29656 : 0x2e84d2b9ed88 : 2 : ittapi_config_apply_per_lib :  ITTAPI function not implemented: __itt_thr_mode_set
29656 : 0x2e84d2b9fb31 : 2 : ittapi_config_apply_per_lib :  ITTAPI function instrumented: __itt_frame_create
29656 : 0x2e84d2ba0a1d : 2 : ittapi_config_apply_per_lib :  ITTAPI function instrumented: __itt_frame_begin
29656 : 0x2e84d2ba1890 : 2 : ittapi_config_apply_per_lib :  ITTAPI function instrumented: __itt_frame_end
29656 : 0x2e84d2ba25d2 : 2 : ittapi_config_apply_per_lib :  ITTAPI function instrumented: __itt_counter_create
29656 : 0x2e84d2ba30fa : 2 : ittapi_config_apply_per_lib :  ITTAPI function NOT instrumented (not matched by --itt-config option): __itt_counter_destroy

29656 : 0x2e84d2ba3b82 : 2 : ittapi_config_apply_per_lib :  ITTAPI function NOT instrumented (not matched by --itt-config option): __itt_counter_inc

29656 : 0x2e84d2ba9f56 : 2 : ittapi_config_apply_per_lib :  ITTAPI function NOT instrumented (not matched by --itt-config option): __itt_counter_inc_delta

29656 : 0x2e84d2bab753 : 2 : ittapi_config_apply_per_lib :  ITTAPI function not implemented: __itt_mark_create
29656 : 0x2e84d2bac93a : 2 : ittapi_config_apply_per_lib :  ITTAPI function not implemented: __itt_mark
29656 : 0x2e84d2bada25 : 2 : ittapi_config_apply_per_lib :  ITTAPI function not implemented: __itt_mark_off
29656 : 0x2e84d2baea38 : 2 : ittapi_config_apply_per_lib :  ITTAPI function not implemented: __itt_mark_global
29656 : 0x2e84d2bafc04 : 2 : ittapi_config_apply_per_lib :  ITTAPI function not implemented: __itt_mark_global_off
29656 : 0x2e84d2bb0ddf : 2 : ittapi_config_apply_per_lib :  ITTAPI function instrumented: __itt_stack_caller_create
29656 : 0x2e84d2bb1cc8 : 2 : ittapi_config_apply_per_lib :  ITTAPI function instrumented: __itt_stack_caller_destroy
29656 : 0x2e84d2bb2cb8 : 2 : ittapi_config_apply_per_lib :  ITTAPI function instrumented: __itt_stack_callee_enter
29656 : 0x2e84d2bb3b04 : 2 : ittapi_config_apply_per_lib :  ITTAPI function instrumented: __itt_stack_callee_leave
29656 : 0x2e84d2bb938a : 2 : ittapi_config_apply_per_lib :  ITTAPI function not implemented: __itt_clock_domain_create
29656 : 0x2e84d2bbaa24 : 2 : ittapi_config_apply_per_lib :  ITTAPI function not implemented: __itt_clock_domain_reset
29656 : 0x2e84d2bbba55 : 2 : ittapi_config_apply_per_lib :  ITTAPI function not implemented: __itt_id_create_ex
29656 : 0x2e84d2bbcb7e : 2 : ittapi_config_apply_per_lib :  ITTAPI function not implemented: __itt_id_destroy_ex
29656 : 0x2e84d2bbd5ba : 2 : ittapi_config_apply_per_lib :  ITTAPI function NOT instrumented (not matched by --itt-config option): __itt_task_begin_ex

29656 : 0x2e84d2bbdfd2 : 2 : ittapi_config_apply_per_lib :  ITTAPI function NOT instrumented (not matched by --itt-config option): __itt_task_begin_fn_ex

29656 : 0x2e84d2bbe9a9 : 2 : ittapi_config_apply_per_lib :  ITTAPI function NOT instrumented (not matched by --itt-config option): __itt_task_end_ex

29656 : 0x2e84d2bbf3ea : 2 : ittapi_config_apply_per_lib :  ITTAPI function NOT instrumented (not matched by --itt-config option): __itt_task_begin_overlapped

29656 : 0x2e84d2bbfe3d : 2 : ittapi_config_apply_per_lib :  ITTAPI function NOT instrumented (not matched by --itt-config option): __itt_task_begin_overlapped_ex

29656 : 0x2e84d2bc0795 : 2 : ittapi_config_apply_per_lib :  ITTAPI function NOT instrumented (not matched by --itt-config option): __itt_task_end_overlapped

29656 : 0x2e84d2bc50fa : 2 : ittapi_config_apply_per_lib :  ITTAPI function NOT instrumented (not matched by --itt-config option): __itt_task_end_overlapped_ex

29656 : 0x2e84d2bc6863 : 2 : ittapi_config_apply_per_lib :  ITTAPI function not implemented: __itt_marker_ex
29656 : 0x2e84d2bc7ae9 : 2 : ittapi_config_apply_per_lib :  ITTAPI function not implemented: __itt_metadata_add_with_scope
29656 : 0x2e84d2bc8d2e : 2 : ittapi_config_apply_per_lib :  ITTAPI function not implemented: __itt_metadata_str_add_with_scope
29656 : 0x2e84d2bc9ebc : 2 : ittapi_config_apply_per_lib :  ITTAPI function not implemented: __itt_relation_add_to_current_ex
29656 : 0x2e84d2bcaf2e : 2 : ittapi_config_apply_per_lib :  ITTAPI function not implemented: __itt_relation_add_ex
29656 : 0x2e84d2bcc0a7 : 2 : ittapi_config_apply_per_lib :  ITTAPI function not implemented: __itt_track_group_create
29656 : 0x2e84d2bcd018 : 2 : ittapi_config_apply_per_lib :  ITTAPI function not implemented: __itt_track_create
29656 : 0x2e84d2bcdf7a : 2 : ittapi_config_apply_per_lib :  ITTAPI function not implemented: __itt_set_track
29656 : 0x2e84d2bced56 : 2 : ittapi_config_apply_per_lib :  ITTAPI function instrumented: __itt_api_version
29656 : 0x2e84d2bd5868 : 2 : ittapi_config_apply_per_lib :  ITTAPI function not implemented: __itt_av_save