11 [140305983194944] INFO perfrun.launcher <> - argc = 7; cmdline = /opt/intel/vtune_amplifier_2018.2.0.551022/bin64/amplxe-runss --ui-output-format xml --ui-output-fd 229 --option-file /home/rdangnhu/Stage3A/precise-parallel-fp/capps/Precise-parallel-fp/r009hs/config/runss.options 
20 [140305983194944] INFO perfrun.launcher <> - plugin system has been added successfully
20 [140305983194944] INFO perfrun.launcher <> - plugin itt has been added successfully
20 [140305983194944] INFO perfrun.launcher <> - plugin ptracecollector has been added successfully
20 [140305983194944] INFO perfrun.launcher <> - plugin gpu has been added successfully
20 [140305983194944] INFO perfrun.launcher <> - plugin  has been added successfully
20 [140305983194944] INFO perfrun.launcher <> - plugin  has been added successfully
20 [140305983194944] INFO perfrun.launcher <> - plugin  has been added successfully
20 [140305983194944] INFO perfrun.launcher <> - plugin mrte has been added successfully
20 [140305983194944] INFO perfrun.launcher <> - plugin emon has been added successfully
21 [140305983194944] INFO perfrun.launcher <> - plugin stdsrc has been added successfully
21 [140305983194944] INFO perfrun.launcher <> - plugin sep has been added successfully
21 [140305983194944] INFO perfrun.launcher <> - plugin vtsspp has been added successfully
21 [140305983194944] INFO perfrun.sdk <> - Reading value (3) from file: /proc/sys/kernel/perf_event_paranoid
21 [140305983194944] INFO perfrun.launcher <> - plugin perf has been added successfully
21 [140305983194944] INFO perfrun.launcher <> - plugin tpss has been added successfully
21 [140305983194944] INFO perfrun.launcher <> - plugin cuscol has been added successfully
21 [140305983194944] INFO perfrun.launcher <> - plugin exprof has been added successfully
21 [140305983194944] INFO perfrun.launcher <> - plugin dpdk has been added successfully
21 [140305983194944] INFO perfrun.launcher <> - plugin media has been added successfully
21 [140305983194944] INFO perfrun.launcher <> - plugin commcollector has been added successfully
21 [140305983194944] INFO perfrun.launcher <> - plugin cve has been added successfully
22 [140305983194944] INFO perfrun.launcher <> - the option was added --interval: Specify an interval of data collection (for example, sampling) in milliseconds.
22 [140305983194944] INFO perfrun.launcher <> - the option was added --follow-child: Profile process with or without children.
22 [140305983194944] INFO perfrun.launcher <> - the option was added --gelding: BADMSG: perfrun1.launcher.plugin_manager::gelding
22 [140305983194944] INFO perfrun.launcher <> - the option was added --time-source: Specify time source for measurement. Possible values: sys - wall clock time; tsc - time stamp counter; ext - time from an external source; auto - auto select accurate time source.
22 [140305983194944] INFO perfrun.launcher <> - the option was added --stack: Enable or disable collection of stacks.
22 [140305983194944] INFO perfrun.launcher <> - the option was added --stack-stitching: Enable or disable the stack stitching algorithm for Intel TBB-based applications.
22 [140305983194944] INFO perfrun.launcher <> - the option was added --type: Specify type of data to be collected. For example, --type cpu:counters,waiting:nostack,io.
22 [140305983194944] INFO perfrun.launcher <> - the option was added --mrte-mode: Specify Java/.NET/other managed runtime collection mode. Possible values: native - collect information only for native code; managed - collect information only for managed code; mixed - collect information for both managed and native code; auto - choose the mode based on binary type.
22 [140305983194944] INFO perfrun.launcher <> - the option was added --mrte-mode-list: List supported Java/.NET/other managed runtime collection modes.
22 [140305983194944] INFO perfrun.launcher <> - the option was added --mrte-type: Specify which managed runtimes to collect. Possible values: java - collect information for Java; dotnet - collect information for .NET; python - collect information for CPython. You can specify several values separated by comma.
22 [140305983194944] INFO perfrun.launcher <> - the option was added --mrte-type-list: List supported Java/.NET/other managed runtime types.
22 [140305983194944] INFO perfrun.launcher <> - the option was added --trace-strategy: Specify how to profile a process tree. <string> can be "<process>:trace:notrace" - profile the process but do not profile its children. Shorthand parameters: t - trace, nt - notrace. For example, "vtunedemo.exe:t:t".
22 [140305983194944] INFO perfrun.launcher <> - the option was added --collector: BADMSG: perfrun1.launcher.plugin_manager::collector
22 [140305983194944] INFO perfrun.launcher <> - the option was added --system-wide: Enable system-wide profiling. This mode may require additional permissions.
22 [140305983194944] INFO perfrun.launcher <> - the option was added --kvm-guest: Enable KVM guest OS profiling.
22 [140305983194944] INFO perfrun.launcher <> - the option was added --kvm-guest-kallsyms: Specify a local path to the /proc/kallsyms file copied from the guest OS for proper symbol resolution.
22 [140305983194944] INFO perfrun.launcher <> - the option was added --kvm-guest-modules: Specify a local path to the /proc/modules file copied from the guest OS for proper symbol resolution.
22 [140305983194944] INFO perfrun.launcher <> - the option was added --target-system: BADMSG: perfrun1.launcher.plugin_manager::target-system
22 [140305983194944] INFO perfrun.launcher <> - the option was added --dump-vdso: Dump [vdso] to result directory
22 [140305983194944] INFO perfrun.launcher <> - the option was added --bandwidth-limits: Measure bandwidth limits
22 [140305983194944] INFO perfrun.launcher <> - the option was added --bandwidth-strategy: Bandwidth limits determination specific properties (example: --bandwidth-strategy array-size=0,duration=500).
22 [140305983194944] INFO perfrun.launcher <> - the option was added --bandwidth-config: List of benchmarks to run.
22 [140305983194944] INFO perfrun.launcher <> - the option was added --system-collector-config: Specify subcollectors. Possible values: all, vdso, container, device-info, none.
22 [140305983194944] INFO perfrun.launcher <> - the option was added --itt-config: Specify a sub-set of ITT API to collect.
23 [140305983194944] INFO perfrun.launcher <> - the option was added --itt-debug: Set pseudo-breakpoint at ITT API collector's start to enable the debugger to attach early.
23 [140305983194944] INFO perfrun.launcher <> - the option was added --itt-ring-buffer-multiplier: The size of internal ITT API collector ring buffer, in bytes per second
23 [140305983194944] INFO perfrun.launcher <> - the option was added --ptrace: Ptrace collector.
23 [140305983194944] INFO perfrun.launcher <> - the option was added --target-pid: BADMSG: perfrun1.ptracecollector::target-pid
23 [140305983194944] INFO perfrun.launcher <> - the option was added --ptrace-server-pid: BADMSG: perfrun1.ptracecollector::ptrace-server-pid
23 [140305983194944] INFO perfrun.launcher <> - the option was added --ptrace-trace: BADMSG: perfrun1.ptracecollector::ptrace-trace
23 [140305983194944] INFO perfrun.launcher <> - the option was added --ptrace-time-source: BADMSG: perfrun1.ptracecollector::ptrace-time-source
23 [140305983194944] INFO perfrun.launcher <> - the option was added --ptrace-start-type: BADMSG: perfrun1.ptracecollector::ptrace-start-type
23 [140305983194944] INFO perfrun.launcher <> - the option was added --gpu-config: Specify types of GPU data to be collected. Possible values: preset1, preset2.
23 [140305983194944] INFO perfrun.launcher <> - the option was added --gpu-debug: Enable self-testing of the GPGPU profiling collector.
23 [140305983194944] INFO perfrun.launcher <> - the option was added --stdsrc-config: Specify Standard Sources category tag(s).
23 [140305983194944] INFO perfrun.launcher <> - the option was added --ftrace-config-list: List Linux Ftrace category tag(s).
23 [140305983194944] INFO perfrun.launcher <> - the option was added --ftrace-config: Specify Linux Ftrace category tag(s).
23 [140305983194944] INFO perfrun.launcher <> - the option was added --ftrace-function-groups: Enable tracing of specific groups of functions.
23 [140305983194944] INFO perfrun.launcher <> - the option was added --event-info: BADMSG: perfrun1.stdsrc::event-info
23 [140305983194944] INFO perfrun.launcher <> - the option was added --cpu-list: List supported CPUs.
23 [140305983194944] INFO perfrun.launcher <> - the option was added --target-list: List available targets for performing sampling collection.
23 [140305983194944] INFO perfrun.launcher <> - the option was added --event-value-list: Display event information.
23 [140305983194944] INFO perfrun.launcher <> - the option was added --platform-value-list: Display details of supported platforms.
23 [140305983194944] INFO perfrun.launcher <> - the option was added --uncore-event-list: List uncore events for which a sampling data collection can be performed on this platform.
23 [140305983194944] INFO perfrun.launcher <> - the option was added --modifier-list: Specify the event name <string> for which the modifiers list is requested.
23 [140305983194944] INFO perfrun.launcher <> - the option was added --pmu-list: List supported PMUs.
23 [140305983194944] INFO perfrun.launcher <> - the option was added --os-mode-only: Enable sampling data collection for OS-mode processes only.
23 [140305983194944] INFO perfrun.launcher <> - the option was added --user-mode-only: Enable sampling data collection for user-mode processes only.
23 [140305983194944] INFO perfrun.launcher <> - the option was added --event-config: Perform data collection for the events with <string> configured using the format <event name1>":modifier1=val:modifier2=val/constraint1={:modifier3=val:modifier4=val}...,"<event name2>":... Specify the events(s) to monitor and embed the event names within double quotes("). [:modifier=val] specifies individual event modifiers along with the respective values for a given platform. Note that the modifiers can be generic to an event as well as specific to a constraint (or an event qualifier). The constraint specific special modifiers appear after [/constraint=]. The modifiers can be in decimal or hexadecimal format. Only specific modifiers accept the value as a string. Each event specification is delimited by a comma (,). For a list of supported modifiers and constraints, refer to the documentation.
23 [140305983194944] INFO perfrun.launcher <> - the option was added --chipset-event-config: BADMSG: perfrun1.sep::chipset-event-config
23 [140305983194944] INFO perfrun.launcher <> - the option was added --uncore-event-config: Perform uncore data collection in ebc count mode for the events with <string> configured using the format "<event name1>"...,"<event name2>":... Specify the events(s) to monitor and embed the event names within double quotes(").
23 [140305983194944] INFO perfrun.launcher <> - the option was added --count-emon: Enable counting mode and output the data in EMON format.
23 [140305983194944] INFO perfrun.launcher <> - the option was added --event-based-counts: Enable event-based counting mode. During sampling data collection, event counts data is collected for the list of events specified in -event-config option.
23 [140305983194944] INFO perfrun.launcher <> - the option was added --event-mux-tfactor: Specify the event multiplexing tfactor as <integer> to set the length of the interval between interrupts. The larger the tfactor value, the larger the period between interrupts. Currently this option is only available on Intel platforms codenamed Knights Corner.
23 [140305983194944] INFO perfrun.launcher <> - the option was added --full-pebs-capture: Capture full pebs information.
23 [140305983194944] INFO perfrun.launcher <> - the option was added --last-branch-records: Capture Last Branch Records information.
23 [140305983194944] INFO perfrun.launcher <> - the option was added --pmu-type: Specify the targeted PMU name as <string>.
23 [140305983194944] INFO perfrun.launcher <> - the option was added --platform-type: Specify the targeted platform number as <number>.
23 [140305983194944] INFO perfrun.launcher <> - the option was added --bts-count: Specify the <integer> number of BTS records collected after each sample or context switch (VTSS++ only).
23 [140305983194944] INFO perfrun.launcher <> - the option was added --cpu-mask: Specify which CPU(s) <string> to collect data on. For example, specify "2-8,10,12-14" to sample only CPUs 2 through 8, 10, and 12 through 14.
23 [140305983194944] INFO perfrun.launcher <> - the option was added --event-mux-alg: Specify the event multiplexing algorithm. Possible values: sequence, timer, trigger.
23 [140305983194944] INFO perfrun.launcher <> - the option was added --event-mux-timeslice: Specify the event multiplexing time slice value as <integer>. The time slice specifies the duration between cycles for each event multiplexing group. The default value is 50 milliseconds. This option is valid only for timer-based event multiplexing. Specify the event multiplexing time slice value as <integer>. The time slice specifies the duration between cycles for each event multiplexing group. The default value is 1 millisecond. This option is valid only for timer-based event multiplexing.
24 [140305983194944] INFO perfrun.launcher <> - the option was added --event-mux-factor: Specify the event multiplexing factor as <integer>. It controls the switching of event multiplexing groups. The default factor is 50. This option is valid only for trigger-based event multiplexing. Specify the event multiplexing factor as <integer>. It controls the switching of event multiplexing groups. The default factor is 1. This option is valid only for trigger-based event multiplexing.
24 [140305983194944] INFO perfrun.launcher <> - the option was added --event-mux-trigger: Specify the name of the trigger event for event multiplexing as <string>. This option is valid only for trigger-based event multiplexing. The default trigger is CPU_CLK_UNHALTED.CORE (or CPU_CLK_UNHALTED.THREAD). BADMSG: perfrun1.vtsspp::event-mux-trigger
24 [140305983194944] INFO perfrun.launcher <> - the option was added --pwr-config: BADMSG: perfrun1.vtsspp::pwr-config
24 [140305983194944] INFO perfrun.launcher <> - the option was added --sys-config: BADMSG: perfrun1.vtsspp::sys-config
24 [140305983194944] INFO perfrun.launcher <> - the option was added --pt-mode: BADMSG: perfrun1.vtsspp::pt-mode
24 [140305983194944] INFO perfrun.launcher <> - the option was added --sample-after-multiplier: Specify the sample after multiplier as <double>. This multiplier modifies the sample after value for all the events specified in -event-config option. The values can range from 0.1 to 100.0. SAV multiplier value
24 [140305983194944] INFO perfrun.launcher <> - the option was added --uncore-sampling-interval: Specify the uncore sampling interval as <integer>. This value set the uncore sampling interval for all the uncore events specified in -event-config option.
24 [140305983194944] INFO perfrun.launcher <> - the option was added --count: Enable counting mode. Enable counting mode
24 [140305983194944] INFO perfrun.launcher <> - the option was added --trace-mpi: Configure collector to trace MPI code.
24 [140305983194944] INFO perfrun.launcher <> - the option was added --raw-perf-config: Specify a verified configuration for the Perf collector in the format: <describer>,<content>. For example: map-events-file,<path_to_map_events_file>.
24 [140305983194944] INFO perfrun.launcher <> - the option was added --stackwalk: Specify stack unwinding method. Possible values: online - unwind stacks during collection; offline - unwind stacks after collection is finished. Specify stack unwinding method. Possible value: lbr - unwind stacks during collection. Specify stack unwinding method. Possible values: online - unwind stacks during collection; offline - unwind stacks after collection is finished; lbr - enable LBR-based call stack collection. Specify stack unwinding method. Possible values: online - unwind stacks during collection; offline - unwind stacks after collection is finished. Specify stack unwinding method. Possible values: online - unwind stacks during collection; offline - unwind stacks after collection is finished.
24 [140305983194944] INFO perfrun.launcher <> - the option was added --filter-include: Filter data during collection. Possible values: contended=<on|off> - filter out uncontended events; contended_nostack=<time> - filter out stacks for contended events that take less than <time> microseconds; wait=<time> - ignore transitions and blocks with wait time less than <time> microseconds; wait_nostack=<time> - filter out stacks for waits that take less than <time> microseconds.
24 [140305983194944] INFO perfrun.launcher <> - the option was added --debug-pin: Debug PIN tool and runtime.
24 [140305983194944] INFO perfrun.launcher <> - the option was added --debug-exception: Disallow the application to set own abnormal termination handler.
24 [140305983194944] INFO perfrun.launcher <> - the option was added --trace-type: Specify the trace file granularity. Possible values: per-thread - per-thread trace file generation; per-process - per-process trace file generation.
24 [140305983194944] INFO perfrun.launcher <> - the option was added --instrumentation-type: Specify type of instrumentation.
24 [140305983194944] INFO perfrun.launcher <> - the option was added --altstack: Enable or disable usage of altstacks for profiling signal handlers.
24 [140305983194944] INFO perfrun.launcher <> - the option was added --profiling-signal: BADMSG: perfrun1.ptracecollector::profiling-signal Alternate profiling signal.
24 [140305983194944] INFO perfrun.launcher <> - the option was added --memory-strategy: Specify a minimal memory object size to be traced and a hash table size for faster objects search; for example: --memory-strategy obj-size-min=1024,hash-table-size=4096.
24 [140305983194944] INFO perfrun.launcher <> - the option was added --gpu-profiling-config: Specify a type of deep GPU profiling applied for all kernels and a comma-separated list of GPU kernel names and invocations in the following format: profiling_type[@kernel_name[:start_idx:step:stop_idx]], where profiling_type is one of following: none, bblatency, memlatency; kernel_name is the name of GPU kernel; start_idx is the number of the first invocation; and stop_idx is the number of the last invocation to be profiled.
24 [140305983194944] INFO perfrun.launcher <> - the option was added --custom-collector: Allows to provide arbitrary command line to be run on collection steps.
24 [140305983194944] INFO perfrun.launcher <> - the option was added --exprof-com-list: List available COM ports.
24 [140305983194944] INFO perfrun.launcher <> - the option was added --exprof-dvc-list: List available DvC IDs.
24 [140305983194944] INFO perfrun.launcher <> - the option was added --exprof-trace-channel: BADMSG: perfrun1.exprof::exprof-trace-channel
24 [140305983194944] INFO perfrun.launcher <> - the option was added --exprof-event-config: Specify ExactProfiling Event Classes.
24 [140305983194944] INFO perfrun.launcher <> - the option was added --analyze-dpdk: analyze-dpdk
24 [140305983194944] INFO perfrun.launcher <> - the option was added --network-sampling-interval: network-sampling-interval
24 [140305983194944] INFO perfrun.launcher <> - the option was added --dpdk-file-prefix: dpdk-file-prefix
26 [140305983194944] INFO perfrun.launcher <> - create msngr2::ICliToolContext
27 [140305983194944] INFO perfrun.launcher <> - create file finder object
27 [140305983194944] INFO perfrun.launcher <> - create a result directory: pattern = /home/rdangnhu/Stage3A/precise-parallel-fp/capps/Precise-parallel-fp/r009hs pid = 4294967295
65 [140305983194944] INFO perfrun.sdk <> - checked that the directory /home/rdangnhu/Stage3A/precise-parallel-fp/capps/Precise-parallel-fp/r009hs is a local directory
65 [140305983194944] INFO perfrun.sdk <> - the directory /home/rdangnhu/Stage3A/precise-parallel-fp/capps/Precise-parallel-fp/r009hs is a local directory with FS type ID 61267
65 [140305983194944] INFO perfrun.launcher <> - create data directory = /home/rdangnhu/Stage3A/precise-parallel-fp/capps/Precise-parallel-fp/r009hs/data.0
110 [140305864935168] INFO perfrun.sdk <> - Allocating TMU :/home/rdangnhu/Stage3A/precise-parallel-fp/capps/Precise-parallel-fp/r009hs/data.0/systemcollector-3723-toe.sc
110 [140305864935168] INFO perfrun.system <> - Tpss based collection
110 [140305864935168] INFO perfrun.launcher <> - plugin [ptracecollector] was disabled because it doesn't support the given collection type.
110 [140305864935168] INFO perfrun.launcher <> - plugin [gpu] was disabled because it doesn't support the given collection type.
110 [140305864935168] INFO perfrun.launcher <> - plugin [] was disabled because it doesn't support the given collection type.
110 [140305864935168] INFO perfrun.launcher <> - plugin [] was disabled because it doesn't support the given collection type.
110 [140305864935168] INFO perfrun.launcher <> - plugin [] was disabled because it doesn't support the given collection type.
110 [140305864935168] INFO perfrun.launcher <> - plugin [mrte] was disabled because it doesn't support the given collection type.
110 [140305864935168] INFO perfrun.launcher <> - plugin [emon] was disabled because it doesn't support the given collection type.
110 [140305864935168] INFO perfrun.launcher <> - plugin [stdsrc] was disabled because it doesn't support the given collection type.
110 [140305864935168] INFO perfrun.launcher <> - plugin [sep] was disabled because it doesn't support the given collection type.
110 [140305864935168] INFO perfrun.launcher <> - plugin [vtsspp] was disabled because it doesn't support the given collection type.
110 [140305864935168] INFO perfrun.launcher <> - plugin [perf] was disabled because it doesn't support the given collection type.
110 [140305864935168] INFO perfrun.tpss <> - initialize tpss controller
110 [140305864935168] INFO perfrun.tpss <> - configure collection mode: value = cpu:counters:nostack
111 [140305864935168] INFO perfrun.tpss <> - configure collection mode: value = cpu:stack
111 [140305864935168] INFO perfrun.tpss <> - default obj-size-min=1024
111 [140305864935168] INFO perfrun.tpss <> - default hash-table-size=0
157 [140305864935168] INFO perfrun.launcher <> - plugin [cuscol] was disabled because it doesn't support the given collection type.
157 [140305864935168] INFO perfrun.launcher <> - plugin [exprof] was disabled because it doesn't support the given collection type.
157 [140305864935168] INFO perfrun.launcher <> - plugin [dpdk] was disabled because it doesn't support the given collection type.
157 [140305864935168] INFO perfrun.commcollector <> - Disabling commcollector because integrity connection type is not used
157 [140305864935168] INFO perfrun.launcher <> - plugin [commcollector] was disabled because it doesn't support the given collection type.
157 [140305864935168] INFO perfrun.launcher <> - plugin [cve] was disabled because it doesn't support the given collection type.
157 [140305983194944] INFO perfrun.launcher <> - set environment variable: LD_LIBRARY_PATH = /opt/intel/vtune_amplifier_2018.2.0.551022/lib32/runtime:/opt/intel/vtune_amplifier_2018.2.0.551022/lib64/runtime
157 [140305983194944] INFO perfrun.launcher <> - set environment variable: INTEL_LIBITTNOTIFY32 = /opt/intel/vtune_amplifier_2018.2.0.551022/lib32/runtime/libittnotify_collector.so
157 [140305983194944] INFO perfrun.launcher <> - set environment variable: INTEL_LIBITTNOTIFY64 = /opt/intel/vtune_amplifier_2018.2.0.551022/lib64/runtime/libittnotify_collector.so
158 [140305983194944] INFO perfrun.launcher <> - set environment variable: INTEL_ITTNOTIFY_GROUPS = 
158 [140305983194944] INFO perfrun.launcher <> - set environment variable: INTEL_JIT_PROFILER32 = /opt/intel/vtune_amplifier_2018.2.0.551022/lib32/runtime/libittnotify_collector.so
158 [140305983194944] INFO perfrun.launcher <> - set environment variable: INTEL_JIT_PROFILER64 = /opt/intel/vtune_amplifier_2018.2.0.551022/lib64/runtime/libittnotify_collector.so
158 [140305983194944] INFO perfrun.launcher <> - set environment variable: VS_PROFILER = libittnotify_collector.so
158 [140305983194944] INFO perfrun.launcher <> - set environment variable: ENABLE_JITPROFILING = 1
158 [140305983194944] INFO perfrun.launcher <> - set environment variable: CL_CONFIG_USE_VTUNE = True
158 [140305983194944] INFO perfrun.launcher <> - set environment variable: __OCL_MIC_INTEL_LIBITTNOTIFY64 = /amplxe/results/libittnotify_collector.so
158 [140305983194944] INFO perfrun.launcher <> - set environment variable: __OCL_MIC_INTEL_JIT_PROFILER64 = /amplxe/results/libittnotify_collector.so
158 [140305983194944] INFO perfrun.launcher <> - set environment variable: KMP_FORKJOIN_FRAMES = 0
158 [140305983194944] INFO perfrun.launcher <> - set environment variable: KMP_FORKJOIN_FRAMES_MODE = 0
158 [140305983194944] INFO perfrun.launcher <> - RpcServer: run RPC server to handle requests
158 [140305983194944] INFO perfrun.launcher <> - Launcher: command line to start before modification = /home/rdangnhu/Stage3A/precise-parallel-fp/capps/bin/precise_parallel_fp 3
158 [140305983194944] INFO perfrun.launcher <> - Launcher: command line to start after modification = /opt/intel/vtune_amplifier_2018.2.0.551022/bin64/pin -error_file /home/rdangnhu/Stage3A/precise-parallel-fp/capps/Precise-parallel-fp/r009hs/data.0/pinerr.tpsslog -detach_reattach -follow_execv -tool_load_option deepbind -t64 /opt/intel/vtune_amplifier_2018.2.0.551022/lib64/libtpsstool.so -t /opt/intel/vtune_amplifier_2018.2.0.551022/lib32/libtpsstool.so -server_name tpss_ipc.3723 -prd_dir /opt/intel/vtune_amplifier_2018.2.0.551022 -- /home/rdangnhu/Stage3A/precise-parallel-fp/capps/bin/precise_parallel_fp 3
158 [140305983194944] INFO perfrun.launcher <> - ProcessCreator object was created
159 [140305983194944] INFO perfrun.launcher <> - Launcher: the process was started in suspend mode
208 [140305864935168] INFO perfrun.system <> - Helper runtool '/opt/intel/vtune_amplifier_2018.2.0.551022/bin32/amplxe-runss -dump-vdso -r /home/rdangnhu/Stage3A/precise-parallel-fp/capps/Precise-parallel-fp/r009hs --tmp-dir /tmp/amplxe-tmp-rdangnhu' returned 0
255 [140305864935168] INFO perfrun.system <> - Helper runtool '/opt/intel/vtune_amplifier_2018.2.0.551022/bin64/amplxe-runss -dump-vdso -r /home/rdangnhu/Stage3A/precise-parallel-fp/capps/Precise-parallel-fp/r009hs --tmp-dir /tmp/amplxe-tmp-rdangnhu' returned 0
256 [140305864935168] WARN perfrun.sdk <> - Failed to find xl binary on any of the system paths: /bin, /sbin, /usr/bin, /usr/sbin., at file: vcs/perfrun1/sdk/src/utils.cpp:433
256 [140305864935168] WARN perfrun.system <> - Could not start ContainerMapping collector, at file: vcs/perfrun1/plugins/system/src/controller.cpp:496
260 [140305864935168] INFO perfrun.itt <> - start itt controller for pid #3728
260 [140305864935168] INFO perfrun.tpss <> - start tpss controller for pid #3728
311 [140305983194944] INFO perfrun.launcher <> - Launcher: all plugins were started
311 [140305983194944] INFO perfrun.launcher <> - DirectoryMonitor object was created
311 [140305983194944] INFO perfrun.launcher <> - DirectoryMonitor: a callback was added
311 [140305983194944] INFO perfrun.launcher <> - DirectoryMonitor was started with pingTime = 1000
311 [140305983194944] INFO perfrun.launcher <> - DeadlineTimer is going to be constructed
311 [140305983194944] INFO perfrun.launcher <> - DeadlineTimer: a callback was added
361 [140305983194944] INFO perfrun.launcher <> - Launcher: resume the profiled application and  wait its termination or stop command
1499 [140305983194944] INFO perfrun.launcher <> - Launcher: the profiled application was terminated  with exit code = 0
1505 [140305864935168] INFO perfrun.itt <> - stop itt controller
1505 [140305864935168] INFO perfrun.itt <> - detach itt controller
1505 [140305864935168] INFO perfrun.tpss <> - stop tpss controller
1505 [140305864935168] ERROR perfrun.launcher <> - media can not perform an operation and will be disabled., at file: vcs/perfrun1/launcher/src/plugin_manager_impl.hpp:426
1506 [140305864935168] INFO perfrun.sdk <> - De-allocating TMU: /home/rdangnhu/Stage3A/precise-parallel-fp/capps/Precise-parallel-fp/r009hs/data.0/systemcollector-3723-toe.sc
1506 [140305864935168] INFO perfrun.system <> - closed the system trace file: /home/rdangnhu/Stage3A/precise-parallel-fp/capps/Precise-parallel-fp/r009hs/data.0/systemcollector-3723-toe.sc
1506 [140305983194944] INFO perfrun.launcher <> - Launcher: all plugins were stopped.
1506 [140305983194944] INFO perfrun.launcher <> - DeadlineTimer is going to be destroyed
1506 [140305983194944] INFO perfrun.launcher <> - DirectoryMonitor object was destroyed
1506 [140305983194944] WARN perfrun.launcher <> - Stop command is ignored because it is received when collection is already stopped, at file: vcs/perfrun1/launcher/src/command_handler.cpp:209
1507 [140305983194944] INFO perfrun.launcher <> - Application exit code: 0
1507 [140305983194944] INFO perfrun.launcher <> - Exit code: 0
