
3728 : 0x3894617eecee : 1 : spill_jit_data :  Jit agent is not initialized
3728 : 0x389461857c7c : 2 : ittapi_config_mask_get :  --itt-config mask to be applied: 17
3728 : 0x38946185fb00 : 2 : ittapi_config_apply_per_lib :  ITTAPI function instrumented: __itt_domain_create
3728 : 0x3894618618f7 : 2 : ittapi_config_apply_per_lib :  ITTAPI function instrumented: __itt_string_handle_create
3728 : 0x38946186347e : 2 : ittapi_config_apply_per_lib :  ITTAPI function instrumented: __itt_pause
3728 : 0x389461864e45 : 2 : ittapi_config_apply_per_lib :  ITTAPI function instrumented: __itt_resume
3728 : 0x3894618667a6 : 2 : ittapi_config_apply_per_lib :  ITTAPI function instrumented: __itt_thread_set_name
3728 : 0x389461867f93 : 2 : ittapi_config_apply_per_lib :  ITTAPI function instrumented: __itt_thread_ignore
3728 : 0x3894618695e3 : 2 : ittapi_config_apply_per_lib :  ITTAPI function instrumented: __itt_thr_name_set
3728 : 0x38946186a9f5 : 2 : ittapi_config_apply_per_lib :  ITTAPI function instrumented: __itt_thr_ignore
3728 : 0x3894618869b4 : 2 : ittapi_config_apply_per_lib :  ITTAPI function not implemented: __itt_enable_attach
3728 : 0x3894618888c0 : 2 : ittapi_config_apply_per_lib :  ITTAPI function NOT instrumented (not matched by --itt-config option): __itt_sync_create

3728 : 0x389461889af4 : 2 : ittapi_config_apply_per_lib :  ITTAPI function NOT instrumented (not matched by --itt-config option): __itt_sync_rename

3728 : 0x38946188ac3f : 2 : ittapi_config_apply_per_lib :  ITTAPI function NOT instrumented (not matched by --itt-config option): __itt_sync_destroy

3728 : 0x38946188c06a : 2 : ittapi_config_apply_per_lib :  ITTAPI function NOT instrumented (not matched by --itt-config option): __itt_sync_prepare

3728 : 0x38946188ce9a : 2 : ittapi_config_apply_per_lib :  ITTAPI function NOT instrumented (not matched by --itt-config option): __itt_sync_cancel

3728 : 0x38946188df49 : 2 : ittapi_config_apply_per_lib :  ITTAPI function NOT instrumented (not matched by --itt-config option): __itt_sync_acquired

3728 : 0x38946188efad : 2 : ittapi_config_apply_per_lib :  ITTAPI function NOT instrumented (not matched by --itt-config option): __itt_sync_releasing

3728 : 0x389461892660 : 2 : ittapi_config_apply_per_lib :  ITTAPI function not implemented: __itt_suppress_push
3728 : 0x3894618949c1 : 2 : ittapi_config_apply_per_lib :  ITTAPI function not implemented: __itt_suppress_pop
3728 : 0x38946189efa9 : 2 : ittapi_config_apply_per_lib :  ITTAPI function not implemented: __itt_suppress_mark_range
3728 : 0x3894618a0fd0 : 2 : ittapi_config_apply_per_lib :  ITTAPI function not implemented: __itt_suppress_clear_range
3728 : 0x3894618a2043 : 2 : ittapi_config_apply_per_lib :  ITTAPI function NOT instrumented (not matched by --itt-config option): __itt_sync_prepare

3728 : 0x3894618a31ee : 2 : ittapi_config_apply_per_lib :  ITTAPI function NOT instrumented (not matched by --itt-config option): __itt_sync_cancel

3728 : 0x3894618a409b : 2 : ittapi_config_apply_per_lib :  ITTAPI function NOT instrumented (not matched by --itt-config option): __itt_sync_acquired

3728 : 0x3894618a4f9a : 2 : ittapi_config_apply_per_lib :  ITTAPI function NOT instrumented (not matched by --itt-config option): __itt_sync_releasing

3728 : 0x3894618a691f : 2 : ittapi_config_apply_per_lib :  ITTAPI function not implemented: __itt_model_site_begin
3728 : 0x3894618a82e5 : 2 : ittapi_config_apply_per_lib :  ITTAPI function not implemented: __itt_model_site_end
3728 : 0x3894618a9dc1 : 2 : ittapi_config_apply_per_lib :  ITTAPI function not implemented: __itt_model_task_begin
3728 : 0x3894618aca57 : 2 : ittapi_config_apply_per_lib :  ITTAPI function not implemented: __itt_model_task_end
3728 : 0x3894618b91a3 : 2 : ittapi_config_apply_per_lib :  ITTAPI function not implemented: __itt_model_lock_acquire
3728 : 0x3894618bc94d : 2 : ittapi_config_apply_per_lib :  ITTAPI function not implemented: __itt_model_lock_release
3728 : 0x3894618bf285 : 2 : ittapi_config_apply_per_lib :  ITTAPI function not implemented: __itt_model_record_allocation
3728 : 0x3894618c1eb6 : 2 : ittapi_config_apply_per_lib :  ITTAPI function not implemented: __itt_model_record_deallocation
3728 : 0x3894618c4936 : 2 : ittapi_config_apply_per_lib :  ITTAPI function not implemented: __itt_model_induction_uses
3728 : 0x3894618c706d : 2 : ittapi_config_apply_per_lib :  ITTAPI function not implemented: __itt_model_reduction_uses
3728 : 0x3894618c9b3e : 2 : ittapi_config_apply_per_lib :  ITTAPI function not implemented: __itt_model_observe_uses
3728 : 0x3894618ccbe1 : 2 : ittapi_config_apply_per_lib :  ITTAPI function not implemented: __itt_model_clear_uses
3728 : 0x3894618cf584 : 2 : ittapi_config_apply_per_lib :  ITTAPI function not implemented: __itt_model_site_beginA
3728 : 0x3894618d1dc6 : 2 : ittapi_config_apply_per_lib :  ITTAPI function not implemented: __itt_model_site_beginAL
3728 : 0x3894618e5822 : 2 : ittapi_config_apply_per_lib :  ITTAPI function not implemented: __itt_model_task_beginA
3728 : 0x3894618f3b71 : 2 : ittapi_config_apply_per_lib :  ITTAPI function not implemented: __itt_model_task_beginAL
3728 : 0x3894618f66a1 : 2 : ittapi_config_apply_per_lib :  ITTAPI function not implemented: __itt_model_iteration_taskA
3728 : 0x3894618f8f70 : 2 : ittapi_config_apply_per_lib :  ITTAPI function not implemented: __itt_model_iteration_taskAL
3728 : 0x3894618fbc01 : 2 : ittapi_config_apply_per_lib :  ITTAPI function not implemented: __itt_model_site_end_2
3728 : 0x3894618fe608 : 2 : ittapi_config_apply_per_lib :  ITTAPI function not implemented: __itt_model_task_end_2
3728 : 0x389461901546 : 2 : ittapi_config_apply_per_lib :  ITTAPI function not implemented: __itt_model_lock_acquire_2
3728 : 0x389461904177 : 2 : ittapi_config_apply_per_lib :  ITTAPI function not implemented: __itt_model_lock_release_2
3728 : 0x3894619067b7 : 2 : ittapi_config_apply_per_lib :  ITTAPI function not implemented: __itt_model_aggregate_task
3728 : 0x389461908cec : 2 : ittapi_config_apply_per_lib :  ITTAPI function not implemented: __itt_model_disable_push
3728 : 0x3894619182c6 : 2 : ittapi_config_apply_per_lib :  ITTAPI function not implemented: __itt_model_disable_pop
3728 : 0x38946191b5d5 : 2 : ittapi_config_apply_per_lib :  ITTAPI function instrumented: __itt_heap_function_create
3728 : 0x38946191d9f0 : 2 : ittapi_config_apply_per_lib :  ITTAPI function instrumented: __itt_heap_allocate_begin
3728 : 0x38946191fe89 : 2 : ittapi_config_apply_per_lib :  ITTAPI function instrumented: __itt_heap_allocate_end
3728 : 0x389461922280 : 2 : ittapi_config_apply_per_lib :  ITTAPI function instrumented: __itt_heap_free_begin
3728 : 0x38946192437f : 2 : ittapi_config_apply_per_lib :  ITTAPI function instrumented: __itt_heap_free_end
3728 : 0x38946192690f : 2 : ittapi_config_apply_per_lib :  ITTAPI function instrumented: __itt_heap_reallocate_begin
3728 : 0x389461928b65 : 2 : ittapi_config_apply_per_lib :  ITTAPI function instrumented: __itt_heap_reallocate_end
3728 : 0x38946192b9cf : 2 : ittapi_config_apply_per_lib :  ITTAPI function not implemented: __itt_heap_internal_access_begin
3728 : 0x38946192ec42 : 2 : ittapi_config_apply_per_lib :  ITTAPI function not implemented: __itt_heap_internal_access_end
3728 : 0x38946193e9f1 : 2 : ittapi_config_apply_per_lib :  ITTAPI function not implemented: __itt_heap_record_memory_growth_begin
3728 : 0x3894619424d4 : 2 : ittapi_config_apply_per_lib :  ITTAPI function not implemented: __itt_heap_record_memory_growth_end
3728 : 0x38946194529e : 2 : ittapi_config_apply_per_lib :  ITTAPI function not implemented: __itt_heap_reset_detection
3728 : 0x389461948630 : 2 : ittapi_config_apply_per_lib :  ITTAPI function not implemented: __itt_heap_record
3728 : 0x38946194b041 : 2 : ittapi_config_apply_per_lib :  ITTAPI function not implemented: __itt_id_create
3728 : 0x38946194d7fb : 2 : ittapi_config_apply_per_lib :  ITTAPI function not implemented: __itt_id_destroy
3728 : 0x38946194fa5a : 2 : ittapi_config_apply_per_lib :  ITTAPI function instrumented: __itt_get_timestamp
3728 : 0x389461951ba5 : 2 : ittapi_config_apply_per_lib :  ITTAPI function not implemented: __itt_region_begin
3728 : 0x3894619542b4 : 2 : ittapi_config_apply_per_lib :  ITTAPI function not implemented: __itt_region_end
3728 : 0x389461956632 : 2 : ittapi_config_apply_per_lib :  ITTAPI function instrumented: __itt_frame_begin_v3
3728 : 0x38946196a557 : 2 : ittapi_config_apply_per_lib :  ITTAPI function instrumented: __itt_frame_end_v3
3728 : 0x38946196d6dd : 2 : ittapi_config_apply_per_lib :  ITTAPI function instrumented: __itt_frame_submit_v3
3728 : 0x38946196f1aa : 2 : ittapi_config_apply_per_lib :  ITTAPI function NOT instrumented (not matched by --itt-config option): __itt_task_group

3728 : 0x3894619706cc : 2 : ittapi_config_apply_per_lib :  ITTAPI function NOT instrumented (not matched by --itt-config option): __itt_task_begin

3728 : 0x389461971eff : 2 : ittapi_config_apply_per_lib :  ITTAPI function NOT instrumented (not matched by --itt-config option): __itt_task_begin_fn

3728 : 0x38946197354f : 2 : ittapi_config_apply_per_lib :  ITTAPI function NOT instrumented (not matched by --itt-config option): __itt_task_end

3728 : 0x389461974e6a : 2 : ittapi_config_apply_per_lib :  ITTAPI function NOT instrumented (not matched by --itt-config option): __itt_counter_inc_v3

3728 : 0x389461976973 : 2 : ittapi_config_apply_per_lib :  ITTAPI function NOT instrumented (not matched by --itt-config option): __itt_counter_inc_delta_v3

3728 : 0x389461979d60 : 2 : ittapi_config_apply_per_lib :  ITTAPI function not implemented: __itt_marker
3728 : 0x38946197ce09 : 2 : ittapi_config_apply_per_lib :  ITTAPI function instrumented: __itt_metadata_add
3728 : 0x38946198bc45 : 2 : ittapi_config_apply_per_lib :  ITTAPI function not implemented: __itt_metadata_str_add
3728 : 0x38946198fb82 : 2 : ittapi_config_apply_per_lib :  ITTAPI function not implemented: __itt_relation_add_to_current
3728 : 0x389461992dff : 2 : ittapi_config_apply_per_lib :  ITTAPI function not implemented: __itt_relation_add
3728 : 0x389461995403 : 2 : ittapi_config_apply_per_lib :  ITTAPI function instrumented: __itt_event_create
3728 : 0x389461996c4f : 2 : ittapi_config_apply_per_lib :  ITTAPI function NOT instrumented (not matched by --itt-config option): __itt_event_start

3728 : 0x3894619983a5 : 2 : ittapi_config_apply_per_lib :  ITTAPI function NOT instrumented (not matched by --itt-config option): __itt_event_end

3728 : 0x389461999931 : 2 : ittapi_config_apply_per_lib :  ITTAPI function NOT instrumented (not matched by --itt-config option): __itt_sync_set_name

3728 : 0x38946199b1ab : 2 : ittapi_config_apply_per_lib :  ITTAPI function NOT instrumented (not matched by --itt-config option): __itt_notify_sync_name

3728 : 0x38946199c9f3 : 2 : ittapi_config_apply_per_lib :  ITTAPI function NOT instrumented (not matched by --itt-config option): __itt_notify_sync_prepare

3728 : 0x38946199e102 : 2 : ittapi_config_apply_per_lib :  ITTAPI function NOT instrumented (not matched by --itt-config option): __itt_notify_sync_cancel

3728 : 0x3894619ab701 : 2 : ittapi_config_apply_per_lib :  ITTAPI function NOT instrumented (not matched by --itt-config option): __itt_notify_sync_acquired

3728 : 0x3894619adb67 : 2 : ittapi_config_apply_per_lib :  ITTAPI function NOT instrumented (not matched by --itt-config option): __itt_notify_sync_releasing

3728 : 0x3894619b0f77 : 2 : ittapi_config_apply_per_lib :  ITTAPI function not implemented: __itt_memory_read
3728 : 0x3894619b42e1 : 2 : ittapi_config_apply_per_lib :  ITTAPI function not implemented: __itt_memory_write
3728 : 0x3894619b7224 : 2 : ittapi_config_apply_per_lib :  ITTAPI function not implemented: __itt_memory_update
3728 : 0x3894619ba726 : 2 : ittapi_config_apply_per_lib :  ITTAPI function not implemented: __itt_state_get
3728 : 0x3894619bd508 : 2 : ittapi_config_apply_per_lib :  ITTAPI function not implemented: __itt_state_set
3728 : 0x3894619bfe04 : 2 : ittapi_config_apply_per_lib :  ITTAPI function not implemented: __itt_obj_mode_set
3728 : 0x3894619c274c : 2 : ittapi_config_apply_per_lib :  ITTAPI function not implemented: __itt_thr_mode_set
3728 : 0x3894619c4c54 : 2 : ittapi_config_apply_per_lib :  ITTAPI function instrumented: __itt_frame_create
3728 : 0x3894619d2981 : 2 : ittapi_config_apply_per_lib :  ITTAPI function instrumented: __itt_frame_begin
3728 : 0x3894619d5c2c : 2 : ittapi_config_apply_per_lib :  ITTAPI function instrumented: __itt_frame_end
3728 : 0x3894619d7f04 : 2 : ittapi_config_apply_per_lib :  ITTAPI function instrumented: __itt_counter_create
3728 : 0x3894619d9b87 : 2 : ittapi_config_apply_per_lib :  ITTAPI function NOT instrumented (not matched by --itt-config option): __itt_counter_destroy

3728 : 0x3894619db736 : 2 : ittapi_config_apply_per_lib :  ITTAPI function NOT instrumented (not matched by --itt-config option): __itt_counter_inc

3728 : 0x3894619dd19e : 2 : ittapi_config_apply_per_lib :  ITTAPI function NOT instrumented (not matched by --itt-config option): __itt_counter_inc_delta

3728 : 0x3894619e0182 : 2 : ittapi_config_apply_per_lib :  ITTAPI function not implemented: __itt_mark_create
3728 : 0x3894619e31a2 : 2 : ittapi_config_apply_per_lib :  ITTAPI function not implemented: __itt_mark
3728 : 0x3894619e61c3 : 2 : ittapi_config_apply_per_lib :  ITTAPI function not implemented: __itt_mark_off
3728 : 0x3894619e8d76 : 2 : ittapi_config_apply_per_lib :  ITTAPI function not implemented: __itt_mark_global
3728 : 0x3894619fd52f : 2 : ittapi_config_apply_per_lib :  ITTAPI function not implemented: __itt_mark_global_off
3728 : 0x389461a01201 : 2 : ittapi_config_apply_per_lib :  ITTAPI function instrumented: __itt_stack_caller_create
3728 : 0x389461a03b94 : 2 : ittapi_config_apply_per_lib :  ITTAPI function instrumented: __itt_stack_caller_destroy
3728 : 0x389461a062d5 : 2 : ittapi_config_apply_per_lib :  ITTAPI function instrumented: __itt_stack_callee_enter
3728 : 0x389461a08392 : 2 : ittapi_config_apply_per_lib :  ITTAPI function instrumented: __itt_stack_callee_leave
3728 : 0x389461a0abd4 : 2 : ittapi_config_apply_per_lib :  ITTAPI function not implemented: __itt_clock_domain_create
3728 : 0x389461a0d8f7 : 2 : ittapi_config_apply_per_lib :  ITTAPI function not implemented: __itt_clock_domain_reset
3728 : 0x389461a10689 : 2 : ittapi_config_apply_per_lib :  ITTAPI function not implemented: __itt_id_create_ex
3728 : 0x389461a13924 : 2 : ittapi_config_apply_per_lib :  ITTAPI function not implemented: __itt_id_destroy_ex
3728 : 0x389461a15707 : 2 : ittapi_config_apply_per_lib :  ITTAPI function NOT instrumented (not matched by --itt-config option): __itt_task_begin_ex

3728 : 0x389461a22793 : 2 : ittapi_config_apply_per_lib :  ITTAPI function NOT instrumented (not matched by --itt-config option): __itt_task_begin_fn_ex

3728 : 0x389461a24b6c : 2 : ittapi_config_apply_per_lib :  ITTAPI function NOT instrumented (not matched by --itt-config option): __itt_task_end_ex

3728 : 0x389461a26212 : 2 : ittapi_config_apply_per_lib :  ITTAPI function NOT instrumented (not matched by --itt-config option): __itt_task_begin_overlapped

3728 : 0x389461a27b60 : 2 : ittapi_config_apply_per_lib :  ITTAPI function NOT instrumented (not matched by --itt-config option): __itt_task_begin_overlapped_ex

3728 : 0x389461a290e1 : 2 : ittapi_config_apply_per_lib :  ITTAPI function NOT instrumented (not matched by --itt-config option): __itt_task_end_overlapped

3728 : 0x389461a2a94c : 2 : ittapi_config_apply_per_lib :  ITTAPI function NOT instrumented (not matched by --itt-config option): __itt_task_end_overlapped_ex

3728 : 0x389461a2e0dd : 2 : ittapi_config_apply_per_lib :  ITTAPI function not implemented: __itt_marker_ex
3728 : 0x389461a3155c : 2 : ittapi_config_apply_per_lib :  ITTAPI function not implemented: __itt_metadata_add_with_scope
3728 : 0x389461a3480b : 2 : ittapi_config_apply_per_lib :  ITTAPI function not implemented: __itt_metadata_str_add_with_scope
3728 : 0x389461a37a2d : 2 : ittapi_config_apply_per_lib :  ITTAPI function not implemented: __itt_relation_add_to_current_ex
3728 : 0x389461a45f9e : 2 : ittapi_config_apply_per_lib :  ITTAPI function not implemented: __itt_relation_add_ex
3728 : 0x389461a49d2a : 2 : ittapi_config_apply_per_lib :  ITTAPI function not implemented: __itt_track_group_create
3728 : 0x389461a4cdf6 : 2 : ittapi_config_apply_per_lib :  ITTAPI function not implemented: __itt_track_create
3728 : 0x389461a4fa27 : 2 : ittapi_config_apply_per_lib :  ITTAPI function not implemented: __itt_set_track
3728 : 0x389461a51ff3 : 2 : ittapi_config_apply_per_lib :  ITTAPI function instrumented: __itt_api_version
3728 : 0x389461a54bac : 2 : ittapi_config_apply_per_lib :  ITTAPI function not implemented: __itt_av_save
3728 : 0x389461e87c9a : 2 : ittapi_config_mask_get :  --itt-config mask to be applied: 17
3728 : 0x389461e8d2c6 : 2 : ittapi_config_apply_per_lib :  ITTAPI function instrumented: __itt_domain_create
3728 : 0x389461e8f39a : 2 : ittapi_config_apply_per_lib :  ITTAPI function instrumented: __itt_string_handle_create
3728 : 0x389461e917d6 : 2 : ittapi_config_apply_per_lib :  ITTAPI function instrumented: __itt_pause
3728 : 0x389461eaaf82 : 2 : ittapi_config_apply_per_lib :  ITTAPI function instrumented: __itt_resume
3728 : 0x389461eadbf5 : 2 : ittapi_config_apply_per_lib :  ITTAPI function instrumented: __itt_thread_set_name
3728 : 0x389461eafc9f : 2 : ittapi_config_apply_per_lib :  ITTAPI function instrumented: __itt_thread_ignore
3728 : 0x389461eb19aa : 2 : ittapi_config_apply_per_lib :  ITTAPI function instrumented: __itt_thr_name_set
3728 : 0x389461eb38a7 : 2 : ittapi_config_apply_per_lib :  ITTAPI function instrumented: __itt_thr_ignore
3728 : 0x389461eb693e : 2 : ittapi_config_apply_per_lib :  ITTAPI function not implemented: __itt_enable_attach
3728 : 0x389461eb825c : 2 : ittapi_config_apply_per_lib :  ITTAPI function NOT instrumented (not matched by --itt-config option): __itt_sync_create

3728 : 0x389461eb9cf3 : 2 : ittapi_config_apply_per_lib :  ITTAPI function NOT instrumented (not matched by --itt-config option): __itt_sync_rename

3728 : 0x389461ebb44c : 2 : ittapi_config_apply_per_lib :  ITTAPI function NOT instrumented (not matched by --itt-config option): __itt_sync_destroy

3728 : 0x389461ebcb94 : 2 : ittapi_config_apply_per_lib :  ITTAPI function NOT instrumented (not matched by --itt-config option): __itt_sync_prepare

3728 : 0x389461ec77cc : 2 : ittapi_config_apply_per_lib :  ITTAPI function NOT instrumented (not matched by --itt-config option): __itt_sync_cancel

3728 : 0x389461ec9456 : 2 : ittapi_config_apply_per_lib :  ITTAPI function NOT instrumented (not matched by --itt-config option): __itt_sync_acquired

3728 : 0x389461ecaa8a : 2 : ittapi_config_apply_per_lib :  ITTAPI function NOT instrumented (not matched by --itt-config option): __itt_sync_releasing

3728 : 0x389461ecdecb : 2 : ittapi_config_apply_per_lib :  ITTAPI function not implemented: __itt_suppress_push
3728 : 0x389461ed0c20 : 2 : ittapi_config_apply_per_lib :  ITTAPI function not implemented: __itt_suppress_pop
3728 : 0x389461ed3233 : 2 : ittapi_config_apply_per_lib :  ITTAPI function not implemented: __itt_suppress_mark_range
3728 : 0x389461ed57a5 : 2 : ittapi_config_apply_per_lib :  ITTAPI function not implemented: __itt_suppress_clear_range
3728 : 0x389461ed6dfc : 2 : ittapi_config_apply_per_lib :  ITTAPI function NOT instrumented (not matched by --itt-config option): __itt_sync_prepare

3728 : 0x389461ed83a1 : 2 : ittapi_config_apply_per_lib :  ITTAPI function NOT instrumented (not matched by --itt-config option): __itt_sync_cancel

3728 : 0x389461ed9a53 : 2 : ittapi_config_apply_per_lib :  ITTAPI function NOT instrumented (not matched by --itt-config option): __itt_sync_acquired

3728 : 0x389461ee3198 : 2 : ittapi_config_apply_per_lib :  ITTAPI function NOT instrumented (not matched by --itt-config option): __itt_sync_releasing

3728 : 0x389461ee65bd : 2 : ittapi_config_apply_per_lib :  ITTAPI function not implemented: __itt_model_site_begin
3728 : 0x389461ee8b21 : 2 : ittapi_config_apply_per_lib :  ITTAPI function not implemented: __itt_model_site_end
3728 : 0x389461eeb03c : 2 : ittapi_config_apply_per_lib :  ITTAPI function not implemented: __itt_model_task_begin
3728 : 0x389461eed66b : 2 : ittapi_config_apply_per_lib :  ITTAPI function not implemented: __itt_model_task_end
3728 : 0x389461eef95f : 2 : ittapi_config_apply_per_lib :  ITTAPI function not implemented: __itt_model_lock_acquire
3728 : 0x389461ef1b12 : 2 : ittapi_config_apply_per_lib :  ITTAPI function not implemented: __itt_model_lock_release
3728 : 0x389461ef3cfa : 2 : ittapi_config_apply_per_lib :  ITTAPI function not implemented: __itt_model_record_allocation
3728 : 0x389461ef5ed0 : 2 : ittapi_config_apply_per_lib :  ITTAPI function not implemented: __itt_model_record_deallocation
3728 : 0x389461ef7fc7 : 2 : ittapi_config_apply_per_lib :  ITTAPI function not implemented: __itt_model_induction_uses
3728 : 0x389461f068ce : 2 : ittapi_config_apply_per_lib :  ITTAPI function not implemented: __itt_model_reduction_uses
3728 : 0x389461f0976b : 2 : ittapi_config_apply_per_lib :  ITTAPI function not implemented: __itt_model_observe_uses
3728 : 0x389461f0bbca : 2 : ittapi_config_apply_per_lib :  ITTAPI function not implemented: __itt_model_clear_uses
3728 : 0x389461f0e2f0 : 2 : ittapi_config_apply_per_lib :  ITTAPI function not implemented: __itt_model_site_beginA
3728 : 0x389461f10631 : 2 : ittapi_config_apply_per_lib :  ITTAPI function not implemented: __itt_model_site_beginAL
3728 : 0x389461f12800 : 2 : ittapi_config_apply_per_lib :  ITTAPI function not implemented: __itt_model_task_beginA
3728 : 0x389461f14b02 : 2 : ittapi_config_apply_per_lib :  ITTAPI function not implemented: __itt_model_task_beginAL
3728 : 0x389461f16ae9 : 2 : ittapi_config_apply_per_lib :  ITTAPI function not implemented: __itt_model_iteration_taskA
3728 : 0x389461f18d8d : 2 : ittapi_config_apply_per_lib :  ITTAPI function not implemented: __itt_model_iteration_taskAL
3728 : 0x389461f1ae84 : 2 : ittapi_config_apply_per_lib :  ITTAPI function not implemented: __itt_model_site_end_2
3728 : 0x389461f25b3a : 2 : ittapi_config_apply_per_lib :  ITTAPI function not implemented: __itt_model_task_end_2
3728 : 0x389461f28823 : 2 : ittapi_config_apply_per_lib :  ITTAPI function not implemented: __itt_model_lock_acquire_2
3728 : 0x389461f2ada7 : 2 : ittapi_config_apply_per_lib :  ITTAPI function not implemented: __itt_model_lock_release_2
3728 : 0x389461f2d1c0 : 2 : ittapi_config_apply_per_lib :  ITTAPI function not implemented: __itt_model_aggregate_task
3728 : 0x389461f2f3ea : 2 : ittapi_config_apply_per_lib :  ITTAPI function not implemented: __itt_model_disable_push
3728 : 0x389461f31610 : 2 : ittapi_config_apply_per_lib :  ITTAPI function not implemented: __itt_model_disable_pop
3728 : 0x389461f33408 : 2 : ittapi_config_apply_per_lib :  ITTAPI function instrumented: __itt_heap_function_create
3728 : 0x389461f3538a : 2 : ittapi_config_apply_per_lib :  ITTAPI function instrumented: __itt_heap_allocate_begin
3728 : 0x389461f36e4e : 2 : ittapi_config_apply_per_lib :  ITTAPI function instrumented: __itt_heap_allocate_end
3728 : 0x389461f38b86 : 2 : ittapi_config_apply_per_lib :  ITTAPI function instrumented: __itt_heap_free_begin
3728 : 0x389461f42aab : 2 : ittapi_config_apply_per_lib :  ITTAPI function instrumented: __itt_heap_free_end
3728 : 0x389461f44cc3 : 2 : ittapi_config_apply_per_lib :  ITTAPI function instrumented: __itt_heap_reallocate_begin
3728 : 0x389461f467f7 : 2 : ittapi_config_apply_per_lib :  ITTAPI function instrumented: __itt_heap_reallocate_end
3728 : 0x389461f48e8b : 2 : ittapi_config_apply_per_lib :  ITTAPI function not implemented: __itt_heap_internal_access_begin
3728 : 0x389461f4b36e : 2 : ittapi_config_apply_per_lib :  ITTAPI function not implemented: __itt_heap_internal_access_end
3728 : 0x389461f4d5e8 : 2 : ittapi_config_apply_per_lib :  ITTAPI function not implemented: __itt_heap_record_memory_growth_begin
3728 : 0x389461f4f6c3 : 2 : ittapi_config_apply_per_lib :  ITTAPI function not implemented: __itt_heap_record_memory_growth_end
3728 : 0x389461f51857 : 2 : ittapi_config_apply_per_lib :  ITTAPI function not implemented: __itt_heap_reset_detection
3728 : 0x389461f537af : 2 : ittapi_config_apply_per_lib :  ITTAPI function not implemented: __itt_heap_record
3728 : 0x389461f55715 : 2 : ittapi_config_apply_per_lib :  ITTAPI function not implemented: __itt_id_create
3728 : 0x389461f5f9ba : 2 : ittapi_config_apply_per_lib :  ITTAPI function not implemented: __itt_id_destroy
3728 : 0x389461f62354 : 2 : ittapi_config_apply_per_lib :  ITTAPI function instrumented: __itt_get_timestamp
3728 : 0x389461f6429e : 2 : ittapi_config_apply_per_lib :  ITTAPI function not implemented: __itt_region_begin
3728 : 0x389461f6628c : 2 : ittapi_config_apply_per_lib :  ITTAPI function not implemented: __itt_region_end
3728 : 0x389461f67fb6 : 2 : ittapi_config_apply_per_lib :  ITTAPI function instrumented: __itt_frame_begin_v3
3728 : 0x389461f69d4c : 2 : ittapi_config_apply_per_lib :  ITTAPI function instrumented: __itt_frame_end_v3
3728 : 0x389461f6bc62 : 2 : ittapi_config_apply_per_lib :  ITTAPI function instrumented: __itt_frame_submit_v3
3728 : 0x389461f6d0aa : 2 : ittapi_config_apply_per_lib :  ITTAPI function NOT instrumented (not matched by --itt-config option): __itt_task_group

3728 : 0x389461f6e645 : 2 : ittapi_config_apply_per_lib :  ITTAPI function NOT instrumented (not matched by --itt-config option): __itt_task_begin

3728 : 0x389461f6fab0 : 2 : ittapi_config_apply_per_lib :  ITTAPI function NOT instrumented (not matched by --itt-config option): __itt_task_begin_fn

3728 : 0x389461f7c8d0 : 2 : ittapi_config_apply_per_lib :  ITTAPI function NOT instrumented (not matched by --itt-config option): __itt_task_end

3728 : 0x389461f7e813 : 2 : ittapi_config_apply_per_lib :  ITTAPI function NOT instrumented (not matched by --itt-config option): __itt_counter_inc_v3

3728 : 0x389461f7fef2 : 2 : ittapi_config_apply_per_lib :  ITTAPI function NOT instrumented (not matched by --itt-config option): __itt_counter_inc_delta_v3

3728 : 0x389461f82696 : 2 : ittapi_config_apply_per_lib :  ITTAPI function not implemented: __itt_marker
3728 : 0x389461f84b79 : 2 : ittapi_config_apply_per_lib :  ITTAPI function instrumented: __itt_metadata_add
3728 : 0x389461f86f6c : 2 : ittapi_config_apply_per_lib :  ITTAPI function not implemented: __itt_metadata_str_add
3728 : 0x389461f892f6 : 2 : ittapi_config_apply_per_lib :  ITTAPI function not implemented: __itt_relation_add_to_current
3728 : 0x389461f8b3a0 : 2 : ittapi_config_apply_per_lib :  ITTAPI function not implemented: __itt_relation_add
3728 : 0x389461f8cdb6 : 2 : ittapi_config_apply_per_lib :  ITTAPI function instrumented: __itt_event_create
3728 : 0x389461f8e196 : 2 : ittapi_config_apply_per_lib :  ITTAPI function NOT instrumented (not matched by --itt-config option): __itt_event_start

3728 : 0x389461f9799b : 2 : ittapi_config_apply_per_lib :  ITTAPI function NOT instrumented (not matched by --itt-config option): __itt_event_end

3728 : 0x389461f995d4 : 2 : ittapi_config_apply_per_lib :  ITTAPI function NOT instrumented (not matched by --itt-config option): __itt_sync_set_name

3728 : 0x389461f9aaee : 2 : ittapi_config_apply_per_lib :  ITTAPI function NOT instrumented (not matched by --itt-config option): __itt_notify_sync_name

3728 : 0x389461f9c0a1 : 2 : ittapi_config_apply_per_lib :  ITTAPI function NOT instrumented (not matched by --itt-config option): __itt_notify_sync_prepare

3728 : 0x389461f9d6f8 : 2 : ittapi_config_apply_per_lib :  ITTAPI function NOT instrumented (not matched by --itt-config option): __itt_notify_sync_cancel

3728 : 0x389461f9ebf2 : 2 : ittapi_config_apply_per_lib :  ITTAPI function NOT instrumented (not matched by --itt-config option): __itt_notify_sync_acquired

3728 : 0x389461fa015c : 2 : ittapi_config_apply_per_lib :  ITTAPI function NOT instrumented (not matched by --itt-config option): __itt_notify_sync_releasing

3728 : 0x389461fa2824 : 2 : ittapi_config_apply_per_lib :  ITTAPI function not implemented: __itt_memory_read
3728 : 0x389461fa4b73 : 2 : ittapi_config_apply_per_lib :  ITTAPI function not implemented: __itt_memory_write
3728 : 0x389461fa6e52 : 2 : ittapi_config_apply_per_lib :  ITTAPI function not implemented: __itt_memory_update
3728 : 0x389461fb14e3 : 2 : ittapi_config_apply_per_lib :  ITTAPI function not implemented: __itt_state_get
3728 : 0x389461fb3bea : 2 : ittapi_config_apply_per_lib :  ITTAPI function not implemented: __itt_state_set
3728 : 0x389461fb5a89 : 2 : ittapi_config_apply_per_lib :  ITTAPI function not implemented: __itt_obj_mode_set
3728 : 0x389461fb79fd : 2 : ittapi_config_apply_per_lib :  ITTAPI function not implemented: __itt_thr_mode_set
3728 : 0x389461fb9471 : 2 : ittapi_config_apply_per_lib :  ITTAPI function instrumented: __itt_frame_create
3728 : 0x389461fbb1be : 2 : ittapi_config_apply_per_lib :  ITTAPI function instrumented: __itt_frame_begin
3728 : 0x389461fbcd96 : 2 : ittapi_config_apply_per_lib :  ITTAPI function instrumented: __itt_frame_end
3728 : 0x389461fbe6de : 2 : ittapi_config_apply_per_lib :  ITTAPI function instrumented: __itt_counter_create
3728 : 0x389461fbfc72 : 2 : ittapi_config_apply_per_lib :  ITTAPI function NOT instrumented (not matched by --itt-config option): __itt_counter_destroy

3728 : 0x389461fc1233 : 2 : ittapi_config_apply_per_lib :  ITTAPI function NOT instrumented (not matched by --itt-config option): __itt_counter_inc

3728 : 0x389461fd04a7 : 2 : ittapi_config_apply_per_lib :  ITTAPI function NOT instrumented (not matched by --itt-config option): __itt_counter_inc_delta

3728 : 0x389461fd35ec : 2 : ittapi_config_apply_per_lib :  ITTAPI function not implemented: __itt_mark_create
3728 : 0x389461fd5ab7 : 2 : ittapi_config_apply_per_lib :  ITTAPI function not implemented: __itt_mark
3728 : 0x389461fd7dc0 : 2 : ittapi_config_apply_per_lib :  ITTAPI function not implemented: __itt_mark_off
3728 : 0x389461fd9d65 : 2 : ittapi_config_apply_per_lib :  ITTAPI function not implemented: __itt_mark_global
3728 : 0x389461fdc0ef : 2 : ittapi_config_apply_per_lib :  ITTAPI function not implemented: __itt_mark_global_off
3728 : 0x389461fde479 : 2 : ittapi_config_apply_per_lib :  ITTAPI function instrumented: __itt_stack_caller_create
3728 : 0x389461fe02fc : 2 : ittapi_config_apply_per_lib :  ITTAPI function instrumented: __itt_stack_caller_destroy
3728 : 0x389461fe22ff : 2 : ittapi_config_apply_per_lib :  ITTAPI function instrumented: __itt_stack_callee_enter
3728 : 0x389461fe3e4f : 2 : ittapi_config_apply_per_lib :  ITTAPI function instrumented: __itt_stack_callee_leave
3728 : 0x389461feeb55 : 2 : ittapi_config_apply_per_lib :  ITTAPI function not implemented: __itt_clock_domain_create
3728 : 0x389461ff195c : 2 : ittapi_config_apply_per_lib :  ITTAPI function not implemented: __itt_clock_domain_reset
3728 : 0x389461ff395f : 2 : ittapi_config_apply_per_lib :  ITTAPI function not implemented: __itt_id_create_ex
3728 : 0x389461ff5d05 : 2 : ittapi_config_apply_per_lib :  ITTAPI function not implemented: __itt_id_destroy_ex
3728 : 0x389461ff72f0 : 2 : ittapi_config_apply_per_lib :  ITTAPI function NOT instrumented (not matched by --itt-config option): __itt_task_begin_ex

3728 : 0x389461ff87af : 2 : ittapi_config_apply_per_lib :  ITTAPI function NOT instrumented (not matched by --itt-config option): __itt_task_begin_fn_ex

3728 : 0x389461ff9bae : 2 : ittapi_config_apply_per_lib :  ITTAPI function NOT instrumented (not matched by --itt-config option): __itt_task_end_ex

3728 : 0x389461ffaef1 : 2 : ittapi_config_apply_per_lib :  ITTAPI function NOT instrumented (not matched by --itt-config option): __itt_task_begin_overlapped

3728 : 0x389461ffc3a9 : 2 : ittapi_config_apply_per_lib :  ITTAPI function NOT instrumented (not matched by --itt-config option): __itt_task_begin_overlapped_ex

3728 : 0x389461ffd7cb : 2 : ittapi_config_apply_per_lib :  ITTAPI function NOT instrumented (not matched by --itt-config option): __itt_task_end_overlapped

3728 : 0x389462006b3c : 2 : ittapi_config_apply_per_lib :  ITTAPI function NOT instrumented (not matched by --itt-config option): __itt_task_end_overlapped_ex

3728 : 0x389462009cce : 2 : ittapi_config_apply_per_lib :  ITTAPI function not implemented: __itt_marker_ex
3728 : 0x38946200c33f : 2 : ittapi_config_apply_per_lib :  ITTAPI function not implemented: __itt_metadata_add_with_scope
3728 : 0x38946200e845 : 2 : ittapi_config_apply_per_lib :  ITTAPI function not implemented: __itt_metadata_str_add_with_scope
3728 : 0x389462010be4 : 2 : ittapi_config_apply_per_lib :  ITTAPI function not implemented: __itt_relation_add_to_current_ex
3728 : 0x389462012dc1 : 2 : ittapi_config_apply_per_lib :  ITTAPI function not implemented: __itt_relation_add_ex
3728 : 0x389462015088 : 2 : ittapi_config_apply_per_lib :  ITTAPI function not implemented: __itt_track_group_create
3728 : 0x389462016ed0 : 2 : ittapi_config_apply_per_lib :  ITTAPI function not implemented: __itt_track_create
3728 : 0x389462018eeb : 2 : ittapi_config_apply_per_lib :  ITTAPI function not implemented: __itt_set_track
3728 : 0x38946201acb9 : 2 : ittapi_config_apply_per_lib :  ITTAPI function instrumented: __itt_api_version
3728 : 0x3894620293d8 : 2 : ittapi_config_apply_per_lib :  ITTAPI function not implemented: __itt_av_save