
31065 : 0x2f3e1f48eeb8 : 1 : spill_jit_data :  Jit agent is not initialized
31065 : 0x2f3e1f4e9d70 : 2 : ittapi_config_mask_get :  --itt-config mask to be applied: 17
31065 : 0x2f3e1f4fd6f9 : 2 : ittapi_config_apply_per_lib :  ITTAPI function instrumented: __itt_domain_create
31065 : 0x2f3e1f4ffab8 : 2 : ittapi_config_apply_per_lib :  ITTAPI function instrumented: __itt_string_handle_create
31065 : 0x2f3e1f5018d4 : 2 : ittapi_config_apply_per_lib :  ITTAPI function instrumented: __itt_pause
31065 : 0x2f3e1f50346f : 2 : ittapi_config_apply_per_lib :  ITTAPI function instrumented: __itt_resume
31065 : 0x2f3e1f504f30 : 2 : ittapi_config_apply_per_lib :  ITTAPI function instrumented: __itt_thread_set_name
31065 : 0x2f3e1f5069fa : 2 : ittapi_config_apply_per_lib :  ITTAPI function instrumented: __itt_thread_ignore
31065 : 0x2f3e1f5083f4 : 2 : ittapi_config_apply_per_lib :  ITTAPI function instrumented: __itt_thr_name_set
31065 : 0x2f3e1f509a96 : 2 : ittapi_config_apply_per_lib :  ITTAPI function instrumented: __itt_thr_ignore
31065 : 0x2f3e1f52f1e5 : 2 : ittapi_config_apply_per_lib :  ITTAPI function not implemented: __itt_enable_attach
31065 : 0x2f3e1f5315f6 : 2 : ittapi_config_apply_per_lib :  ITTAPI function NOT instrumented (not matched by --itt-config option): __itt_sync_create

31065 : 0x2f3e1f532e22 : 2 : ittapi_config_apply_per_lib :  ITTAPI function NOT instrumented (not matched by --itt-config option): __itt_sync_rename

31065 : 0x2f3e1f534151 : 2 : ittapi_config_apply_per_lib :  ITTAPI function NOT instrumented (not matched by --itt-config option): __itt_sync_destroy

31065 : 0x2f3e1f53535c : 2 : ittapi_config_apply_per_lib :  ITTAPI function NOT instrumented (not matched by --itt-config option): __itt_sync_prepare

31065 : 0x2f3e1f536461 : 2 : ittapi_config_apply_per_lib :  ITTAPI function NOT instrumented (not matched by --itt-config option): __itt_sync_cancel

31065 : 0x2f3e1f5375bd : 2 : ittapi_config_apply_per_lib :  ITTAPI function NOT instrumented (not matched by --itt-config option): __itt_sync_acquired

31065 : 0x2f3e1f5386cc : 2 : ittapi_config_apply_per_lib :  ITTAPI function NOT instrumented (not matched by --itt-config option): __itt_sync_releasing

31065 : 0x2f3e1f53c7aa : 2 : ittapi_config_apply_per_lib :  ITTAPI function not implemented: __itt_suppress_push
31065 : 0x2f3e1f53ef04 : 2 : ittapi_config_apply_per_lib :  ITTAPI function not implemented: __itt_suppress_pop
31065 : 0x2f3e1f54ad60 : 2 : ittapi_config_apply_per_lib :  ITTAPI function not implemented: __itt_suppress_mark_range
31065 : 0x2f3e1f54d1d2 : 2 : ittapi_config_apply_per_lib :  ITTAPI function not implemented: __itt_suppress_clear_range
31065 : 0x2f3e1f54e519 : 2 : ittapi_config_apply_per_lib :  ITTAPI function NOT instrumented (not matched by --itt-config option): __itt_sync_prepare

31065 : 0x2f3e1f54f6ef : 2 : ittapi_config_apply_per_lib :  ITTAPI function NOT instrumented (not matched by --itt-config option): __itt_sync_cancel

31065 : 0x2f3e1f5506cb : 2 : ittapi_config_apply_per_lib :  ITTAPI function NOT instrumented (not matched by --itt-config option): __itt_sync_acquired

31065 : 0x2f3e1f551752 : 2 : ittapi_config_apply_per_lib :  ITTAPI function NOT instrumented (not matched by --itt-config option): __itt_sync_releasing

31065 : 0x2f3e1f55363a : 2 : ittapi_config_apply_per_lib :  ITTAPI function not implemented: __itt_model_site_begin
31065 : 0x2f3e1f555364 : 2 : ittapi_config_apply_per_lib :  ITTAPI function not implemented: __itt_model_site_end
31065 : 0x2f3e1f55706b : 2 : ittapi_config_apply_per_lib :  ITTAPI function not implemented: __itt_model_task_begin
31065 : 0x2f3e1f558cdc : 2 : ittapi_config_apply_per_lib :  ITTAPI function not implemented: __itt_model_task_end
31065 : 0x2f3e1f561da0 : 2 : ittapi_config_apply_per_lib :  ITTAPI function not implemented: __itt_model_lock_acquire
31065 : 0x2f3e1f564265 : 2 : ittapi_config_apply_per_lib :  ITTAPI function not implemented: __itt_model_lock_release
31065 : 0x2f3e1f565d8c : 2 : ittapi_config_apply_per_lib :  ITTAPI function not implemented: __itt_model_record_allocation
31065 : 0x2f3e1f567c04 : 2 : ittapi_config_apply_per_lib :  ITTAPI function not implemented: __itt_model_record_deallocation
31065 : 0x2f3e1f569620 : 2 : ittapi_config_apply_per_lib :  ITTAPI function not implemented: __itt_model_induction_uses
31065 : 0x2f3e1f56aff2 : 2 : ittapi_config_apply_per_lib :  ITTAPI function not implemented: __itt_model_reduction_uses
31065 : 0x2f3e1f56cb6b : 2 : ittapi_config_apply_per_lib :  ITTAPI function not implemented: __itt_model_observe_uses
31065 : 0x2f3e1f56e73c : 2 : ittapi_config_apply_per_lib :  ITTAPI function not implemented: __itt_model_clear_uses
31065 : 0x2f3e1f570421 : 2 : ittapi_config_apply_per_lib :  ITTAPI function not implemented: __itt_model_site_beginA
31065 : 0x2f3e1f571d6c : 2 : ittapi_config_apply_per_lib :  ITTAPI function not implemented: __itt_model_site_beginAL
31065 : 0x2f3e1f57f04f : 2 : ittapi_config_apply_per_lib :  ITTAPI function not implemented: __itt_model_task_beginA
31065 : 0x2f3e1f5819e6 : 2 : ittapi_config_apply_per_lib :  ITTAPI function not implemented: __itt_model_task_beginAL
31065 : 0x2f3e1f583811 : 2 : ittapi_config_apply_per_lib :  ITTAPI function not implemented: __itt_model_iteration_taskA
31065 : 0x2f3e1f58538f : 2 : ittapi_config_apply_per_lib :  ITTAPI function not implemented: __itt_model_iteration_taskAL
31065 : 0x2f3e1f586e8a : 2 : ittapi_config_apply_per_lib :  ITTAPI function not implemented: __itt_model_site_end_2
31065 : 0x2f3e1f5885fd : 2 : ittapi_config_apply_per_lib :  ITTAPI function not implemented: __itt_model_task_end_2
31065 : 0x2f3e1f58a14f : 2 : ittapi_config_apply_per_lib :  ITTAPI function not implemented: __itt_model_lock_acquire_2
31065 : 0x2f3e1f58bd42 : 2 : ittapi_config_apply_per_lib :  ITTAPI function not implemented: __itt_model_lock_release_2
31065 : 0x2f3e1f58d67e : 2 : ittapi_config_apply_per_lib :  ITTAPI function not implemented: __itt_model_aggregate_task
31065 : 0x2f3e1f58f03d : 2 : ittapi_config_apply_per_lib :  ITTAPI function not implemented: __itt_model_disable_push
31065 : 0x2f3e1f5a5fd4 : 2 : ittapi_config_apply_per_lib :  ITTAPI function not implemented: __itt_model_disable_pop
31065 : 0x2f3e1f5a8730 : 2 : ittapi_config_apply_per_lib :  ITTAPI function instrumented: __itt_heap_function_create
31065 : 0x2f3e1f5aa534 : 2 : ittapi_config_apply_per_lib :  ITTAPI function instrumented: __itt_heap_allocate_begin
31065 : 0x2f3e1f5abf1a : 2 : ittapi_config_apply_per_lib :  ITTAPI function instrumented: __itt_heap_allocate_end
31065 : 0x2f3e1f5add6e : 2 : ittapi_config_apply_per_lib :  ITTAPI function instrumented: __itt_heap_free_begin
31065 : 0x2f3e1f5af726 : 2 : ittapi_config_apply_per_lib :  ITTAPI function instrumented: __itt_heap_free_end
31065 : 0x2f3e1f5b138c : 2 : ittapi_config_apply_per_lib :  ITTAPI function instrumented: __itt_heap_reallocate_begin
31065 : 0x2f3e1f5b3058 : 2 : ittapi_config_apply_per_lib :  ITTAPI function instrumented: __itt_heap_reallocate_end
31065 : 0x2f3e1f5b4fc2 : 2 : ittapi_config_apply_per_lib :  ITTAPI function not implemented: __itt_heap_internal_access_begin
31065 : 0x2f3e1f5b7266 : 2 : ittapi_config_apply_per_lib :  ITTAPI function not implemented: __itt_heap_internal_access_end
31065 : 0x2f3e1f5c1f96 : 2 : ittapi_config_apply_per_lib :  ITTAPI function not implemented: __itt_heap_record_memory_growth_begin
31065 : 0x2f3e1f5c4a60 : 2 : ittapi_config_apply_per_lib :  ITTAPI function not implemented: __itt_heap_record_memory_growth_end
31065 : 0x2f3e1f5c6e0e : 2 : ittapi_config_apply_per_lib :  ITTAPI function not implemented: __itt_heap_reset_detection
31065 : 0x2f3e1f5c91ea : 2 : ittapi_config_apply_per_lib :  ITTAPI function not implemented: __itt_heap_record
31065 : 0x2f3e1f5cb0b4 : 2 : ittapi_config_apply_per_lib :  ITTAPI function not implemented: __itt_id_create
31065 : 0x2f3e1f5cd084 : 2 : ittapi_config_apply_per_lib :  ITTAPI function not implemented: __itt_id_destroy
31065 : 0x2f3e1f5ceec6 : 2 : ittapi_config_apply_per_lib :  ITTAPI function instrumented: __itt_get_timestamp
31065 : 0x2f3e1f5d0d08 : 2 : ittapi_config_apply_per_lib :  ITTAPI function not implemented: __itt_region_begin
31065 : 0x2f3e1f5d2bb6 : 2 : ittapi_config_apply_per_lib :  ITTAPI function not implemented: __itt_region_end
31065 : 0x2f3e1f5d4976 : 2 : ittapi_config_apply_per_lib :  ITTAPI function instrumented: __itt_frame_begin_v3
31065 : 0x2f3e1f5e2362 : 2 : ittapi_config_apply_per_lib :  ITTAPI function instrumented: __itt_frame_end_v3
31065 : 0x2f3e1f5e4870 : 2 : ittapi_config_apply_per_lib :  ITTAPI function instrumented: __itt_frame_submit_v3
31065 : 0x2f3e1f5e5c3a : 2 : ittapi_config_apply_per_lib :  ITTAPI function NOT instrumented (not matched by --itt-config option): __itt_task_group

31065 : 0x2f3e1f5e6f44 : 2 : ittapi_config_apply_per_lib :  ITTAPI function NOT instrumented (not matched by --itt-config option): __itt_task_begin

31065 : 0x2f3e1f5e82e0 : 2 : ittapi_config_apply_per_lib :  ITTAPI function NOT instrumented (not matched by --itt-config option): __itt_task_begin_fn

31065 : 0x2f3e1f5e9600 : 2 : ittapi_config_apply_per_lib :  ITTAPI function NOT instrumented (not matched by --itt-config option): __itt_task_end

31065 : 0x2f3e1f5eaad0 : 2 : ittapi_config_apply_per_lib :  ITTAPI function NOT instrumented (not matched by --itt-config option): __itt_counter_inc_v3

31065 : 0x2f3e1f5ec0a8 : 2 : ittapi_config_apply_per_lib :  ITTAPI function NOT instrumented (not matched by --itt-config option): __itt_counter_inc_delta_v3

31065 : 0x2f3e1f5ee6cc : 2 : ittapi_config_apply_per_lib :  ITTAPI function not implemented: __itt_marker
31065 : 0x2f3e1f5f08e8 : 2 : ittapi_config_apply_per_lib :  ITTAPI function instrumented: __itt_metadata_add
31065 : 0x2f3e1f5fb194 : 2 : ittapi_config_apply_per_lib :  ITTAPI function not implemented: __itt_metadata_str_add
31065 : 0x2f3e1f5fdb20 : 2 : ittapi_config_apply_per_lib :  ITTAPI function not implemented: __itt_relation_add_to_current
31065 : 0x2f3e1f5ffbd8 : 2 : ittapi_config_apply_per_lib :  ITTAPI function not implemented: __itt_relation_add
31065 : 0x2f3e1f60191c : 2 : ittapi_config_apply_per_lib :  ITTAPI function instrumented: __itt_event_create
31065 : 0x2f3e1f602cbe : 2 : ittapi_config_apply_per_lib :  ITTAPI function NOT instrumented (not matched by --itt-config option): __itt_event_start

31065 : 0x2f3e1f60408e : 2 : ittapi_config_apply_per_lib :  ITTAPI function NOT instrumented (not matched by --itt-config option): __itt_event_end

31065 : 0x2f3e1f60536a : 2 : ittapi_config_apply_per_lib :  ITTAPI function NOT instrumented (not matched by --itt-config option): __itt_sync_set_name

31065 : 0x2f3e1f606816 : 2 : ittapi_config_apply_per_lib :  ITTAPI function NOT instrumented (not matched by --itt-config option): __itt_notify_sync_name

31065 : 0x2f3e1f60800a : 2 : ittapi_config_apply_per_lib :  ITTAPI function NOT instrumented (not matched by --itt-config option): __itt_notify_sync_prepare

31065 : 0x2f3e1f609494 : 2 : ittapi_config_apply_per_lib :  ITTAPI function NOT instrumented (not matched by --itt-config option): __itt_notify_sync_cancel

31065 : 0x2f3e1f6129f2 : 2 : ittapi_config_apply_per_lib :  ITTAPI function NOT instrumented (not matched by --itt-config option): __itt_notify_sync_acquired

31065 : 0x2f3e1f6145a4 : 2 : ittapi_config_apply_per_lib :  ITTAPI function NOT instrumented (not matched by --itt-config option): __itt_notify_sync_releasing

31065 : 0x2f3e1f616e3c : 2 : ittapi_config_apply_per_lib :  ITTAPI function not implemented: __itt_memory_read
31065 : 0x2f3e1f619190 : 2 : ittapi_config_apply_per_lib :  ITTAPI function not implemented: __itt_memory_write
31065 : 0x2f3e1f61b3d4 : 2 : ittapi_config_apply_per_lib :  ITTAPI function not implemented: __itt_memory_update
31065 : 0x2f3e1f61d662 : 2 : ittapi_config_apply_per_lib :  ITTAPI function not implemented: __itt_state_get
31065 : 0x2f3e1f61f460 : 2 : ittapi_config_apply_per_lib :  ITTAPI function not implemented: __itt_state_set
31065 : 0x2f3e1f6211fe : 2 : ittapi_config_apply_per_lib :  ITTAPI function not implemented: __itt_obj_mode_set
31065 : 0x2f3e1f623014 : 2 : ittapi_config_apply_per_lib :  ITTAPI function not implemented: __itt_thr_mode_set
31065 : 0x2f3e1f624982 : 2 : ittapi_config_apply_per_lib :  ITTAPI function instrumented: __itt_frame_create
31065 : 0x2f3e1f631c42 : 2 : ittapi_config_apply_per_lib :  ITTAPI function instrumented: __itt_frame_begin
31065 : 0x2f3e1f634036 : 2 : ittapi_config_apply_per_lib :  ITTAPI function instrumented: __itt_frame_end
31065 : 0x2f3e1f635bb4 : 2 : ittapi_config_apply_per_lib :  ITTAPI function instrumented: __itt_counter_create
31065 : 0x2f3e1f63701c : 2 : ittapi_config_apply_per_lib :  ITTAPI function NOT instrumented (not matched by --itt-config option): __itt_counter_destroy

31065 : 0x2f3e1f6388a8 : 2 : ittapi_config_apply_per_lib :  ITTAPI function NOT instrumented (not matched by --itt-config option): __itt_counter_inc

31065 : 0x2f3e1f639d88 : 2 : ittapi_config_apply_per_lib :  ITTAPI function NOT instrumented (not matched by --itt-config option): __itt_counter_inc_delta

31065 : 0x2f3e1f63c14e : 2 : ittapi_config_apply_per_lib :  ITTAPI function not implemented: __itt_mark_create
31065 : 0x2f3e1f63e51e : 2 : ittapi_config_apply_per_lib :  ITTAPI function not implemented: __itt_mark
31065 : 0x2f3e1f6407c8 : 2 : ittapi_config_apply_per_lib :  ITTAPI function not implemented: __itt_mark_off
31065 : 0x2f3e1f642638 : 2 : ittapi_config_apply_per_lib :  ITTAPI function not implemented: __itt_mark_global
31065 : 0x2f3e1f64d0e2 : 2 : ittapi_config_apply_per_lib :  ITTAPI function not implemented: __itt_mark_global_off
31065 : 0x2f3e1f64fb12 : 2 : ittapi_config_apply_per_lib :  ITTAPI function instrumented: __itt_stack_caller_create
31065 : 0x2f3e1f651850 : 2 : ittapi_config_apply_per_lib :  ITTAPI function instrumented: __itt_stack_caller_destroy
31065 : 0x2f3e1f65361c : 2 : ittapi_config_apply_per_lib :  ITTAPI function instrumented: __itt_stack_callee_enter
31065 : 0x2f3e1f654eb8 : 2 : ittapi_config_apply_per_lib :  ITTAPI function instrumented: __itt_stack_callee_leave
31065 : 0x2f3e1f656c5c : 2 : ittapi_config_apply_per_lib :  ITTAPI function not implemented: __itt_clock_domain_create
31065 : 0x2f3e1f658db2 : 2 : ittapi_config_apply_per_lib :  ITTAPI function not implemented: __itt_clock_domain_reset
31065 : 0x2f3e1f65aace : 2 : ittapi_config_apply_per_lib :  ITTAPI function not implemented: __itt_id_create_ex
31065 : 0x2f3e1f65cd1e : 2 : ittapi_config_apply_per_lib :  ITTAPI function not implemented: __itt_id_destroy_ex
31065 : 0x2f3e1f65e070 : 2 : ittapi_config_apply_per_lib :  ITTAPI function NOT instrumented (not matched by --itt-config option): __itt_task_begin_ex

31065 : 0x2f3e1f666e8c : 2 : ittapi_config_apply_per_lib :  ITTAPI function NOT instrumented (not matched by --itt-config option): __itt_task_begin_fn_ex

31065 : 0x2f3e1f668834 : 2 : ittapi_config_apply_per_lib :  ITTAPI function NOT instrumented (not matched by --itt-config option): __itt_task_end_ex

31065 : 0x2f3e1f669be8 : 2 : ittapi_config_apply_per_lib :  ITTAPI function NOT instrumented (not matched by --itt-config option): __itt_task_begin_overlapped

31065 : 0x2f3e1f66af02 : 2 : ittapi_config_apply_per_lib :  ITTAPI function NOT instrumented (not matched by --itt-config option): __itt_task_begin_overlapped_ex

31065 : 0x2f3e1f66c0f0 : 2 : ittapi_config_apply_per_lib :  ITTAPI function NOT instrumented (not matched by --itt-config option): __itt_task_end_overlapped

31065 : 0x2f3e1f66d4ba : 2 : ittapi_config_apply_per_lib :  ITTAPI function NOT instrumented (not matched by --itt-config option): __itt_task_end_overlapped_ex

31065 : 0x2f3e1f66ff84 : 2 : ittapi_config_apply_per_lib :  ITTAPI function not implemented: __itt_marker_ex
31065 : 0x2f3e1f672806 : 2 : ittapi_config_apply_per_lib :  ITTAPI function not implemented: __itt_metadata_add_with_scope
31065 : 0x2f3e1f674d0e : 2 : ittapi_config_apply_per_lib :  ITTAPI function not implemented: __itt_metadata_str_add_with_scope
31065 : 0x2f3e1f676ea2 : 2 : ittapi_config_apply_per_lib :  ITTAPI function not implemented: __itt_relation_add_to_current_ex
31065 : 0x2f3e1f681170 : 2 : ittapi_config_apply_per_lib :  ITTAPI function not implemented: __itt_relation_add_ex
31065 : 0x2f3e1f684350 : 2 : ittapi_config_apply_per_lib :  ITTAPI function not implemented: __itt_track_group_create
31065 : 0x2f3e1f6864b0 : 2 : ittapi_config_apply_per_lib :  ITTAPI function not implemented: __itt_track_create
31065 : 0x2f3e1f68853a : 2 : ittapi_config_apply_per_lib :  ITTAPI function not implemented: __itt_set_track
31065 : 0x2f3e1f68a378 : 2 : ittapi_config_apply_per_lib :  ITTAPI function instrumented: __itt_api_version
31065 : 0x2f3e1f68c37a : 2 : ittapi_config_apply_per_lib :  ITTAPI function not implemented: __itt_av_save
31065 : 0x2f3e1f9e8aaa : 2 : ittapi_config_mask_get :  --itt-config mask to be applied: 17
31065 : 0x2f3e1f9ecffe : 2 : ittapi_config_apply_per_lib :  ITTAPI function instrumented: __itt_domain_create
31065 : 0x2f3e1f9eec5e : 2 : ittapi_config_apply_per_lib :  ITTAPI function instrumented: __itt_string_handle_create
31065 : 0x2f3e1f9f092a : 2 : ittapi_config_apply_per_lib :  ITTAPI function instrumented: __itt_pause
31065 : 0x2f3e1fa04fd8 : 2 : ittapi_config_apply_per_lib :  ITTAPI function instrumented: __itt_resume
31065 : 0x2f3e1fa0784e : 2 : ittapi_config_apply_per_lib :  ITTAPI function instrumented: __itt_thread_set_name
31065 : 0x2f3e1fa095c4 : 2 : ittapi_config_apply_per_lib :  ITTAPI function instrumented: __itt_thread_ignore
31065 : 0x2f3e1fa0b242 : 2 : ittapi_config_apply_per_lib :  ITTAPI function instrumented: __itt_thr_name_set
31065 : 0x2f3e1fa0cd98 : 2 : ittapi_config_apply_per_lib :  ITTAPI function instrumented: __itt_thr_ignore
31065 : 0x2f3e1fa0f938 : 2 : ittapi_config_apply_per_lib :  ITTAPI function not implemented: __itt_enable_attach
31065 : 0x2f3e1fa10f18 : 2 : ittapi_config_apply_per_lib :  ITTAPI function NOT instrumented (not matched by --itt-config option): __itt_sync_create

31065 : 0x2f3e1fa12484 : 2 : ittapi_config_apply_per_lib :  ITTAPI function NOT instrumented (not matched by --itt-config option): __itt_sync_rename

31065 : 0x2f3e1fa13888 : 2 : ittapi_config_apply_per_lib :  ITTAPI function NOT instrumented (not matched by --itt-config option): __itt_sync_destroy

31065 : 0x2f3e1fa14d50 : 2 : ittapi_config_apply_per_lib :  ITTAPI function NOT instrumented (not matched by --itt-config option): __itt_sync_prepare

31065 : 0x2f3e1fa1ec2e : 2 : ittapi_config_apply_per_lib :  ITTAPI function NOT instrumented (not matched by --itt-config option): __itt_sync_cancel

31065 : 0x2f3e1fa20702 : 2 : ittapi_config_apply_per_lib :  ITTAPI function NOT instrumented (not matched by --itt-config option): __itt_sync_acquired

31065 : 0x2f3e1fa21b76 : 2 : ittapi_config_apply_per_lib :  ITTAPI function NOT instrumented (not matched by --itt-config option): __itt_sync_releasing

31065 : 0x2f3e1fa2fda1 : 2 : ittapi_config_apply_per_lib :  ITTAPI function not implemented: __itt_suppress_push
31065 : 0x2f3e1fa329e2 : 2 : ittapi_config_apply_per_lib :  ITTAPI function not implemented: __itt_suppress_pop
31065 : 0x2f3e1fa347f7 : 2 : ittapi_config_apply_per_lib :  ITTAPI function not implemented: __itt_suppress_mark_range
31065 : 0x2f3e1fa36548 : 2 : ittapi_config_apply_per_lib :  ITTAPI function not implemented: __itt_suppress_clear_range
31065 : 0x2f3e1fa376b2 : 2 : ittapi_config_apply_per_lib :  ITTAPI function NOT instrumented (not matched by --itt-config option): __itt_sync_prepare

31065 : 0x2f3e1fa387f9 : 2 : ittapi_config_apply_per_lib :  ITTAPI function NOT instrumented (not matched by --itt-config option): __itt_sync_cancel

31065 : 0x2f3e1fa39862 : 2 : ittapi_config_apply_per_lib :  ITTAPI function NOT instrumented (not matched by --itt-config option): __itt_sync_acquired

31065 : 0x2f3e1fa418ab : 2 : ittapi_config_apply_per_lib :  ITTAPI function NOT instrumented (not matched by --itt-config option): __itt_sync_releasing

31065 : 0x2f3e1fa443ff : 2 : ittapi_config_apply_per_lib :  ITTAPI function not implemented: __itt_model_site_begin
31065 : 0x2f3e1fa462fc : 2 : ittapi_config_apply_per_lib :  ITTAPI function not implemented: __itt_model_site_end
31065 : 0x2f3e1fa481c2 : 2 : ittapi_config_apply_per_lib :  ITTAPI function not implemented: __itt_model_task_begin
31065 : 0x2f3e1fa49edc : 2 : ittapi_config_apply_per_lib :  ITTAPI function not implemented: __itt_model_task_end
31065 : 0x2f3e1fa4b9ef : 2 : ittapi_config_apply_per_lib :  ITTAPI function not implemented: __itt_model_lock_acquire
31065 : 0x2f3e1fa4d47f : 2 : ittapi_config_apply_per_lib :  ITTAPI function not implemented: __itt_model_lock_release
31065 : 0x2f3e1fa4efdd : 2 : ittapi_config_apply_per_lib :  ITTAPI function not implemented: __itt_model_record_allocation
31065 : 0x2f3e1fa50d0b : 2 : ittapi_config_apply_per_lib :  ITTAPI function not implemented: __itt_model_record_deallocation
31065 : 0x2f3e1fa5289c : 2 : ittapi_config_apply_per_lib :  ITTAPI function not implemented: __itt_model_induction_uses
31065 : 0x2f3e1fa69ceb : 2 : ittapi_config_apply_per_lib :  ITTAPI function not implemented: __itt_model_reduction_uses
31065 : 0x2f3e1fa6c463 : 2 : ittapi_config_apply_per_lib :  ITTAPI function not implemented: __itt_model_observe_uses
31065 : 0x2f3e1fa6e0f0 : 2 : ittapi_config_apply_per_lib :  ITTAPI function not implemented: __itt_model_clear_uses
31065 : 0x2f3e1fa6fd36 : 2 : ittapi_config_apply_per_lib :  ITTAPI function not implemented: __itt_model_site_beginA
31065 : 0x2f3e1fa71743 : 2 : ittapi_config_apply_per_lib :  ITTAPI function not implemented: __itt_model_site_beginAL
31065 : 0x2f3e1fa7319c : 2 : ittapi_config_apply_per_lib :  ITTAPI function not implemented: __itt_model_task_beginA
31065 : 0x2f3e1fa74c81 : 2 : ittapi_config_apply_per_lib :  ITTAPI function not implemented: __itt_model_task_beginAL
31065 : 0x2f3e1fa76598 : 2 : ittapi_config_apply_per_lib :  ITTAPI function not implemented: __itt_model_iteration_taskA
31065 : 0x2f3e1fa78069 : 2 : ittapi_config_apply_per_lib :  ITTAPI function not implemented: __itt_model_iteration_taskAL
31065 : 0x2f3e1fa797f6 : 2 : ittapi_config_apply_per_lib :  ITTAPI function not implemented: __itt_model_site_end_2
31065 : 0x2f3e1fa81d72 : 2 : ittapi_config_apply_per_lib :  ITTAPI function not implemented: __itt_model_task_end_2
31065 : 0x2f3e1fa8410a : 2 : ittapi_config_apply_per_lib :  ITTAPI function not implemented: __itt_model_lock_acquire_2
31065 : 0x2f3e1fa85d64 : 2 : ittapi_config_apply_per_lib :  ITTAPI function not implemented: __itt_model_lock_release_2
31065 : 0x2f3e1fa8e78e : 2 : ittapi_config_apply_per_lib :  ITTAPI function not implemented: __itt_model_aggregate_task
31065 : 0x2f3e1fa909d5 : 2 : ittapi_config_apply_per_lib :  ITTAPI function not implemented: __itt_model_disable_push
31065 : 0x2f3e1fa924f7 : 2 : ittapi_config_apply_per_lib :  ITTAPI function not implemented: __itt_model_disable_pop
31065 : 0x2f3e1fa93b65 : 2 : ittapi_config_apply_per_lib :  ITTAPI function instrumented: __itt_heap_function_create
31065 : 0x2f3e1fa9522e : 2 : ittapi_config_apply_per_lib :  ITTAPI function instrumented: __itt_heap_allocate_begin
31065 : 0x2f3e1fa96603 : 2 : ittapi_config_apply_per_lib :  ITTAPI function instrumented: __itt_heap_allocate_end
31065 : 0x2f3e1fa97bad : 2 : ittapi_config_apply_per_lib :  ITTAPI function instrumented: __itt_heap_free_begin
31065 : 0x2f3e1faa11dd : 2 : ittapi_config_apply_per_lib :  ITTAPI function instrumented: __itt_heap_free_end
31065 : 0x2f3e1faa2d7d : 2 : ittapi_config_apply_per_lib :  ITTAPI function instrumented: __itt_heap_reallocate_begin
31065 : 0x2f3e1faa428f : 2 : ittapi_config_apply_per_lib :  ITTAPI function instrumented: __itt_heap_reallocate_end
31065 : 0x2f3e1faa603b : 2 : ittapi_config_apply_per_lib :  ITTAPI function not implemented: __itt_heap_internal_access_begin
31065 : 0x2f3e1faa7d6e : 2 : ittapi_config_apply_per_lib :  ITTAPI function not implemented: __itt_heap_internal_access_end
31065 : 0x2f3e1faa9863 : 2 : ittapi_config_apply_per_lib :  ITTAPI function not implemented: __itt_heap_record_memory_growth_begin
31065 : 0x2f3e1faab14c : 2 : ittapi_config_apply_per_lib :  ITTAPI function not implemented: __itt_heap_record_memory_growth_end
31065 : 0x2f3e1faaca5d : 2 : ittapi_config_apply_per_lib :  ITTAPI function not implemented: __itt_heap_reset_detection
31065 : 0x2f3e1faae2f0 : 2 : ittapi_config_apply_per_lib :  ITTAPI function not implemented: __itt_heap_record
31065 : 0x2f3e1faafa55 : 2 : ittapi_config_apply_per_lib :  ITTAPI function not implemented: __itt_id_create
31065 : 0x2f3e1fabb50f : 2 : ittapi_config_apply_per_lib :  ITTAPI function not implemented: __itt_id_destroy
31065 : 0x2f3e1fac9608 : 2 : ittapi_config_apply_per_lib :  ITTAPI function instrumented: __itt_get_timestamp
31065 : 0x2f3e1fad614e : 2 : ittapi_config_apply_per_lib :  ITTAPI function not implemented: __itt_region_begin
31065 : 0x2f3e1fad845e : 2 : ittapi_config_apply_per_lib :  ITTAPI function not implemented: __itt_region_end
31065 : 0x2f3e1fad9a12 : 2 : ittapi_config_apply_per_lib :  ITTAPI function instrumented: __itt_frame_begin_v3
31065 : 0x2f3e1fadb080 : 2 : ittapi_config_apply_per_lib :  ITTAPI function instrumented: __itt_frame_end_v3
31065 : 0x2f3e1fadc53d : 2 : ittapi_config_apply_per_lib :  ITTAPI function instrumented: __itt_frame_submit_v3
31065 : 0x2f3e1fadd47d : 2 : ittapi_config_apply_per_lib :  ITTAPI function NOT instrumented (not matched by --itt-config option): __itt_task_group

31065 : 0x2f3e1fade51d : 2 : ittapi_config_apply_per_lib :  ITTAPI function NOT instrumented (not matched by --itt-config option): __itt_task_begin

31065 : 0x2f3e1fadf43e : 2 : ittapi_config_apply_per_lib :  ITTAPI function NOT instrumented (not matched by --itt-config option): __itt_task_begin_fn

31065 : 0x2f3e1fae6e97 : 2 : ittapi_config_apply_per_lib :  ITTAPI function NOT instrumented (not matched by --itt-config option): __itt_task_end

31065 : 0x2f3e1fae84e2 : 2 : ittapi_config_apply_per_lib :  ITTAPI function NOT instrumented (not matched by --itt-config option): __itt_counter_inc_v3

31065 : 0x2f3e1fae9688 : 2 : ittapi_config_apply_per_lib :  ITTAPI function NOT instrumented (not matched by --itt-config option): __itt_counter_inc_delta_v3

31065 : 0x2f3e1faeb4df : 2 : ittapi_config_apply_per_lib :  ITTAPI function not implemented: __itt_marker
31065 : 0x2f3e1faed1a8 : 2 : ittapi_config_apply_per_lib :  ITTAPI function instrumented: __itt_metadata_add
31065 : 0x2f3e1faeeca2 : 2 : ittapi_config_apply_per_lib :  ITTAPI function not implemented: __itt_metadata_str_add
31065 : 0x2f3e1faf0764 : 2 : ittapi_config_apply_per_lib :  ITTAPI function not implemented: __itt_relation_add_to_current
31065 : 0x2f3e1faf1f93 : 2 : ittapi_config_apply_per_lib :  ITTAPI function not implemented: __itt_relation_add
31065 : 0x2f3e1faf33dc : 2 : ittapi_config_apply_per_lib :  ITTAPI function instrumented: __itt_event_create
31065 : 0x2f3e1faf42f3 : 2 : ittapi_config_apply_per_lib :  ITTAPI function NOT instrumented (not matched by --itt-config option): __itt_event_start

31065 : 0x2f3e1fafb966 : 2 : ittapi_config_apply_per_lib :  ITTAPI function NOT instrumented (not matched by --itt-config option): __itt_event_end

31065 : 0x2f3e1fafcef7 : 2 : ittapi_config_apply_per_lib :  ITTAPI function NOT instrumented (not matched by --itt-config option): __itt_sync_set_name

31065 : 0x2f3e1fafdf23 : 2 : ittapi_config_apply_per_lib :  ITTAPI function NOT instrumented (not matched by --itt-config option): __itt_notify_sync_name

31065 : 0x2f3e1fafef50 : 2 : ittapi_config_apply_per_lib :  ITTAPI function NOT instrumented (not matched by --itt-config option): __itt_notify_sync_prepare

31065 : 0x2f3e1fafff6d : 2 : ittapi_config_apply_per_lib :  ITTAPI function NOT instrumented (not matched by --itt-config option): __itt_notify_sync_cancel

31065 : 0x2f3e1fb00f95 : 2 : ittapi_config_apply_per_lib :  ITTAPI function NOT instrumented (not matched by --itt-config option): __itt_notify_sync_acquired

31065 : 0x2f3e1fb02012 : 2 : ittapi_config_apply_per_lib :  ITTAPI function NOT instrumented (not matched by --itt-config option): __itt_notify_sync_releasing

31065 : 0x2f3e1fb03da4 : 2 : ittapi_config_apply_per_lib :  ITTAPI function not implemented: __itt_memory_read
31065 : 0x2f3e1fb05867 : 2 : ittapi_config_apply_per_lib :  ITTAPI function not implemented: __itt_memory_write
31065 : 0x2f3e1fb07297 : 2 : ittapi_config_apply_per_lib :  ITTAPI function not implemented: __itt_memory_update
31065 : 0x2f3e1fb0f20d : 2 : ittapi_config_apply_per_lib :  ITTAPI function not implemented: __itt_state_get
31065 : 0x2f3e1fb11142 : 2 : ittapi_config_apply_per_lib :  ITTAPI function not implemented: __itt_state_set
31065 : 0x2f3e1fb1283d : 2 : ittapi_config_apply_per_lib :  ITTAPI function not implemented: __itt_obj_mode_set
31065 : 0x2f3e1fb13ffd : 2 : ittapi_config_apply_per_lib :  ITTAPI function not implemented: __itt_thr_mode_set
31065 : 0x2f3e1fb153f0 : 2 : ittapi_config_apply_per_lib :  ITTAPI function instrumented: __itt_frame_create
31065 : 0x2f3e1fb16a9b : 2 : ittapi_config_apply_per_lib :  ITTAPI function instrumented: __itt_frame_begin
31065 : 0x2f3e1fb1800d : 2 : ittapi_config_apply_per_lib :  ITTAPI function instrumented: __itt_frame_end
31065 : 0x2f3e1fb1942e : 2 : ittapi_config_apply_per_lib :  ITTAPI function instrumented: __itt_counter_create
31065 : 0x2f3e1fb1a529 : 2 : ittapi_config_apply_per_lib :  ITTAPI function NOT instrumented (not matched by --itt-config option): __itt_counter_destroy

31065 : 0x2f3e1fb1b4f1 : 2 : ittapi_config_apply_per_lib :  ITTAPI function NOT instrumented (not matched by --itt-config option): __itt_counter_inc

31065 : 0x2f3e1fb25447 : 2 : ittapi_config_apply_per_lib :  ITTAPI function NOT instrumented (not matched by --itt-config option): __itt_counter_inc_delta

31065 : 0x2f3e1fb27a22 : 2 : ittapi_config_apply_per_lib :  ITTAPI function not implemented: __itt_mark_create
31065 : 0x2f3e1fb295ea : 2 : ittapi_config_apply_per_lib :  ITTAPI function not implemented: __itt_mark
31065 : 0x2f3e1fb2afed : 2 : ittapi_config_apply_per_lib :  ITTAPI function not implemented: __itt_mark_off
31065 : 0x2f3e1fb2c880 : 2 : ittapi_config_apply_per_lib :  ITTAPI function not implemented: __itt_mark_global
31065 : 0x2f3e1fb2e334 : 2 : ittapi_config_apply_per_lib :  ITTAPI function not implemented: __itt_mark_global_off
31065 : 0x2f3e1fb2fe23 : 2 : ittapi_config_apply_per_lib :  ITTAPI function instrumented: __itt_stack_caller_create
31065 : 0x2f3e1fb31547 : 2 : ittapi_config_apply_per_lib :  ITTAPI function instrumented: __itt_stack_caller_destroy
31065 : 0x2f3e1fb32c98 : 2 : ittapi_config_apply_per_lib :  ITTAPI function instrumented: __itt_stack_callee_enter
31065 : 0x2f3e1fb34137 : 2 : ittapi_config_apply_per_lib :  ITTAPI function instrumented: __itt_stack_callee_leave
31065 : 0x2f3e1fb3cdc2 : 2 : ittapi_config_apply_per_lib :  ITTAPI function not implemented: __itt_clock_domain_create
31065 : 0x2f3e1fb3f03b : 2 : ittapi_config_apply_per_lib :  ITTAPI function not implemented: __itt_clock_domain_reset
31065 : 0x2f3e1fb4097f : 2 : ittapi_config_apply_per_lib :  ITTAPI function not implemented: __itt_id_create_ex
31065 : 0x2f3e1fb424bf : 2 : ittapi_config_apply_per_lib :  ITTAPI function not implemented: __itt_id_destroy_ex
31065 : 0x2f3e1fb4353c : 2 : ittapi_config_apply_per_lib :  ITTAPI function NOT instrumented (not matched by --itt-config option): __itt_task_begin_ex

31065 : 0x2f3e1fb4455e : 2 : ittapi_config_apply_per_lib :  ITTAPI function NOT instrumented (not matched by --itt-config option): __itt_task_begin_fn_ex

31065 : 0x2f3e1fb4542a : 2 : ittapi_config_apply_per_lib :  ITTAPI function NOT instrumented (not matched by --itt-config option): __itt_task_end_ex

31065 : 0x2f3e1fb46347 : 2 : ittapi_config_apply_per_lib :  ITTAPI function NOT instrumented (not matched by --itt-config option): __itt_task_begin_overlapped

31065 : 0x2f3e1fb472fa : 2 : ittapi_config_apply_per_lib :  ITTAPI function NOT instrumented (not matched by --itt-config option): __itt_task_begin_overlapped_ex

31065 : 0x2f3e1fb48116 : 2 : ittapi_config_apply_per_lib :  ITTAPI function NOT instrumented (not matched by --itt-config option): __itt_task_end_overlapped

31065 : 0x2f3e1fb4f399 : 2 : ittapi_config_apply_per_lib :  ITTAPI function NOT instrumented (not matched by --itt-config option): __itt_task_end_overlapped_ex

31065 : 0x2f3e1fb518fc : 2 : ittapi_config_apply_per_lib :  ITTAPI function not implemented: __itt_marker_ex
31065 : 0x2f3e1fb53749 : 2 : ittapi_config_apply_per_lib :  ITTAPI function not implemented: __itt_metadata_add_with_scope
31065 : 0x2f3e1fb5531b : 2 : ittapi_config_apply_per_lib :  ITTAPI function not implemented: __itt_metadata_str_add_with_scope
31065 : 0x2f3e1fb56de8 : 2 : ittapi_config_apply_per_lib :  ITTAPI function not implemented: __itt_relation_add_to_current_ex
31065 : 0x2f3e1fb5872b : 2 : ittapi_config_apply_per_lib :  ITTAPI function not implemented: __itt_relation_add_ex
31065 : 0x2f3e1fb5a074 : 2 : ittapi_config_apply_per_lib :  ITTAPI function not implemented: __itt_track_group_create
31065 : 0x2f3e1fb5b765 : 2 : ittapi_config_apply_per_lib :  ITTAPI function not implemented: __itt_track_create
31065 : 0x2f3e1fb5cf2a : 2 : ittapi_config_apply_per_lib :  ITTAPI function not implemented: __itt_set_track
31065 : 0x2f3e1fb5e501 : 2 : ittapi_config_apply_per_lib :  ITTAPI function instrumented: __itt_api_version
31065 : 0x2f3e1fb68d6e : 2 : ittapi_config_apply_per_lib :  ITTAPI function not implemented: __itt_av_save