
31259 : 0x30b88c2947d9 : 1 : spill_jit_data :  Jit agent is not initialized
31259 : 0x30b88c2dbacf : 2 : ittapi_config_mask_get :  --itt-config mask to be applied: 17
31259 : 0x30b88c2e20f2 : 2 : ittapi_config_apply_per_lib :  ITTAPI function instrumented: __itt_domain_create
31259 : 0x30b88c2e3f3a : 2 : ittapi_config_apply_per_lib :  ITTAPI function instrumented: __itt_string_handle_create
31259 : 0x30b88c2e5ab7 : 2 : ittapi_config_apply_per_lib :  ITTAPI function instrumented: __itt_pause
31259 : 0x30b88c2e7331 : 2 : ittapi_config_apply_per_lib :  ITTAPI function instrumented: __itt_resume
31259 : 0x30b88c2e8a7c : 2 : ittapi_config_apply_per_lib :  ITTAPI function instrumented: __itt_thread_set_name
31259 : 0x30b88c2ea214 : 2 : ittapi_config_apply_per_lib :  ITTAPI function instrumented: __itt_thread_ignore
31259 : 0x30b88c2eb86e : 2 : ittapi_config_apply_per_lib :  ITTAPI function instrumented: __itt_thr_name_set
31259 : 0x30b88c2ecc85 : 2 : ittapi_config_apply_per_lib :  ITTAPI function instrumented: __itt_thr_ignore
31259 : 0x30b88c308c99 : 2 : ittapi_config_apply_per_lib :  ITTAPI function not implemented: __itt_enable_attach
31259 : 0x30b88c30acd9 : 2 : ittapi_config_apply_per_lib :  ITTAPI function NOT instrumented (not matched by --itt-config option): __itt_sync_create

31259 : 0x30b88c30c2ec : 2 : ittapi_config_apply_per_lib :  ITTAPI function NOT instrumented (not matched by --itt-config option): __itt_sync_rename

31259 : 0x30b88c30d319 : 2 : ittapi_config_apply_per_lib :  ITTAPI function NOT instrumented (not matched by --itt-config option): __itt_sync_destroy

31259 : 0x30b88c30e7e5 : 2 : ittapi_config_apply_per_lib :  ITTAPI function NOT instrumented (not matched by --itt-config option): __itt_sync_prepare

31259 : 0x30b88c30f8c2 : 2 : ittapi_config_apply_per_lib :  ITTAPI function NOT instrumented (not matched by --itt-config option): __itt_sync_cancel

31259 : 0x30b88c3108a3 : 2 : ittapi_config_apply_per_lib :  ITTAPI function NOT instrumented (not matched by --itt-config option): __itt_sync_acquired

31259 : 0x30b88c311833 : 2 : ittapi_config_apply_per_lib :  ITTAPI function NOT instrumented (not matched by --itt-config option): __itt_sync_releasing

31259 : 0x30b88c314db8 : 2 : ittapi_config_apply_per_lib :  ITTAPI function not implemented: __itt_suppress_push
31259 : 0x30b88c316fb3 : 2 : ittapi_config_apply_per_lib :  ITTAPI function not implemented: __itt_suppress_pop
31259 : 0x30b88c3213b7 : 2 : ittapi_config_apply_per_lib :  ITTAPI function not implemented: __itt_suppress_mark_range
31259 : 0x30b88c32346b : 2 : ittapi_config_apply_per_lib :  ITTAPI function not implemented: __itt_suppress_clear_range
31259 : 0x30b88c3244de : 2 : ittapi_config_apply_per_lib :  ITTAPI function NOT instrumented (not matched by --itt-config option): __itt_sync_prepare

31259 : 0x30b88c325497 : 2 : ittapi_config_apply_per_lib :  ITTAPI function NOT instrumented (not matched by --itt-config option): __itt_sync_cancel

31259 : 0x30b88c326413 : 2 : ittapi_config_apply_per_lib :  ITTAPI function NOT instrumented (not matched by --itt-config option): __itt_sync_acquired

31259 : 0x30b88c327307 : 2 : ittapi_config_apply_per_lib :  ITTAPI function NOT instrumented (not matched by --itt-config option): __itt_sync_releasing

31259 : 0x30b88c328e01 : 2 : ittapi_config_apply_per_lib :  ITTAPI function not implemented: __itt_model_site_begin
31259 : 0x30b88c32a78b : 2 : ittapi_config_apply_per_lib :  ITTAPI function not implemented: __itt_model_site_end
31259 : 0x30b88c32c472 : 2 : ittapi_config_apply_per_lib :  ITTAPI function not implemented: __itt_model_task_begin
31259 : 0x30b88c32dded : 2 : ittapi_config_apply_per_lib :  ITTAPI function not implemented: __itt_model_task_end
31259 : 0x30b88c335c07 : 2 : ittapi_config_apply_per_lib :  ITTAPI function not implemented: __itt_model_lock_acquire
31259 : 0x30b88c337c89 : 2 : ittapi_config_apply_per_lib :  ITTAPI function not implemented: __itt_model_lock_release
31259 : 0x30b88c3394b2 : 2 : ittapi_config_apply_per_lib :  ITTAPI function not implemented: __itt_model_record_allocation
31259 : 0x30b88c33b135 : 2 : ittapi_config_apply_per_lib :  ITTAPI function not implemented: __itt_model_record_deallocation
31259 : 0x30b88c33c972 : 2 : ittapi_config_apply_per_lib :  ITTAPI function not implemented: __itt_model_induction_uses
31259 : 0x30b88c33e091 : 2 : ittapi_config_apply_per_lib :  ITTAPI function not implemented: __itt_model_reduction_uses
31259 : 0x30b88c33f9c5 : 2 : ittapi_config_apply_per_lib :  ITTAPI function not implemented: __itt_model_observe_uses
31259 : 0x30b88c34129f : 2 : ittapi_config_apply_per_lib :  ITTAPI function not implemented: __itt_model_clear_uses
31259 : 0x30b88c342c7a : 2 : ittapi_config_apply_per_lib :  ITTAPI function not implemented: __itt_model_site_beginA
31259 : 0x30b88c3445a9 : 2 : ittapi_config_apply_per_lib :  ITTAPI function not implemented: __itt_model_site_beginAL
31259 : 0x30b88c35256f : 2 : ittapi_config_apply_per_lib :  ITTAPI function not implemented: __itt_model_task_beginA
31259 : 0x30b88c3547a2 : 2 : ittapi_config_apply_per_lib :  ITTAPI function not implemented: __itt_model_task_beginAL
31259 : 0x30b88c35616d : 2 : ittapi_config_apply_per_lib :  ITTAPI function not implemented: __itt_model_iteration_taskA
31259 : 0x30b88c357955 : 2 : ittapi_config_apply_per_lib :  ITTAPI function not implemented: __itt_model_iteration_taskAL
31259 : 0x30b88c359124 : 2 : ittapi_config_apply_per_lib :  ITTAPI function not implemented: __itt_model_site_end_2
31259 : 0x30b88c35a733 : 2 : ittapi_config_apply_per_lib :  ITTAPI function not implemented: __itt_model_task_end_2
31259 : 0x30b88c35c163 : 2 : ittapi_config_apply_per_lib :  ITTAPI function not implemented: __itt_model_lock_acquire_2
31259 : 0x30b88c35db1a : 2 : ittapi_config_apply_per_lib :  ITTAPI function not implemented: __itt_model_lock_release_2
31259 : 0x30b88c35f216 : 2 : ittapi_config_apply_per_lib :  ITTAPI function not implemented: __itt_model_aggregate_task
31259 : 0x30b88c360934 : 2 : ittapi_config_apply_per_lib :  ITTAPI function not implemented: __itt_model_disable_push
31259 : 0x30b88c36887d : 2 : ittapi_config_apply_per_lib :  ITTAPI function not implemented: __itt_model_disable_pop
31259 : 0x30b88c36a4e1 : 2 : ittapi_config_apply_per_lib :  ITTAPI function instrumented: __itt_heap_function_create
31259 : 0x30b88c36bbfb : 2 : ittapi_config_apply_per_lib :  ITTAPI function instrumented: __itt_heap_allocate_begin
31259 : 0x30b88c36cea2 : 2 : ittapi_config_apply_per_lib :  ITTAPI function instrumented: __itt_heap_allocate_end
31259 : 0x30b88c36e4a1 : 2 : ittapi_config_apply_per_lib :  ITTAPI function instrumented: __itt_heap_free_begin
31259 : 0x30b88c36f7c1 : 2 : ittapi_config_apply_per_lib :  ITTAPI function instrumented: __itt_heap_free_end
31259 : 0x30b88c370ccf : 2 : ittapi_config_apply_per_lib :  ITTAPI function instrumented: __itt_heap_reallocate_begin
31259 : 0x30b88c372191 : 2 : ittapi_config_apply_per_lib :  ITTAPI function instrumented: __itt_heap_reallocate_end
31259 : 0x30b88c373983 : 2 : ittapi_config_apply_per_lib :  ITTAPI function not implemented: __itt_heap_internal_access_begin
31259 : 0x30b88c375716 : 2 : ittapi_config_apply_per_lib :  ITTAPI function not implemented: __itt_heap_internal_access_end
31259 : 0x30b88c37d219 : 2 : ittapi_config_apply_per_lib :  ITTAPI function not implemented: __itt_heap_record_memory_growth_begin
31259 : 0x30b88c37f0ee : 2 : ittapi_config_apply_per_lib :  ITTAPI function not implemented: __itt_heap_record_memory_growth_end
31259 : 0x30b88c380b4c : 2 : ittapi_config_apply_per_lib :  ITTAPI function not implemented: __itt_heap_reset_detection
31259 : 0x30b88c38268c : 2 : ittapi_config_apply_per_lib :  ITTAPI function not implemented: __itt_heap_record
31259 : 0x30b88c383e6a : 2 : ittapi_config_apply_per_lib :  ITTAPI function not implemented: __itt_id_create
31259 : 0x30b88c38574e : 2 : ittapi_config_apply_per_lib :  ITTAPI function not implemented: __itt_id_destroy
31259 : 0x30b88c386e53 : 2 : ittapi_config_apply_per_lib :  ITTAPI function instrumented: __itt_get_timestamp
31259 : 0x30b88c388544 : 2 : ittapi_config_apply_per_lib :  ITTAPI function not implemented: __itt_region_begin
31259 : 0x30b88c389bd1 : 2 : ittapi_config_apply_per_lib :  ITTAPI function not implemented: __itt_region_end
31259 : 0x30b88c38b0f3 : 2 : ittapi_config_apply_per_lib :  ITTAPI function instrumented: __itt_frame_begin_v3
31259 : 0x30b88c3953f2 : 2 : ittapi_config_apply_per_lib :  ITTAPI function instrumented: __itt_frame_end_v3
31259 : 0x30b88c396e72 : 2 : ittapi_config_apply_per_lib :  ITTAPI function instrumented: __itt_frame_submit_v3
31259 : 0x30b88c397d11 : 2 : ittapi_config_apply_per_lib :  ITTAPI function NOT instrumented (not matched by --itt-config option): __itt_task_group

31259 : 0x30b88c398b87 : 2 : ittapi_config_apply_per_lib :  ITTAPI function NOT instrumented (not matched by --itt-config option): __itt_task_begin

31259 : 0x30b88c399bfa : 2 : ittapi_config_apply_per_lib :  ITTAPI function NOT instrumented (not matched by --itt-config option): __itt_task_begin_fn

31259 : 0x30b88c39ab30 : 2 : ittapi_config_apply_per_lib :  ITTAPI function NOT instrumented (not matched by --itt-config option): __itt_task_end

31259 : 0x30b88c39bafc : 2 : ittapi_config_apply_per_lib :  ITTAPI function NOT instrumented (not matched by --itt-config option): __itt_counter_inc_v3

31259 : 0x30b88c39cd85 : 2 : ittapi_config_apply_per_lib :  ITTAPI function NOT instrumented (not matched by --itt-config option): __itt_counter_inc_delta_v3

31259 : 0x30b88c39ea08 : 2 : ittapi_config_apply_per_lib :  ITTAPI function not implemented: __itt_marker
31259 : 0x30b88c3a03d9 : 2 : ittapi_config_apply_per_lib :  ITTAPI function instrumented: __itt_metadata_add
31259 : 0x30b88c3a81fd : 2 : ittapi_config_apply_per_lib :  ITTAPI function not implemented: __itt_metadata_str_add
31259 : 0x30b88c3aa0e6 : 2 : ittapi_config_apply_per_lib :  ITTAPI function not implemented: __itt_relation_add_to_current
31259 : 0x30b88c3aba52 : 2 : ittapi_config_apply_per_lib :  ITTAPI function not implemented: __itt_relation_add
31259 : 0x30b88c3acf0f : 2 : ittapi_config_apply_per_lib :  ITTAPI function instrumented: __itt_event_create
31259 : 0x30b88c3ade90 : 2 : ittapi_config_apply_per_lib :  ITTAPI function NOT instrumented (not matched by --itt-config option): __itt_event_start

31259 : 0x30b88c3aed8f : 2 : ittapi_config_apply_per_lib :  ITTAPI function NOT instrumented (not matched by --itt-config option): __itt_event_end

31259 : 0x30b88c3afbdc : 2 : ittapi_config_apply_per_lib :  ITTAPI function NOT instrumented (not matched by --itt-config option): __itt_sync_set_name

31259 : 0x30b88c3b0be6 : 2 : ittapi_config_apply_per_lib :  ITTAPI function NOT instrumented (not matched by --itt-config option): __itt_notify_sync_name

31259 : 0x30b88c3b1d82 : 2 : ittapi_config_apply_per_lib :  ITTAPI function NOT instrumented (not matched by --itt-config option): __itt_notify_sync_prepare

31259 : 0x30b88c3b2c5d : 2 : ittapi_config_apply_per_lib :  ITTAPI function NOT instrumented (not matched by --itt-config option): __itt_notify_sync_cancel

31259 : 0x30b88c3b9464 : 2 : ittapi_config_apply_per_lib :  ITTAPI function NOT instrumented (not matched by --itt-config option): __itt_notify_sync_acquired

31259 : 0x30b88c3ba907 : 2 : ittapi_config_apply_per_lib :  ITTAPI function NOT instrumented (not matched by --itt-config option): __itt_notify_sync_releasing

31259 : 0x30b88c3bc769 : 2 : ittapi_config_apply_per_lib :  ITTAPI function not implemented: __itt_memory_read
31259 : 0x30b88c3be258 : 2 : ittapi_config_apply_per_lib :  ITTAPI function not implemented: __itt_memory_write
31259 : 0x30b88c3bfadc : 2 : ittapi_config_apply_per_lib :  ITTAPI function not implemented: __itt_memory_update
31259 : 0x30b88c3c14da : 2 : ittapi_config_apply_per_lib :  ITTAPI function not implemented: __itt_state_get
31259 : 0x30b88c3c29a7 : 2 : ittapi_config_apply_per_lib :  ITTAPI function not implemented: __itt_state_set
31259 : 0x30b88c3c3f23 : 2 : ittapi_config_apply_per_lib :  ITTAPI function not implemented: __itt_obj_mode_set
31259 : 0x30b88c3c5564 : 2 : ittapi_config_apply_per_lib :  ITTAPI function not implemented: __itt_thr_mode_set
31259 : 0x30b88c3c67e8 : 2 : ittapi_config_apply_per_lib :  ITTAPI function instrumented: __itt_frame_create
31259 : 0x30b88c3d0065 : 2 : ittapi_config_apply_per_lib :  ITTAPI function instrumented: __itt_frame_begin
31259 : 0x30b88c3d19ef : 2 : ittapi_config_apply_per_lib :  ITTAPI function instrumented: __itt_frame_end
31259 : 0x30b88c3d2eca : 2 : ittapi_config_apply_per_lib :  ITTAPI function instrumented: __itt_counter_create
31259 : 0x30b88c3d3ea6 : 2 : ittapi_config_apply_per_lib :  ITTAPI function NOT instrumented (not matched by --itt-config option): __itt_counter_destroy

31259 : 0x30b88c3d50e3 : 2 : ittapi_config_apply_per_lib :  ITTAPI function NOT instrumented (not matched by --itt-config option): __itt_counter_inc

31259 : 0x30b88c3d60e7 : 2 : ittapi_config_apply_per_lib :  ITTAPI function NOT instrumented (not matched by --itt-config option): __itt_counter_inc_delta

31259 : 0x30b88c3d7a90 : 2 : ittapi_config_apply_per_lib :  ITTAPI function not implemented: __itt_mark_create
31259 : 0x30b88c3d9451 : 2 : ittapi_config_apply_per_lib :  ITTAPI function not implemented: __itt_mark
31259 : 0x30b88c3dae54 : 2 : ittapi_config_apply_per_lib :  ITTAPI function not implemented: __itt_mark_off
31259 : 0x30b88c3dc591 : 2 : ittapi_config_apply_per_lib :  ITTAPI function not implemented: __itt_mark_global
31259 : 0x30b88c3e4543 : 2 : ittapi_config_apply_per_lib :  ITTAPI function not implemented: __itt_mark_global_off
31259 : 0x30b88c3e64f6 : 2 : ittapi_config_apply_per_lib :  ITTAPI function instrumented: __itt_stack_caller_create
31259 : 0x30b88c3e7a63 : 2 : ittapi_config_apply_per_lib :  ITTAPI function instrumented: __itt_stack_caller_destroy
31259 : 0x30b88c3e909f : 2 : ittapi_config_apply_per_lib :  ITTAPI function instrumented: __itt_stack_callee_enter
31259 : 0x30b88c3ea40b : 2 : ittapi_config_apply_per_lib :  ITTAPI function instrumented: __itt_stack_callee_leave
31259 : 0x30b88c3ebade : 2 : ittapi_config_apply_per_lib :  ITTAPI function not implemented: __itt_clock_domain_create
31259 : 0x30b88c3ed578 : 2 : ittapi_config_apply_per_lib :  ITTAPI function not implemented: __itt_clock_domain_reset
31259 : 0x30b88c3eead6 : 2 : ittapi_config_apply_per_lib :  ITTAPI function not implemented: __itt_id_create_ex
31259 : 0x30b88c3f03d8 : 2 : ittapi_config_apply_per_lib :  ITTAPI function not implemented: __itt_id_destroy_ex
31259 : 0x30b88c3f1331 : 2 : ittapi_config_apply_per_lib :  ITTAPI function NOT instrumented (not matched by --itt-config option): __itt_task_begin_ex

31259 : 0x30b88c3f7cfd : 2 : ittapi_config_apply_per_lib :  ITTAPI function NOT instrumented (not matched by --itt-config option): __itt_task_begin_fn_ex

31259 : 0x30b88c3f8f72 : 2 : ittapi_config_apply_per_lib :  ITTAPI function NOT instrumented (not matched by --itt-config option): __itt_task_end_ex

31259 : 0x30b88c3f9e89 : 2 : ittapi_config_apply_per_lib :  ITTAPI function NOT instrumented (not matched by --itt-config option): __itt_task_begin_overlapped

31259 : 0x30b88c3face1 : 2 : ittapi_config_apply_per_lib :  ITTAPI function NOT instrumented (not matched by --itt-config option): __itt_task_begin_overlapped_ex

31259 : 0x30b88c3fbaa2 : 2 : ittapi_config_apply_per_lib :  ITTAPI function NOT instrumented (not matched by --itt-config option): __itt_task_end_overlapped

31259 : 0x30b88c3fcbd4 : 2 : ittapi_config_apply_per_lib :  ITTAPI function NOT instrumented (not matched by --itt-config option): __itt_task_end_overlapped_ex

31259 : 0x30b88c3feab9 : 2 : ittapi_config_apply_per_lib :  ITTAPI function not implemented: __itt_marker_ex
31259 : 0x30b88c40080f : 2 : ittapi_config_apply_per_lib :  ITTAPI function not implemented: __itt_metadata_add_with_scope
31259 : 0x30b88c4022ae : 2 : ittapi_config_apply_per_lib :  ITTAPI function not implemented: __itt_metadata_str_add_with_scope
31259 : 0x30b88c403c38 : 2 : ittapi_config_apply_per_lib :  ITTAPI function not implemented: __itt_relation_add_to_current_ex
31259 : 0x30b88c40b2c4 : 2 : ittapi_config_apply_per_lib :  ITTAPI function not implemented: __itt_relation_add_ex
31259 : 0x30b88c40d4bf : 2 : ittapi_config_apply_per_lib :  ITTAPI function not implemented: __itt_track_group_create
31259 : 0x30b88c40ed52 : 2 : ittapi_config_apply_per_lib :  ITTAPI function not implemented: __itt_track_create
31259 : 0x30b88c41074b : 2 : ittapi_config_apply_per_lib :  ITTAPI function not implemented: __itt_set_track
31259 : 0x30b88c411e23 : 2 : ittapi_config_apply_per_lib :  ITTAPI function instrumented: __itt_api_version
31259 : 0x30b88c413583 : 2 : ittapi_config_apply_per_lib :  ITTAPI function not implemented: __itt_av_save
31259 : 0x30b88c6a070b : 2 : ittapi_config_mask_get :  --itt-config mask to be applied: 17
31259 : 0x30b88c6a3e6e : 2 : ittapi_config_apply_per_lib :  ITTAPI function instrumented: __itt_domain_create
31259 : 0x30b88c6a559c : 2 : ittapi_config_apply_per_lib :  ITTAPI function instrumented: __itt_string_handle_create
31259 : 0x30b88c6a6cba : 2 : ittapi_config_apply_per_lib :  ITTAPI function instrumented: __itt_pause
31259 : 0x30b88c6b7b6e : 2 : ittapi_config_apply_per_lib :  ITTAPI function instrumented: __itt_resume
31259 : 0x30b88c6b9998 : 2 : ittapi_config_apply_per_lib :  ITTAPI function instrumented: __itt_thread_set_name
31259 : 0x30b88c6bb0c5 : 2 : ittapi_config_apply_per_lib :  ITTAPI function instrumented: __itt_thread_ignore
31259 : 0x30b88c6bc50a : 2 : ittapi_config_apply_per_lib :  ITTAPI function instrumented: __itt_thr_name_set
31259 : 0x30b88c6bda1c : 2 : ittapi_config_apply_per_lib :  ITTAPI function instrumented: __itt_thr_ignore
31259 : 0x30b88c6bfa75 : 2 : ittapi_config_apply_per_lib :  ITTAPI function not implemented: __itt_enable_attach
31259 : 0x30b88c6c0b66 : 2 : ittapi_config_apply_per_lib :  ITTAPI function NOT instrumented (not matched by --itt-config option): __itt_sync_create

31259 : 0x30b88c6c1d0c : 2 : ittapi_config_apply_per_lib :  ITTAPI function NOT instrumented (not matched by --itt-config option): __itt_sync_rename

31259 : 0x30b88c6c2cd9 : 2 : ittapi_config_apply_per_lib :  ITTAPI function NOT instrumented (not matched by --itt-config option): __itt_sync_destroy

31259 : 0x30b88c6c3ca1 : 2 : ittapi_config_apply_per_lib :  ITTAPI function NOT instrumented (not matched by --itt-config option): __itt_sync_prepare

31259 : 0x30b88c6cb1ae : 2 : ittapi_config_apply_per_lib :  ITTAPI function NOT instrumented (not matched by --itt-config option): __itt_sync_cancel

31259 : 0x30b88c6cc49c : 2 : ittapi_config_apply_per_lib :  ITTAPI function NOT instrumented (not matched by --itt-config option): __itt_sync_acquired

31259 : 0x30b88c6cd3f4 : 2 : ittapi_config_apply_per_lib :  ITTAPI function NOT instrumented (not matched by --itt-config option): __itt_sync_releasing

31259 : 0x30b88c6cf89c : 2 : ittapi_config_apply_per_lib :  ITTAPI function not implemented: __itt_suppress_push
31259 : 0x30b88c6d1822 : 2 : ittapi_config_apply_per_lib :  ITTAPI function not implemented: __itt_suppress_pop
31259 : 0x30b88c6d3440 : 2 : ittapi_config_apply_per_lib :  ITTAPI function not implemented: __itt_suppress_mark_range
31259 : 0x30b88c6d4e7a : 2 : ittapi_config_apply_per_lib :  ITTAPI function not implemented: __itt_suppress_clear_range
31259 : 0x30b88c6d5dd3 : 2 : ittapi_config_apply_per_lib :  ITTAPI function NOT instrumented (not matched by --itt-config option): __itt_sync_prepare

31259 : 0x30b88c6d6c2b : 2 : ittapi_config_apply_per_lib :  ITTAPI function NOT instrumented (not matched by --itt-config option): __itt_sync_cancel

31259 : 0x30b88c6d7a37 : 2 : ittapi_config_apply_per_lib :  ITTAPI function NOT instrumented (not matched by --itt-config option): __itt_sync_acquired

31259 : 0x30b88c6de96d : 2 : ittapi_config_apply_per_lib :  ITTAPI function NOT instrumented (not matched by --itt-config option): __itt_sync_releasing

31259 : 0x30b88c6e0ddd : 2 : ittapi_config_apply_per_lib :  ITTAPI function not implemented: __itt_model_site_begin
31259 : 0x30b88c6e2896 : 2 : ittapi_config_apply_per_lib :  ITTAPI function not implemented: __itt_model_site_end
31259 : 0x30b88c6e4412 : 2 : ittapi_config_apply_per_lib :  ITTAPI function not implemented: __itt_model_task_begin
31259 : 0x30b88c6e5ded : 2 : ittapi_config_apply_per_lib :  ITTAPI function not implemented: __itt_model_task_end
31259 : 0x30b88c6e75b7 : 2 : ittapi_config_apply_per_lib :  ITTAPI function not implemented: __itt_model_lock_acquire
31259 : 0x30b88c6e8d49 : 2 : ittapi_config_apply_per_lib :  ITTAPI function not implemented: __itt_model_lock_release
31259 : 0x30b88c6ea4ff : 2 : ittapi_config_apply_per_lib :  ITTAPI function not implemented: __itt_model_record_allocation
31259 : 0x30b88c6ebd74 : 2 : ittapi_config_apply_per_lib :  ITTAPI function not implemented: __itt_model_record_deallocation
31259 : 0x30b88c6ed57a : 2 : ittapi_config_apply_per_lib :  ITTAPI function not implemented: __itt_model_induction_uses
31259 : 0x30b88c6f7bd1 : 2 : ittapi_config_apply_per_lib :  ITTAPI function not implemented: __itt_model_reduction_uses
31259 : 0x30b88c6f9c8f : 2 : ittapi_config_apply_per_lib :  ITTAPI function not implemented: __itt_model_observe_uses
31259 : 0x30b88c6fb5aa : 2 : ittapi_config_apply_per_lib :  ITTAPI function not implemented: __itt_model_clear_uses
31259 : 0x30b88c6fd12c : 2 : ittapi_config_apply_per_lib :  ITTAPI function not implemented: __itt_model_site_beginA
31259 : 0x30b88c6feaa7 : 2 : ittapi_config_apply_per_lib :  ITTAPI function not implemented: __itt_model_site_beginAL
31259 : 0x30b88c7002ea : 2 : ittapi_config_apply_per_lib :  ITTAPI function not implemented: __itt_model_task_beginA
31259 : 0x30b88c701bb9 : 2 : ittapi_config_apply_per_lib :  ITTAPI function not implemented: __itt_model_task_beginAL
31259 : 0x30b88c703351 : 2 : ittapi_config_apply_per_lib :  ITTAPI function not implemented: __itt_model_iteration_taskA
31259 : 0x30b88c704d30 : 2 : ittapi_config_apply_per_lib :  ITTAPI function not implemented: __itt_model_iteration_taskAL
31259 : 0x30b88c70637b : 2 : ittapi_config_apply_per_lib :  ITTAPI function not implemented: __itt_model_site_end_2
31259 : 0x30b88c70dc91 : 2 : ittapi_config_apply_per_lib :  ITTAPI function not implemented: __itt_model_task_end_2
31259 : 0x30b88c70fc4e : 2 : ittapi_config_apply_per_lib :  ITTAPI function not implemented: __itt_model_lock_acquire_2
31259 : 0x30b88c7115f1 : 2 : ittapi_config_apply_per_lib :  ITTAPI function not implemented: __itt_model_lock_release_2
31259 : 0x30b88c713003 : 2 : ittapi_config_apply_per_lib :  ITTAPI function not implemented: __itt_model_aggregate_task
31259 : 0x30b88c7147cd : 2 : ittapi_config_apply_per_lib :  ITTAPI function not implemented: __itt_model_disable_push
31259 : 0x30b88c716120 : 2 : ittapi_config_apply_per_lib :  ITTAPI function not implemented: __itt_model_disable_pop
31259 : 0x30b88c7176f7 : 2 : ittapi_config_apply_per_lib :  ITTAPI function instrumented: __itt_heap_function_create
31259 : 0x30b88c718dd9 : 2 : ittapi_config_apply_per_lib :  ITTAPI function instrumented: __itt_heap_allocate_begin
31259 : 0x30b88c71a1ae : 2 : ittapi_config_apply_per_lib :  ITTAPI function instrumented: __itt_heap_allocate_end
31259 : 0x30b88c71b5ac : 2 : ittapi_config_apply_per_lib :  ITTAPI function instrumented: __itt_heap_free_begin
31259 : 0x30b88c72266f : 2 : ittapi_config_apply_per_lib :  ITTAPI function instrumented: __itt_heap_free_end
31259 : 0x30b88c723cc9 : 2 : ittapi_config_apply_per_lib :  ITTAPI function instrumented: __itt_heap_reallocate_begin
31259 : 0x30b88c724f8a : 2 : ittapi_config_apply_per_lib :  ITTAPI function instrumented: __itt_heap_reallocate_end
31259 : 0x30b88c726982 : 2 : ittapi_config_apply_per_lib :  ITTAPI function not implemented: __itt_heap_internal_access_begin
31259 : 0x30b88c7282c6 : 2 : ittapi_config_apply_per_lib :  ITTAPI function not implemented: __itt_heap_internal_access_end
31259 : 0x30b88c729bb4 : 2 : ittapi_config_apply_per_lib :  ITTAPI function not implemented: __itt_heap_record_memory_growth_begin
31259 : 0x30b88c72b332 : 2 : ittapi_config_apply_per_lib :  ITTAPI function not implemented: __itt_heap_record_memory_growth_end
31259 : 0x30b88c72cb6b : 2 : ittapi_config_apply_per_lib :  ITTAPI function not implemented: __itt_heap_reset_detection
31259 : 0x30b88c72e1cf : 2 : ittapi_config_apply_per_lib :  ITTAPI function not implemented: __itt_heap_record
31259 : 0x30b88c72f87a : 2 : ittapi_config_apply_per_lib :  ITTAPI function not implemented: __itt_id_create
31259 : 0x30b88c739ec7 : 2 : ittapi_config_apply_per_lib :  ITTAPI function not implemented: __itt_id_destroy
31259 : 0x30b88c73bbc2 : 2 : ittapi_config_apply_per_lib :  ITTAPI function instrumented: __itt_get_timestamp
31259 : 0x30b88c73d2e1 : 2 : ittapi_config_apply_per_lib :  ITTAPI function not implemented: __itt_region_begin
31259 : 0x30b88c73e8d1 : 2 : ittapi_config_apply_per_lib :  ITTAPI function not implemented: __itt_region_end
31259 : 0x30b88c73fd9d : 2 : ittapi_config_apply_per_lib :  ITTAPI function instrumented: __itt_frame_begin_v3
31259 : 0x30b88c74136a : 2 : ittapi_config_apply_per_lib :  ITTAPI function instrumented: __itt_frame_end_v3
31259 : 0x30b88c74278b : 2 : ittapi_config_apply_per_lib :  ITTAPI function instrumented: __itt_frame_submit_v3
31259 : 0x30b88c74368e : 2 : ittapi_config_apply_per_lib :  ITTAPI function NOT instrumented (not matched by --itt-config option): __itt_task_group

31259 : 0x30b88c74464c : 2 : ittapi_config_apply_per_lib :  ITTAPI function NOT instrumented (not matched by --itt-config option): __itt_task_begin

31259 : 0x30b88c745458 : 2 : ittapi_config_apply_per_lib :  ITTAPI function NOT instrumented (not matched by --itt-config option): __itt_task_begin_fn

31259 : 0x30b88c74c077 : 2 : ittapi_config_apply_per_lib :  ITTAPI function NOT instrumented (not matched by --itt-config option): __itt_task_end

31259 : 0x30b88c74d447 : 2 : ittapi_config_apply_per_lib :  ITTAPI function NOT instrumented (not matched by --itt-config option): __itt_counter_inc_v3

31259 : 0x30b88c74e4dd : 2 : ittapi_config_apply_per_lib :  ITTAPI function NOT instrumented (not matched by --itt-config option): __itt_counter_inc_delta_v3

31259 : 0x30b88c74ffd2 : 2 : ittapi_config_apply_per_lib :  ITTAPI function not implemented: __itt_marker
31259 : 0x30b88c7519f3 : 2 : ittapi_config_apply_per_lib :  ITTAPI function instrumented: __itt_metadata_add
31259 : 0x30b88c753337 : 2 : ittapi_config_apply_per_lib :  ITTAPI function not implemented: __itt_metadata_str_add
31259 : 0x30b88c754ba2 : 2 : ittapi_config_apply_per_lib :  ITTAPI function not implemented: __itt_relation_add_to_current
31259 : 0x30b88c756233 : 2 : ittapi_config_apply_per_lib :  ITTAPI function not implemented: __itt_relation_add
31259 : 0x30b88c7574cb : 2 : ittapi_config_apply_per_lib :  ITTAPI function instrumented: __itt_event_create
31259 : 0x30b88c7582ec : 2 : ittapi_config_apply_per_lib :  ITTAPI function NOT instrumented (not matched by --itt-config option): __itt_event_start

31259 : 0x30b88c75eb2a : 2 : ittapi_config_apply_per_lib :  ITTAPI function NOT instrumented (not matched by --itt-config option): __itt_event_end

31259 : 0x30b88c75fe04 : 2 : ittapi_config_apply_per_lib :  ITTAPI function NOT instrumented (not matched by --itt-config option): __itt_sync_set_name

31259 : 0x30b88c760cda : 2 : ittapi_config_apply_per_lib :  ITTAPI function NOT instrumented (not matched by --itt-config option): __itt_notify_sync_name

31259 : 0x30b88c761c42 : 2 : ittapi_config_apply_per_lib :  ITTAPI function NOT instrumented (not matched by --itt-config option): __itt_notify_sync_prepare

31259 : 0x30b88c762afe : 2 : ittapi_config_apply_per_lib :  ITTAPI function NOT instrumented (not matched by --itt-config option): __itt_notify_sync_cancel

31259 : 0x30b88c763a57 : 2 : ittapi_config_apply_per_lib :  ITTAPI function NOT instrumented (not matched by --itt-config option): __itt_notify_sync_acquired

31259 : 0x30b88c764923 : 2 : ittapi_config_apply_per_lib :  ITTAPI function NOT instrumented (not matched by --itt-config option): __itt_notify_sync_releasing

31259 : 0x30b88c7664f0 : 2 : ittapi_config_apply_per_lib :  ITTAPI function not implemented: __itt_memory_read
31259 : 0x30b88c767e02 : 2 : ittapi_config_apply_per_lib :  ITTAPI function not implemented: __itt_memory_write
31259 : 0x30b88c7696a4 : 2 : ittapi_config_apply_per_lib :  ITTAPI function not implemented: __itt_memory_update
31259 : 0x30b88c770e72 : 2 : ittapi_config_apply_per_lib :  ITTAPI function not implemented: __itt_state_get
31259 : 0x30b88c7729d1 : 2 : ittapi_config_apply_per_lib :  ITTAPI function not implemented: __itt_state_set
31259 : 0x30b88c773f94 : 2 : ittapi_config_apply_per_lib :  ITTAPI function not implemented: __itt_obj_mode_set
31259 : 0x30b88c7756c7 : 2 : ittapi_config_apply_per_lib :  ITTAPI function not implemented: __itt_thr_mode_set
31259 : 0x30b88c776aa6 : 2 : ittapi_config_apply_per_lib :  ITTAPI function instrumented: __itt_frame_create
31259 : 0x30b88c7780dd : 2 : ittapi_config_apply_per_lib :  ITTAPI function instrumented: __itt_frame_begin
31259 : 0x30b88c77954e : 2 : ittapi_config_apply_per_lib :  ITTAPI function instrumented: __itt_frame_end
31259 : 0x30b88c77a8e7 : 2 : ittapi_config_apply_per_lib :  ITTAPI function instrumented: __itt_counter_create
31259 : 0x30b88c77b8eb : 2 : ittapi_config_apply_per_lib :  ITTAPI function NOT instrumented (not matched by --itt-config option): __itt_counter_destroy

31259 : 0x30b88c77c7ef : 2 : ittapi_config_apply_per_lib :  ITTAPI function NOT instrumented (not matched by --itt-config option): __itt_counter_inc

31259 : 0x30b88c785a2f : 2 : ittapi_config_apply_per_lib :  ITTAPI function NOT instrumented (not matched by --itt-config option): __itt_counter_inc_delta

31259 : 0x30b88c787be8 : 2 : ittapi_config_apply_per_lib :  ITTAPI function not implemented: __itt_mark_create
31259 : 0x30b88c7895c8 : 2 : ittapi_config_apply_per_lib :  ITTAPI function not implemented: __itt_mark
31259 : 0x30b88c78ad6a : 2 : ittapi_config_apply_per_lib :  ITTAPI function not implemented: __itt_mark_off
31259 : 0x30b88c78c3ce : 2 : ittapi_config_apply_per_lib :  ITTAPI function not implemented: __itt_mark_global
31259 : 0x30b88c78dbfc : 2 : ittapi_config_apply_per_lib :  ITTAPI function not implemented: __itt_mark_global_off
31259 : 0x30b88c78f5cd : 2 : ittapi_config_apply_per_lib :  ITTAPI function instrumented: __itt_stack_caller_create
31259 : 0x30b88c790b49 : 2 : ittapi_config_apply_per_lib :  ITTAPI function instrumented: __itt_stack_caller_destroy
31259 : 0x30b88c792111 : 2 : ittapi_config_apply_per_lib :  ITTAPI function instrumented: __itt_stack_callee_enter
31259 : 0x30b88c7933cc : 2 : ittapi_config_apply_per_lib :  ITTAPI function instrumented: __itt_stack_callee_leave
31259 : 0x30b88c79aded : 2 : ittapi_config_apply_per_lib :  ITTAPI function not implemented: __itt_clock_domain_create
31259 : 0x30b88c79cc72 : 2 : ittapi_config_apply_per_lib :  ITTAPI function not implemented: __itt_clock_domain_reset
31259 : 0x30b88c79e2fe : 2 : ittapi_config_apply_per_lib :  ITTAPI function not implemented: __itt_id_create_ex
31259 : 0x30b88c79fcac : 2 : ittapi_config_apply_per_lib :  ITTAPI function not implemented: __itt_id_destroy_ex
31259 : 0x30b88c7a0bdc : 2 : ittapi_config_apply_per_lib :  ITTAPI function NOT instrumented (not matched by --itt-config option): __itt_task_begin_ex

31259 : 0x30b88c7a1a4d : 2 : ittapi_config_apply_per_lib :  ITTAPI function NOT instrumented (not matched by --itt-config option): __itt_task_begin_fn_ex

31259 : 0x30b88c7a2864 : 2 : ittapi_config_apply_per_lib :  ITTAPI function NOT instrumented (not matched by --itt-config option): __itt_task_end_ex

31259 : 0x30b88c7a36a3 : 2 : ittapi_config_apply_per_lib :  ITTAPI function NOT instrumented (not matched by --itt-config option): __itt_task_begin_overlapped

31259 : 0x30b88c7a4537 : 2 : ittapi_config_apply_per_lib :  ITTAPI function NOT instrumented (not matched by --itt-config option): __itt_task_begin_overlapped_ex

31259 : 0x30b88c7a5252 : 2 : ittapi_config_apply_per_lib :  ITTAPI function NOT instrumented (not matched by --itt-config option): __itt_task_end_overlapped

31259 : 0x30b88c7abab8 : 2 : ittapi_config_apply_per_lib :  ITTAPI function NOT instrumented (not matched by --itt-config option): __itt_task_end_overlapped_ex

31259 : 0x30b88c7adda0 : 2 : ittapi_config_apply_per_lib :  ITTAPI function not implemented: __itt_marker_ex
31259 : 0x30b88c7af927 : 2 : ittapi_config_apply_per_lib :  ITTAPI function not implemented: __itt_metadata_add_with_scope
31259 : 0x30b88c7b1302 : 2 : ittapi_config_apply_per_lib :  ITTAPI function not implemented: __itt_metadata_str_add_with_scope
31259 : 0x30b88c7b2d92 : 2 : ittapi_config_apply_per_lib :  ITTAPI function not implemented: __itt_relation_add_to_current_ex
31259 : 0x30b88c7b462f : 2 : ittapi_config_apply_per_lib :  ITTAPI function not implemented: __itt_relation_add_ex
31259 : 0x30b88c7b5db2 : 2 : ittapi_config_apply_per_lib :  ITTAPI function not implemented: __itt_track_group_create
31259 : 0x30b88c7b73f8 : 2 : ittapi_config_apply_per_lib :  ITTAPI function not implemented: __itt_track_create
31259 : 0x30b88c7b89c5 : 2 : ittapi_config_apply_per_lib :  ITTAPI function not implemented: __itt_set_track
31259 : 0x30b88c7b9dcd : 2 : ittapi_config_apply_per_lib :  ITTAPI function instrumented: __itt_api_version
31259 : 0x30b88c7c3bc7 : 2 : ittapi_config_apply_per_lib :  ITTAPI function not implemented: __itt_av_save